[ 2018-05-28T20:24:39+08:00 ] 127.0.0.1 /Index/index
INFO: [ app_init ] --START--
INFO: Run Behavior\BuildLiteBehavior [ RunTime:0.000021s ]
INFO: [ app_init ] --END-- [ RunTime:0.000112s ]
INFO: [ app_begin ] --START--
INFO: Run Behavior\ReadHtmlCacheBehavior [ RunTime:0.001178s ]
INFO: [ app_begin ] --END-- [ RunTime:0.001281s ]
NOTIC: [8192] mysql_connect(): The mysql extension is deprecated and will be removed in the future: use mysqli or PDO instead D:\XAMPP\htdocs\vhost\yikai.train.com\ThinkPHP\Library\Think\Db\Driver\Mysql.class.php 第 52 行.
SQL: SHOW COLUMNS FROM `train_date01_seat` [ RunTime:0.002553s ]
SQL: SELECT * FROM `train_date01_seat`  [ RunTime:0.000692s ]
SQL: SHOW COLUMNS FROM `train_date02_seat` [ RunTime:0.002459s ]
SQL: SELECT * FROM `train_date02_seat`  [ RunTime:0.021215s ]
SQL: SHOW COLUMNS FROM `train_date03_seat` [ RunTime:0.002604s ]
SQL: SELECT * FROM `train_date03_seat`  [ RunTime:0.000573s ]
SQL: SHOW COLUMNS FROM `train_date04_seat` [ RunTime:0.000847s ]
SQL: SELECT * FROM `train_date04_seat`  [ RunTime:0.000570s ]
SQL: UPDATE `train_date04_seat` SET `date`='2018-06-03',`is_empty`=1,`sfz`=null WHERE `date` = '2018-05-27' [ RunTime:0.088061s ]
SQL: SHOW COLUMNS FROM `train_trains_info` [ RunTime:0.098893s ]
SQL: SELECT * FROM `train_trains_info` WHERE `begin_date` = '2018-05-27'  [ RunTime:0.000555s ]

[ 2018-05-28T20:26:35+08:00 ] 127.0.0.1 /Index/index
INFO: [ app_init ] --START--
INFO: Run Behavior\BuildLiteBehavior [ RunTime:0.000019s ]
INFO: [ app_init ] --END-- [ RunTime:0.000568s ]
INFO: [ app_begin ] --START--
INFO: Run Behavior\ReadHtmlCacheBehavior [ RunTime:0.001819s ]
INFO: [ app_begin ] --END-- [ RunTime:0.001979s ]
NOTIC: [8192] mysql_connect(): The mysql extension is deprecated and will be removed in the future: use mysqli or PDO instead D:\XAMPP\htdocs\vhost\yikai.train.com\ThinkPHP\Library\Think\Db\Driver\Mysql.class.php 第 52 行.
SQL: SHOW COLUMNS FROM `train_date01_seat` [ RunTime:0.004507s ]
SQL: SELECT * FROM `train_date01_seat`  [ RunTime:0.000716s ]
SQL: SHOW COLUMNS FROM `train_date02_seat` [ RunTime:0.001826s ]
SQL: SELECT * FROM `train_date02_seat`  [ RunTime:0.000671s ]
SQL: SHOW COLUMNS FROM `train_date03_seat` [ RunTime:0.003003s ]
SQL: SELECT * FROM `train_date03_seat`  [ RunTime:0.061630s ]
SQL: SHOW COLUMNS FROM `train_date04_seat` [ RunTime:0.003650s ]
SQL: SELECT * FROM `train_date04_seat`  [ RunTime:0.001214s ]
SQL: SHOW COLUMNS FROM `train_date05_seat` [ RunTime:0.000846s ]
SQL: SELECT * FROM `train_date05_seat`  [ RunTime:0.000754s ]
SQL: SHOW COLUMNS FROM `train_date06_seat` [ RunTime:0.002097s ]
SQL: SELECT * FROM `train_date06_seat`  [ RunTime:0.000525s ]
SQL: SHOW COLUMNS FROM `train_date07_seat` [ RunTime:0.002074s ]
SQL: SELECT * FROM `train_date07_seat`  [ RunTime:0.000480s ]
INFO: [ view_parse ] --START--
INFO: [ template_filter ] --START--
INFO: Run Behavior\ContentReplaceBehavior [ RunTime:0.000104s ]
INFO: [ template_filter ] --END-- [ RunTime:0.000154s ]
INFO: Run Behavior\ParseTemplateBehavior [ RunTime:0.014630s ]
INFO: [ view_parse ] --END-- [ RunTime:0.014691s ]
INFO: [ view_filter ] --START--
INFO: Run Behavior\WriteHtmlCacheBehavior [ RunTime:0.000524s ]
INFO: [ view_filter ] --END-- [ RunTime:0.000561s ]
INFO: [ app_end ] --START--
INFO: Run Behavior\ShowPageTraceBehavior [ RunTime:0.000867s ]
INFO: [ app_end ] --END-- [ RunTime:0.000924s ]

[ 2018-05-28T20:26:35+08:00 ] 127.0.0.1 /Public/Home/js/jquery-1.11.3.min.js
INFO: [ app_init ] --START--
INFO: Run Behavior\BuildLiteBehavior [ RunTime:0.000022s ]
INFO: [ app_init ] --END-- [ RunTime:0.000110s ]
INFO: [ app_begin ] --START--
INFO: Run Behavior\ReadHtmlCacheBehavior [ RunTime:0.000933s ]
INFO: [ app_begin ] --END-- [ RunTime:0.001016s ]
ERR: 无法加载控制器:Public

[ 2018-05-28T20:26:35+08:00 ] 127.0.0.1 /Public/Home/js/jquery-1.11.3.min.js
INFO: [ app_init ] --START--
INFO: Run Behavior\BuildLiteBehavior [ RunTime:0.000024s ]
INFO: [ app_init ] --END-- [ RunTime:0.000132s ]
INFO: [ app_begin ] --START--
INFO: Run Behavior\ReadHtmlCacheBehavior [ RunTime:0.001046s ]
INFO: [ app_begin ] --END-- [ RunTime:0.001208s ]
ERR: 无法加载控制器:Public

[ 2018-05-28T15:09:05+08:00 ] 127.0.0.1 /
INFO: [ app_init ] --START--
INFO: Run Behavior\BuildLiteBehavior [ RunTime:0.000022s ]
INFO: [ app_init ] --END-- [ RunTime:0.025662s ]
INFO: [ app_begin ] --START--
INFO: Run Behavior\ReadHtmlCacheBehavior [ RunTime:0.008232s ]
INFO: [ app_begin ] --END-- [ RunTime:0.008318s ]
NOTIC: [8192] mysql_connect(): The mysql extension is deprecated and will be removed in the future: use mysqli or PDO instead D:\XAMPP\htdocs\vhost\yikai.train.com\ThinkPHP\Library\Think\Db\Driver\Mysql.class.php 第 52 行.
SQL: SHOW COLUMNS FROM `train_date01_seat` [ RunTime:0.946160s ]
SQL: SELECT * FROM `train_date01_seat`  [ RunTime:0.024276s ]
SQL: UPDATE `train_date01_seat` SET `date`='2018-06-03',`is_empty`=1,`sfz`=null WHERE `date` = '2018-05-27' [ RunTime:0.215082s ]
SQL: SHOW COLUMNS FROM `train_trains_info` [ RunTime:0.043322s ]
SQL: SELECT * FROM `train_trains_info` WHERE `begin_date` = '2018-05-27'  [ RunTime:0.027345s ]
SQL: SHOW COLUMNS FROM `train_tourist` [ RunTime:0.069441s ]
SQL: SELECT * FROM `train_tourist` WHERE `trainId` = 97  [ RunTime:0.001186s ]
SQL: SELECT * FROM `train_tourist` WHERE `trainId` = 104  [ RunTime:0.000816s ]
SQL: SELECT * FROM `train_tourist` WHERE `trainId` = 105  [ RunTime:0.000685s ]
SQL: SELECT * FROM `train_tourist` WHERE `trainId` = 112  [ RunTime:0.000697s ]
SQL: UPDATE `train_date01_seat` SET `date`='2018-06-03',`is_empty`=1,`sfz`=null WHERE `date` = '2018-05-27' [ RunTime:0.000700s ]
SQL: SELECT * FROM `train_trains_info` WHERE `begin_date` = '2018-05-27'  [ RunTime:0.001199s ]
SQL: SELECT * FROM `train_tourist` WHERE `trainId` = 97  [ RunTime:0.000797s ]
SQL: SELECT * FROM `train_tourist` WHERE `trainId` = 104  [ RunTime:0.000787s ]
SQL: SELECT * FROM `train_tourist` WHERE `trainId` = 105  [ RunTime:0.000960s ]
SQL: SELECT * FROM `train_tourist` WHERE `trainId` = 112  [ RunTime:0.000704s ]
SQL: UPDATE `train_date01_seat` SET `date`='2018-06-03',`is_empty`=1,`sfz`=null WHERE `date` = '2018-05-27' [ RunTime:0.000955s ]
SQL: SELECT * FROM `train_trains_info` WHERE `begin_date` = '2018-05-27'  [ RunTime:0.001223s ]
SQL: SELECT * FROM `train_tourist` WHERE `trainId` = 97  [ RunTime:0.000692s ]
SQL: SELECT * FROM `train_tourist` WHERE `trainId` = 104  [ RunTime:0.000732s ]
SQL: SELECT * FROM `train_tourist` WHERE `trainId` = 105  [ RunTime:0.000835s ]
SQL: SELECT * FROM `train_tourist` WHERE `trainId` = 112  [ RunTime:0.000717s ]
SQL: UPDATE `train_date01_seat` SET `date`='2018-06-03',`is_empty`=1,`sfz`=null WHERE `date` = '2018-05-27' [ RunTime:0.000616s ]
SQL: SELECT * FROM `train_trains_info` WHERE `begin_date` = '2018-05-27'  [ RunTime:0.000882s ]
SQL: SELECT * FROM `train_tourist` WHERE `trainId` = 97  [ RunTime:0.000574s ]
SQL: SELECT * FROM `train_tourist` WHERE `trainId` = 104  [ RunTime:0.000547s ]
SQL: SELECT * FROM `train_tourist` WHERE `trainId` = 105  [ RunTime:0.000548s ]
SQL: SELECT * FROM `train_tourist` WHERE `trainId` = 112  [ RunTime:0.000565s ]
SQL: UPDATE `train_date01_seat` SET `date`='2018-06-03',`is_empty`=1,`sfz`=null WHERE `date` = '2018-05-27' [ RunTime:0.000778s ]
SQL: SELECT * FROM `train_trains_info` WHERE `begin_date` = '2018-05-27'  [ RunTime:0.001164s ]
SQL: SELECT * FROM `train_tourist` WHERE `trainId` = 97  [ RunTime:0.000847s ]
SQL: SELECT * FROM `train_tourist` WHERE `trainId` = 104  [ RunTime:0.000872s ]
SQL: SELECT * FROM `train_tourist` WHERE `trainId` = 105  [ RunTime:0.000777s ]
SQL: SELECT * FROM `train_tourist` WHERE `trainId` = 112  [ RunTime:0.000663s ]
SQL: UPDATE `train_date01_seat` SET `date`='2018-06-03',`is_empty`=1,`sfz`=null WHERE `date` = '2018-05-27' [ RunTime:0.000676s ]
SQL: SELECT * FROM `train_trains_info` WHERE `begin_date` = '2018-05-27'  [ RunTime:0.000906s ]
SQL: SELECT * FROM `train_tourist` WHERE `trainId` = 97  [ RunTime:0.000655s ]
SQL: SELECT * FROM `train_tourist` WHERE `trainId` = 104  [ RunTime:0.000787s ]
SQL: SELECT * FROM `train_tourist` WHERE `trainId` = 105  [ RunTime:0.000743s ]
SQL: SELECT * FROM `train_tourist` WHERE `trainId` = 112  [ RunTime:0.000712s ]
SQL: UPDATE `train_date01_seat` SET `date`='2018-06-03',`is_empty`=1,`sfz`=null WHERE `date` = '2018-05-27' [ RunTime:0.001007s ]
SQL: SELECT * FROM `train_trains_info` WHERE `begin_date` = '2018-05-27'  [ RunTime:0.002133s ]
SQL: SELECT * FROM `train_tourist` WHERE `trainId` = 97  [ RunTime:0.002273s ]
SQL: SELECT * FROM `train_tourist` WHERE `trainId` = 104  [ RunTime:0.001241s ]
SQL: SELECT * FROM `train_tourist` WHERE `trainId` = 105  [ RunTime:0.000969s ]
SQL: SELECT * FROM `train_tourist` WHERE `trainId` = 112  [ RunTime:0.000565s ]
SQL: UPDATE `train_date01_seat` SET `date`='2018-06-03',`is_empty`=1,`sfz`=null WHERE `date` = '2018-05-27' [ RunTime:0.000613s ]
SQL: SELECT * FROM `train_trains_info` WHERE `begin_date` = '2018-05-27'  [ RunTime:0.000744s ]
SQL: SELECT * FROM `train_tourist` WHERE `trainId` = 97  [ RunTime:0.000610s ]
SQL: SELECT * FROM `train_tourist` WHERE `trainId` = 104  [ RunTime:0.000530s ]
SQL: SELECT * FROM `train_tourist` WHERE `trainId` = 105  [ RunTime:0.000475s ]
SQL: SELECT * FROM `train_tourist` WHERE `trainId` = 112  [ RunTime:0.000464s ]
SQL: UPDATE `train_date01_seat` SET `date`='2018-06-03',`is_empty`=1,`sfz`=null WHERE `date` = '2018-05-27' [ RunTime:0.000442s ]
SQL: SELECT * FROM `train_trains_info` WHERE `begin_date` = '2018-05-27'  [ RunTime:0.000575s ]
SQL: SELECT * FROM `train_tourist` WHERE `trainId` = 97  [ RunTime:0.000317s ]
SQL: SELECT * FROM `train_tourist` WHERE `trainId` = 104  [ RunTime:0.000255s ]
SQL: SELECT * FROM `train_tourist` WHERE `trainId` = 105  [ RunTime:0.000267s ]
SQL: SELECT * FROM `train_tourist` WHERE `trainId` = 112  [ RunTime:0.000273s ]
SQL: UPDATE `train_date01_seat` SET `date`='2018-06-03',`is_empty`=1,`sfz`=null WHERE `date` = '2018-05-27' [ RunTime:0.000402s ]
SQL: SELECT * FROM `train_trains_info` WHERE `begin_date` = '2018-05-27'  [ RunTime:0.000590s ]
SQL: SELECT * FROM `train_tourist` WHERE `trainId` = 97  [ RunTime:0.000337s ]
SQL: SELECT * FROM `train_tourist` WHERE `trainId` = 104  [ RunTime:0.000280s ]
SQL: SELECT * FROM `train_tourist` WHERE `trainId` = 105  [ RunTime:0.000228s ]
SQL: SELECT * FROM `train_tourist` WHERE `trainId` = 112  [ RunTime:0.000215s ]
SQL: UPDATE `train_date01_seat` SET `date`='2018-06-03',`is_empty`=1,`sfz`=null WHERE `date` = '2018-05-27' [ RunTime:0.000258s ]
SQL: SELECT * FROM `train_trains_info` WHERE `begin_date` = '2018-05-27'  [ RunTime:0.000329s ]
SQL: SELECT * FROM `train_tourist` WHERE `trainId` = 97  [ RunTime:0.000214s ]
SQL: SELECT * FROM `train_tourist` WHERE `trainId` = 104  [ RunTime:0.000208s ]
SQL: SELECT * FROM `train_tourist` WHERE `trainId` = 105  [ RunTime:0.000198s ]
SQL: SELECT * FROM `train_tourist` WHERE `trainId` = 112  [ RunTime:0.000195s ]
SQL: UPDATE `train_date01_seat` SET `date`='2018-06-03',`is_empty`=1,`sfz`=null WHERE `date` = '2018-05-27' [ RunTime:0.000230s ]
SQL: SELECT * FROM `train_trains_info` WHERE `begin_date` = '2018-05-27'  [ RunTime:0.000322s ]
SQL: SELECT * FROM `train_tourist` WHERE `trainId` = 97  [ RunTime:0.000272s ]
SQL: SELECT * FROM `train_tourist` WHERE `trainId` = 104  [ RunTime:0.000218s ]
SQL: SELECT * FROM `train_tourist` WHERE `trainId` = 105  [ RunTime:0.000218s ]
SQL: SELECT * FROM `train_tourist` WHERE `trainId` = 112  [ RunTime:0.000264s ]
SQL: UPDATE `train_date01_seat` SET `date`='2018-06-03',`is_empty`=1,`sfz`=null WHERE `date` = '2018-05-27' [ RunTime:0.000261s ]
SQL: SELECT * FROM `train_trains_info` WHERE `begin_date` = '2018-05-27'  [ RunTime:0.000365s ]
SQL: SELECT * FROM `train_tourist` WHERE `trainId` = 97  [ RunTime:0.000222s ]
SQL: SELECT * FROM `train_tourist` WHERE `trainId` = 104  [ RunTime:0.000234s ]
SQL: SELECT * FROM `train_tourist` WHERE `trainId` = 105  [ RunTime:0.000228s ]
SQL: SELECT * FROM `train_tourist` WHERE `trainId` = 112  [ RunTime:0.000229s ]
SQL: UPDATE `train_date01_seat` SET `date`='2018-06-03',`is_empty`=1,`sfz`=null WHERE `date` = '2018-05-27' [ RunTime:0.000234s ]
SQL: SELECT * FROM `train_trains_info` WHERE `begin_date` = '2018-05-27'  [ RunTime:0.000368s ]
SQL: SELECT * FROM `train_tourist` WHERE `trainId` = 97  [ RunTime:0.000211s ]
SQL: SELECT * FROM `train_tourist` WHERE `trainId` = 104  [ RunTime:0.000224s ]
SQL: SELECT * FROM `train_tourist` WHERE `trainId` = 105  [ RunTime:0.000212s ]
SQL: SELECT * FROM `train_tourist` WHERE `trainId` = 112  [ RunTime:0.000198s ]
SQL: UPDATE `train_date01_seat` SET `date`='2018-06-03',`is_empty`=1,`sfz`=null WHERE `date` = '2018-05-27' [ RunTime:0.000275s ]
SQL: SELECT * FROM `train_trains_info` WHERE `begin_date` = '2018-05-27'  [ RunTime:0.000322s ]
SQL: SELECT * FROM `train_tourist` WHERE `trainId` = 97  [ RunTime:0.000208s ]
SQL: SELECT * FROM `train_tourist` WHERE `trainId` = 104  [ RunTime:0.000236s ]
SQL: SELECT * FROM `train_tourist` WHERE `trainId` = 105  [ RunTime:0.000220s ]
SQL: SELECT * FROM `train_tourist` WHERE `trainId` = 112  [ RunTime:0.000260s ]
SQL: UPDATE `train_date01_seat` SET `date`='2018-06-03',`is_empty`=1,`sfz`=null WHERE `date` = '2018-05-27' [ RunTime:0.000300s ]
SQL: SELECT * FROM `train_trains_info` WHERE `begin_date` = '2018-05-27'  [ RunTime:0.000354s ]
SQL: SELECT * FROM `train_tourist` WHERE `trainId` = 97  [ RunTime:0.000218s ]
SQL: SELECT * FROM `train_tourist` WHERE `trainId` = 104  [ RunTime:0.000208s ]
SQL: SELECT * FROM `train_tourist` WHERE `trainId` = 105  [ RunTime:0.000208s ]
SQL: SELECT * FROM `train_tourist` WHERE `trainId` = 112  [ RunTime:0.000267s ]
SQL: UPDATE `train_date01_seat` SET `date`='2018-06-03',`is_empty`=1,`sfz`=null WHERE `date` = '2018-05-27' [ RunTime:0.000269s ]
SQL: SELECT * FROM `train_trains_info` WHERE `begin_date` = '2018-05-27'  [ RunTime:0.000357s ]
SQL: SELECT * FROM `train_tourist` WHERE `trainId` = 97  [ RunTime:0.000220s ]
SQL: SELECT * FROM `train_tourist` WHERE `trainId` = 104  [ RunTime:0.000251s ]
SQL: SELECT * FROM `train_tourist` WHERE `trainId` = 105  [ RunTime:0.000464s ]
SQL: SELECT * FROM `train_tourist` WHERE `trainId` = 112  [ RunTime:0.000534s ]
SQL: UPDATE `train_date01_seat` SET `date`='2018-06-03',`is_empty`=1,`sfz`=null WHERE `date` = '2018-05-27' [ RunTime:0.000606s ]
SQL: SELECT * FROM `train_trains_info` WHERE `begin_date` = '2018-05-27'  [ RunTime:0.000654s ]
SQL: SELECT * FROM `train_tourist` WHERE `trainId` = 97  [ RunTime:0.000369s ]
SQL: SELECT * FROM `train_tourist` WHERE `trainId` = 104  [ RunTime:0.000358s ]
SQL: SELECT * FROM `train_tourist` WHERE `trainId` = 105  [ RunTime:0.000311s ]
SQL: SELECT * FROM `train_tourist` WHERE `trainId` = 112  [ RunTime:0.000295s ]
SQL: UPDATE `train_date01_seat` SET `date`='2018-06-03',`is_empty`=1,`sfz`=null WHERE `date` = '2018-05-27' [ RunTime:0.000439s ]
SQL: SELECT * FROM `train_trains_info` WHERE `begin_date` = '2018-05-27'  [ RunTime:0.000545s ]
SQL: SELECT * FROM `train_tourist` WHERE `trainId` = 97  [ RunTime:0.000329s ]
SQL: SELECT * FROM `train_tourist` WHERE `trainId` = 104  [ RunTime:0.000326s ]
SQL: SELECT * FROM `train_tourist` WHERE `trainId` = 105  [ RunTime:0.000323s ]
SQL: SELECT * FROM `train_tourist` WHERE `trainId` = 112  [ RunTime:0.000269s ]
SQL: UPDATE `train_date01_seat` SET `date`='2018-06-03',`is_empty`=1,`sfz`=null WHERE `date` = '2018-05-27' [ RunTime:0.000329s ]
SQL: SELECT * FROM `train_trains_info` WHERE `begin_date` = '2018-05-27'  [ RunTime:0.000449s ]
SQL: SELECT * FROM `train_tourist` WHERE `trainId` = 97  [ RunTime:0.000341s ]
SQL: SELECT * FROM `train_tourist` WHERE `trainId` = 104  [ RunTime:0.000445s ]
SQL: SELECT * FROM `train_tourist` WHERE `trainId` = 105  [ RunTime:0.000339s ]
SQL: SELECT * FROM `train_tourist` WHERE `trainId` = 112  [ RunTime:0.000282s ]
SQL: UPDATE `train_date01_seat` SET `date`='2018-06-03',`is_empty`=1,`sfz`=null WHERE `date` = '2018-05-27' [ RunTime:0.000374s ]
SQL: SELECT * FROM `train_trains_info` WHERE `begin_date` = '2018-05-27'  [ RunTime:0.000523s ]
SQL: SELECT * FROM `train_tourist` WHERE `trainId` = 97  [ RunTime:0.000285s ]
SQL: SELECT * FROM `train_tourist` WHERE `trainId` = 104  [ RunTime:0.000282s ]
SQL: SELECT * FROM `train_tourist` WHERE `trainId` = 105  [ RunTime:0.000337s ]
SQL: SELECT * FROM `train_tourist` WHERE `trainId` = 112  [ RunTime:0.000261s ]
SQL: UPDATE `train_date01_seat` SET `date`='2018-06-03',`is_empty`=1,`sfz`=null WHERE `date` = '2018-05-27' [ RunTime:0.000483s ]
SQL: SELECT * FROM `train_trains_info` WHERE `begin_date` = '2018-05-27'  [ RunTime:0.000514s ]
SQL: SELECT * FROM `train_tourist` WHERE `trainId` = 97  [ RunTime:0.000319s ]
SQL: SELECT * FROM `train_tourist` WHERE `trainId` = 104  [ RunTime:0.000358s ]
SQL: SELECT * FROM `train_tourist` WHERE `trainId` = 105  [ RunTime:0.000428s ]
SQL: SELECT * FROM `train_tourist` WHERE `trainId` = 112  [ RunTime:0.000444s ]
SQL: UPDATE `train_date01_seat` SET `date`='2018-06-03',`is_empty`=1,`sfz`=null WHERE `date` = '2018-05-27' [ RunTime:0.000545s ]
SQL: SELECT * FROM `train_trains_info` WHERE `begin_date` = '2018-05-27'  [ RunTime:0.000632s ]
SQL: SELECT * FROM `train_tourist` WHERE `trainId` = 97  [ RunTime:0.000456s ]
SQL: SELECT * FROM `train_tourist` WHERE `trainId` = 104  [ RunTime:0.000480s ]
SQL: SELECT * FROM `train_tourist` WHERE `trainId` = 105  [ RunTime:0.000428s ]
SQL: SELECT * FROM `train_tourist` WHERE `trainId` = 112  [ RunTime:0.000420s ]
SQL: UPDATE `train_date01_seat` SET `date`='2018-06-03',`is_empty`=1,`sfz`=null WHERE `date` = '2018-05-27' [ RunTime:0.000561s ]
SQL: SELECT * FROM `train_trains_info` WHERE `begin_date` = '2018-05-27'  [ RunTime:0.000706s ]
SQL: SELECT * FROM `train_tourist` WHERE `trainId` = 97  [ RunTime:0.000587s ]
SQL: SELECT * FROM `train_tourist` WHERE `trainId` = 104  [ RunTime:0.001644s ]
SQL: SELECT * FROM `train_tourist` WHERE `trainId` = 105  [ RunTime:0.000680s ]
SQL: SELECT * FROM `train_tourist` WHERE `trainId` = 112  [ RunTime:0.000509s ]
SQL: UPDATE `train_date01_seat` SET `date`='2018-06-03',`is_empty`=1,`sfz`=null WHERE `date` = '2018-05-27' [ RunTime:0.000541s ]
SQL: SELECT * FROM `train_trains_info` WHERE `begin_date` = '2018-05-27'  [ RunTime:0.000707s ]
SQL: SELECT * FROM `train_tourist` WHERE `trainId` = 97  [ RunTime:0.000561s ]
SQL: SELECT * FROM `train_tourist` WHERE `trainId` = 104  [ RunTime:0.000956s ]
SQL: SELECT * FROM `train_tourist` WHERE `trainId` = 105  [ RunTime:0.000494s ]
SQL: SELECT * FROM `train_tourist` WHERE `trainId` = 112  [ RunTime:0.000416s ]
SQL: UPDATE `train_date01_seat` SET `date`='2018-06-03',`is_empty`=1,`sfz`=null WHERE `date` = '2018-05-27' [ RunTime:0.000416s ]
SQL: SELECT * FROM `train_trains_info` WHERE `begin_date` = '2018-05-27'  [ RunTime:0.000624s ]
SQL: SELECT * FROM `train_tourist` WHERE `trainId` = 97  [ RunTime:0.000394s ]
SQL: SELECT * FROM `train_tourist` WHERE `trainId` = 104  [ RunTime:0.000384s ]
SQL: SELECT * FROM `train_tourist` WHERE `trainId` = 105  [ RunTime:0.000398s ]
SQL: SELECT * FROM `train_tourist` WHERE `trainId` = 112  [ RunTime:0.000371s ]
SQL: UPDATE `train_date01_seat` SET `date`='2018-06-03',`is_empty`=1,`sfz`=null WHERE `date` = '2018-05-27' [ RunTime:0.000389s ]
SQL: SELECT * FROM `train_trains_info` WHERE `begin_date` = '2018-05-27'  [ RunTime:0.000552s ]
SQL: SELECT * FROM `train_tourist` WHERE `trainId` = 97  [ RunTime:0.000393s ]
SQL: SELECT * FROM `train_tourist` WHERE `trainId` = 104  [ RunTime:0.000385s ]
SQL: SELECT * FROM `train_tourist` WHERE `trainId` = 105  [ RunTime:0.000498s ]
SQL: SELECT * FROM `train_tourist` WHERE `trainId` = 112  [ RunTime:0.000461s ]
SQL: UPDATE `train_date01_seat` SET `date`='2018-06-03',`is_empty`=1,`sfz`=null WHERE `date` = '2018-05-27' [ RunTime:0.000707s ]
SQL: SELECT * FROM `train_trains_info` WHERE `begin_date` = '2018-05-27'  [ RunTime:0.000670s ]
SQL: SELECT * FROM `train_tourist` WHERE `trainId` = 97  [ RunTime:0.000488s ]
SQL: SELECT * FROM `train_tourist` WHERE `trainId` = 104  [ RunTime:0.000455s ]
SQL: SELECT * FROM `train_tourist` WHERE `trainId` = 105  [ RunTime:0.000383s ]
SQL: SELECT * FROM `train_tourist` WHERE `trainId` = 112  [ RunTime:0.000378s ]
SQL: UPDATE `train_date01_seat` SET `date`='2018-06-03',`is_empty`=1,`sfz`=null WHERE `date` = '2018-05-27' [ RunTime:0.000355s ]
SQL: SELECT * FROM `train_trains_info` WHERE `begin_date` = '2018-05-27'  [ RunTime:0.000617s ]
SQL: SELECT * FROM `train_tourist` WHERE `trainId` = 97  [ RunTime:0.000523s ]
SQL: SELECT * FROM `train_tourist` WHERE `trainId` = 104  [ RunTime:0.000624s ]
SQL: SELECT * FROM `train_tourist` WHERE `trainId` = 105  [ RunTime:0.000466s ]
SQL: SELECT * FROM `train_tourist` WHERE `trainId` = 112  [ RunTime:0.000407s ]
SQL: UPDATE `train_date01_seat` SET `date`='2018-06-03',`is_empty`=1,`sfz`=null WHERE `date` = '2018-05-27' [ RunTime:0.000485s ]
SQL: SELECT * FROM `train_trains_info` WHERE `begin_date` = '2018-05-27'  [ RunTime:0.000465s ]
SQL: SELECT * FROM `train_tourist` WHERE `trainId` = 97  [ RunTime:0.000439s ]
SQL: SELECT * FROM `train_tourist` WHERE `trainId` = 104  [ RunTime:0.000411s ]
SQL: SELECT * FROM `train_tourist` WHERE `trainId` = 105  [ RunTime:0.000572s ]
SQL: SELECT * FROM `train_tourist` WHERE `trainId` = 112  [ RunTime:0.000559s ]
SQL: UPDATE `train_date01_seat` SET `date`='2018-06-03',`is_empty`=1,`sfz`=null WHERE `date` = '2018-05-27' [ RunTime:0.000586s ]
SQL: SELECT * FROM `train_trains_info` WHERE `begin_date` = '2018-05-27'  [ RunTime:0.000742s ]
SQL: SELECT * FROM `train_tourist` WHERE `trainId` = 97  [ RunTime:0.000491s ]
SQL: SELECT * FROM `train_tourist` WHERE `trainId` = 104  [ RunTime:0.000472s ]
SQL: SELECT * FROM `train_tourist` WHERE `trainId` = 105  [ RunTime:0.000441s ]
SQL: SELECT * FROM `train_tourist` WHERE `trainId` = 112  [ RunTime:0.000447s ]
SQL: UPDATE `train_date01_seat` SET `date`='2018-06-03',`is_empty`=1,`sfz`=null WHERE `date` = '2018-05-27' [ RunTime:0.000601s ]
SQL: SELECT * FROM `train_trains_info` WHERE `begin_date` = '2018-05-27'  [ RunTime:0.000719s ]
SQL: SELECT * FROM `train_tourist` WHERE `trainId` = 97  [ RunTime:0.000509s ]
SQL: SELECT * FROM `train_tourist` WHERE `trainId` = 104  [ RunTime:0.000525s ]
SQL: SELECT * FROM `train_tourist` WHERE `trainId` = 105  [ RunTime:0.000477s ]
SQL: SELECT * FROM `train_tourist` WHERE `trainId` = 112  [ RunTime:0.000458s ]
SQL: UPDATE `train_date01_seat` SET `date`='2018-06-03',`is_empty`=1,`sfz`=null WHERE `date` = '2018-05-27' [ RunTime:0.000909s ]
SQL: SELECT * FROM `train_trains_info` WHERE `begin_date` = '2018-05-27'  [ RunTime:0.000544s ]
SQL: SELECT * FROM `train_tourist` WHERE `trainId` = 97  [ RunTime:0.000267s ]
SQL: SELECT * FROM `train_tourist` WHERE `trainId` = 104  [ RunTime:0.000255s ]
SQL: SELECT * FROM `train_tourist` WHERE `trainId` = 105  [ RunTime:0.000259s ]
SQL: SELECT * FROM `train_tourist` WHERE `trainId` = 112  [ RunTime:0.000257s ]
SQL: UPDATE `train_date01_seat` SET `date`='2018-06-03',`is_empty`=1,`sfz`=null WHERE `date` = '2018-05-27' [ RunTime:0.000284s ]
SQL: SELECT * FROM `train_trains_info` WHERE `begin_date` = '2018-05-27'  [ RunTime:0.000422s ]
SQL: SELECT * FROM `train_tourist` WHERE `trainId` = 97  [ RunTime:0.000315s ]
SQL: SELECT * FROM `train_tourist` WHERE `trainId` = 104  [ RunTime:0.000300s ]
SQL: SELECT * FROM `train_tourist` WHERE `trainId` = 105  [ RunTime:0.000278s ]
SQL: SELECT * FROM `train_tourist` WHERE `trainId` = 112  [ RunTime:0.000276s ]
SQL: UPDATE `train_date01_seat` SET `date`='2018-06-03',`is_empty`=1,`sfz`=null WHERE `date` = '2018-05-27' [ RunTime:0.000293s ]
SQL: SELECT * FROM `train_trains_info` WHERE `begin_date` = '2018-05-27'  [ RunTime:0.000380s ]
SQL: SELECT * FROM `train_tourist` WHERE `trainId` = 97  [ RunTime:0.000275s ]
SQL: SELECT * FROM `train_tourist` WHERE `trainId` = 104  [ RunTime:0.000273s ]
SQL: SELECT * FROM `train_tourist` WHERE `trainId` = 105  [ RunTime:0.000266s ]
SQL: SELECT * FROM `train_tourist` WHERE `trainId` = 112  [ RunTime:0.000256s ]
SQL: UPDATE `train_date01_seat` SET `date`='2018-06-03',`is_empty`=1,`sfz`=null WHERE `date` = '2018-05-27' [ RunTime:0.000301s ]
SQL: SELECT * FROM `train_trains_info` WHERE `begin_date` = '2018-05-27'  [ RunTime:0.000388s ]
SQL: SELECT * FROM `train_tourist` WHERE `trainId` = 97  [ RunTime:0.000375s ]
SQL: SELECT * FROM `train_tourist` WHERE `trainId` = 104  [ RunTime:0.000278s ]
SQL: SELECT * FROM `train_tourist` WHERE `trainId` = 105  [ RunTime:0.000277s ]
SQL: SELECT * FROM `train_tourist` WHERE `trainId` = 112  [ RunTime:0.000267s ]
SQL: UPDATE `train_date01_seat` SET `date`='2018-06-03',`is_empty`=1,`sfz`=null WHERE `date` = '2018-05-27' [ RunTime:0.000390s ]
SQL: SELECT * FROM `train_trains_info` WHERE `begin_date` = '2018-05-27'  [ RunTime:0.000845s ]
SQL: SELECT * FROM `train_tourist` WHERE `trainId` = 97  [ RunTime:0.000442s ]
SQL: SELECT * FROM `train_tourist` WHERE `trainId` = 104  [ RunTime:0.000318s ]
SQL: SELECT * FROM `train_tourist` WHERE `trainId` = 105  [ RunTime:0.000269s ]
SQL: SELECT * FROM `train_tourist` WHERE `trainId` = 112  [ RunTime:0.000284s ]
SQL: UPDATE `train_date01_seat` SET `date`='2018-06-03',`is_empty`=1,`sfz`=null WHERE `date` = '2018-05-27' [ RunTime:0.000477s ]
SQL: SELECT * FROM `train_trains_info` WHERE `begin_date` = '2018-05-27'  [ RunTime:0.000974s ]
SQL: SELECT * FROM `train_tourist` WHERE `trainId` = 97  [ RunTime:0.000504s ]
SQL: SELECT * FROM `train_tourist` WHERE `trainId` = 104  [ RunTime:0.000288s ]
SQL: SELECT * FROM `train_tourist` WHERE `trainId` = 105  [ RunTime:0.000262s ]
SQL: SELECT * FROM `train_tourist` WHERE `trainId` = 112  [ RunTime:0.000270s ]
SQL: UPDATE `train_date01_seat` SET `date`='2018-06-03',`is_empty`=1,`sfz`=null WHERE `date` = '2018-05-27' [ RunTime:0.000304s ]
SQL: SELECT * FROM `train_trains_info` WHERE `begin_date` = '2018-05-27'  [ RunTime:0.000399s ]
SQL: SELECT * FROM `train_tourist` WHERE `trainId` = 97  [ RunTime:0.000290s ]
SQL: SELECT * FROM `train_tourist` WHERE `trainId` = 104  [ RunTime:0.000279s ]
SQL: SELECT * FROM `train_tourist` WHERE `trainId` = 105  [ RunTime:0.000272s ]
SQL: SELECT * FROM `train_tourist` WHERE `trainId` = 112  [ RunTime:0.000336s ]
SQL: UPDATE `train_date01_seat` SET `date`='2018-06-03',`is_empty`=1,`sfz`=null WHERE `date` = '2018-05-27' [ RunTime:0.000473s ]
SQL: SELECT * FROM `train_trains_info` WHERE `begin_date` = '2018-05-27'  [ RunTime:0.000416s ]
SQL: SELECT * FROM `train_tourist` WHERE `trainId` = 97  [ RunTime:0.000304s ]
SQL: SELECT * FROM `train_tourist` WHERE `trainId` = 104  [ RunTime:0.000303s ]
SQL: SELECT * FROM `train_tourist` WHERE `trainId` = 105  [ RunTime:0.000284s ]
SQL: SELECT * FROM `train_tourist` WHERE `trainId` = 112  [ RunTime:0.000391s ]
SQL: UPDATE `train_date01_seat` SET `date`='2018-06-03',`is_empty`=1,`sfz`=null WHERE `date` = '2018-05-27' [ RunTime:0.000426s ]
SQL: SELECT * FROM `train_trains_info` WHERE `begin_date` = '2018-05-27'  [ RunTime:0.000599s ]
SQL: SELECT * FROM `train_tourist` WHERE `trainId` = 97  [ RunTime:0.000328s ]
SQL: SELECT * FROM `train_tourist` WHERE `trainId` = 104  [ RunTime:0.000280s ]
SQL: SELECT * FROM `train_tourist` WHERE `trainId` = 105  [ RunTime:0.000263s ]
SQL: SELECT * FROM `train_tourist` WHERE `trainId` = 112  [ RunTime:0.000252s ]
SQL: UPDATE `train_date01_seat` SET `date`='2018-06-03',`is_empty`=1,`sfz`=null WHERE `date` = '2018-05-27' [ RunTime:0.000297s ]
SQL: SELECT * FROM `train_trains_info` WHERE `begin_date` = '2018-05-27'  [ RunTime:0.000375s ]
SQL: SELECT * FROM `train_tourist` WHERE `trainId` = 97  [ RunTime:0.000266s ]
SQL: SELECT * FROM `train_tourist` WHERE `trainId` = 104  [ RunTime:0.000252s ]
SQL: SELECT * FROM `train_tourist` WHERE `trainId` = 105  [ RunTime:0.000236s ]
SQL: SELECT * FROM `train_tourist` WHERE `trainId` = 112  [ RunTime:0.000263s ]
SQL: UPDATE `train_date01_seat` SET `date`='2018-06-03',`is_empty`=1,`sfz`=null WHERE `date` = '2018-05-27' [ RunTime:0.000329s ]
SQL: SELECT * FROM `train_trains_info` WHERE `begin_date` = '2018-05-27'  [ RunTime:0.000424s ]
SQL: SELECT * FROM `train_tourist` WHERE `trainId` = 97  [ RunTime:0.000371s ]
SQL: SELECT * FROM `train_tourist` WHERE `trainId` = 104  [ RunTime:0.000337s ]
SQL: SELECT * FROM `train_tourist` WHERE `trainId` = 105  [ RunTime:0.000260s ]
SQL: SELECT * FROM `train_tourist` WHERE `trainId` = 112  [ RunTime:0.000240s ]
SQL: UPDATE `train_date01_seat` SET `date`='2018-06-03',`is_empty`=1,`sfz`=null WHERE `date` = '2018-05-27' [ RunTime:0.000247s ]
SQL: SELECT * FROM `train_trains_info` WHERE `begin_date` = '2018-05-27'  [ RunTime:0.000338s ]
SQL: SELECT * FROM `train_tourist` WHERE `trainId` = 97  [ RunTime:0.000222s ]
SQL: SELECT * FROM `train_tourist` WHERE `trainId` = 104  [ RunTime:0.000221s ]
SQL: SELECT * FROM `train_tourist` WHERE `trainId` = 105  [ RunTime:0.000209s ]
SQL: SELECT * FROM `train_tourist` WHERE `trainId` = 112  [ RunTime:0.000199s ]
SQL: UPDATE `train_date01_seat` SET `date`='2018-06-03',`is_empty`=1,`sfz`=null WHERE `date` = '2018-05-27' [ RunTime:0.000226s ]
SQL: SELECT * FROM `train_trains_info` WHERE `begin_date` = '2018-05-27'  [ RunTime:0.000315s ]
SQL: SELECT * FROM `train_tourist` WHERE `trainId` = 97  [ RunTime:0.000201s ]
SQL: SELECT * FROM `train_tourist` WHERE `trainId` = 104  [ RunTime:0.000206s ]
SQL: SELECT * FROM `train_tourist` WHERE `trainId` = 105  [ RunTime:0.000195s ]
SQL: SELECT * FROM `train_tourist` WHERE `trainId` = 112  [ RunTime:0.000195s ]
SQL: UPDATE `train_date01_seat` SET `date`='2018-06-03',`is_empty`=1,`sfz`=null WHERE `date` = '2018-05-27' [ RunTime:0.000311s ]
SQL: SELECT * FROM `train_trains_info` WHERE `begin_date` = '2018-05-27'  [ RunTime:0.000419s ]
SQL: SELECT * FROM `train_tourist` WHERE `trainId` = 97  [ RunTime:0.000297s ]
SQL: SELECT * FROM `train_tourist` WHERE `trainId` = 104  [ RunTime:0.000332s ]
SQL: SELECT * FROM `train_tourist` WHERE `trainId` = 105  [ RunTime:0.000269s ]
SQL: SELECT * FROM `train_tourist` WHERE `trainId` = 112  [ RunTime:0.000249s ]
SQL: UPDATE `train_date01_seat` SET `date`='2018-06-03',`is_empty`=1,`sfz`=null WHERE `date` = '2018-05-27' [ RunTime:0.000502s ]
SQL: SELECT * FROM `train_trains_info` WHERE `begin_date` = '2018-05-27'  [ RunTime:0.000479s ]
SQL: SELECT * FROM `train_tourist` WHERE `trainId` = 97  [ RunTime:0.000295s ]
SQL: SELECT * FROM `train_tourist` WHERE `trainId` = 104  [ RunTime:0.000279s ]
SQL: SELECT * FROM `train_tourist` WHERE `trainId` = 105  [ RunTime:0.000274s ]
SQL: SELECT * FROM `train_tourist` WHERE `trainId` = 112  [ RunTime:0.000265s ]
SQL: UPDATE `train_date01_seat` SET `date`='2018-06-03',`is_empty`=1,`sfz`=null WHERE `date` = '2018-05-27' [ RunTime:0.000305s ]
SQL: SELECT * FROM `train_trains_info` WHERE `begin_date` = '2018-05-27'  [ RunTime:0.000557s ]
SQL: SELECT * FROM `train_tourist` WHERE `trainId` = 97  [ RunTime:0.000273s ]
SQL: SELECT * FROM `train_tourist` WHERE `trainId` = 104  [ RunTime:0.000321s ]
SQL: SELECT * FROM `train_tourist` WHERE `trainId` = 105  [ RunTime:0.000260s ]
SQL: SELECT * FROM `train_tourist` WHERE `trainId` = 112  [ RunTime:0.000525s ]
SQL: UPDATE `train_date01_seat` SET `date`='2018-06-03',`is_empty`=1,`sfz`=null WHERE `date` = '2018-05-27' [ RunTime:0.000482s ]
SQL: SELECT * FROM `train_trains_info` WHERE `begin_date` = '2018-05-27'  [ RunTime:0.000590s ]
SQL: SELECT * FROM `train_tourist` WHERE `trainId` = 97  [ RunTime:0.000703s ]
SQL: SELECT * FROM `train_tourist` WHERE `trainId` = 104  [ RunTime:0.000544s ]
SQL: SELECT * FROM `train_tourist` WHERE `trainId` = 105  [ RunTime:0.000372s ]
SQL: SELECT * FROM `train_tourist` WHERE `trainId` = 112  [ RunTime:0.000373s ]
SQL: UPDATE `train_date01_seat` SET `date`='2018-06-03',`is_empty`=1,`sfz`=null WHERE `date` = '2018-05-27' [ RunTime:0.000418s ]
SQL: SELECT * FROM `train_trains_info` WHERE `begin_date` = '2018-05-27'  [ RunTime:0.000569s ]
SQL: SELECT * FROM `train_tourist` WHERE `trainId` = 97  [ RunTime:0.000316s ]
SQL: SELECT * FROM `train_tourist` WHERE `trainId` = 104  [ RunTime:0.000273s ]
SQL: SELECT * FROM `train_tourist` WHERE `trainId` = 105  [ RunTime:0.000274s ]
SQL: SELECT * FROM `train_tourist` WHERE `trainId` = 112  [ RunTime:0.000295s ]
SQL: UPDATE `train_date01_seat` SET `date`='2018-06-03',`is_empty`=1,`sfz`=null WHERE `date` = '2018-05-27' [ RunTime:0.000571s ]
SQL: SELECT * FROM `train_trains_info` WHERE `begin_date` = '2018-05-27'  [ RunTime:0.000621s ]
SQL: SELECT * FROM `train_tourist` WHERE `trainId` = 97  [ RunTime:0.000335s ]
SQL: SELECT * FROM `train_tourist` WHERE `trainId` = 104  [ RunTime:0.000384s ]
SQL: SELECT * FROM `train_tourist` WHERE `trainId` = 105  [ RunTime:0.000316s ]
SQL: SELECT * FROM `train_tourist` WHERE `trainId` = 112  [ RunTime:0.000313s ]
SQL: UPDATE `train_date01_seat` SET `date`='2018-06-03',`is_empty`=1,`sfz`=null WHERE `date` = '2018-05-27' [ RunTime:0.000304s ]
SQL: SELECT * FROM `train_trains_info` WHERE `begin_date` = '2018-05-27'  [ RunTime:0.000516s ]
SQL: SELECT * FROM `train_tourist` WHERE `trainId` = 97  [ RunTime:0.000259s ]
SQL: SELECT * FROM `train_tourist` WHERE `trainId` = 104  [ RunTime:0.000315s ]
SQL: SELECT * FROM `train_tourist` WHERE `trainId` = 105  [ RunTime:0.000257s ]
SQL: SELECT * FROM `train_tourist` WHERE `trainId` = 112  [ RunTime:0.000253s ]
SQL: UPDATE `train_date01_seat` SET `date`='2018-06-03',`is_empty`=1,`sfz`=null WHERE `date` = '2018-05-27' [ RunTime:0.000289s ]
SQL: SELECT * FROM `train_trains_info` WHERE `begin_date` = '2018-05-27'  [ RunTime:0.000495s ]
SQL: SELECT * FROM `train_tourist` WHERE `trainId` = 97  [ RunTime:0.000259s ]
SQL: SELECT * FROM `train_tourist` WHERE `trainId` = 104  [ RunTime:0.000299s ]
SQL: SELECT * FROM `train_tourist` WHERE `trainId` = 105  [ RunTime:0.000242s ]
SQL: SELECT * FROM `train_tourist` WHERE `trainId` = 112  [ RunTime:0.000247s ]
SQL: UPDATE `train_date01_seat` SET `date`='2018-06-03',`is_empty`=1,`sfz`=null WHERE `date` = '2018-05-27' [ RunTime:0.000254s ]
SQL: SELECT * FROM `train_trains_info` WHERE `begin_date` = '2018-05-27'  [ RunTime:0.000481s ]
SQL: SELECT * FROM `train_tourist` WHERE `trainId` = 97  [ RunTime:0.000289s ]
SQL: SELECT * FROM `train_tourist` WHERE `trainId` = 104  [ RunTime:0.000270s ]
SQL: SELECT * FROM `train_tourist` WHERE `trainId` = 105  [ RunTime:0.000350s ]
SQL: SELECT * FROM `train_tourist` WHERE `trainId` = 112  [ RunTime:0.000350s ]
SQL: UPDATE `train_date01_seat` SET `date`='2018-06-03',`is_empty`=1,`sfz`=null WHERE `date` = '2018-05-27' [ RunTime:0.000432s ]
SQL: SELECT * FROM `train_trains_info` WHERE `begin_date` = '2018-05-27'  [ RunTime:0.000539s ]
SQL: SELECT * FROM `train_tourist` WHERE `trainId` = 97  [ RunTime:0.000546s ]
SQL: SELECT * FROM `train_tourist` WHERE `trainId` = 104  [ RunTime:0.000489s ]
SQL: SELECT * FROM `train_tourist` WHERE `trainId` = 105  [ RunTime:0.000302s ]
SQL: SELECT * FROM `train_tourist` WHERE `trainId` = 112  [ RunTime:0.000306s ]
SQL: UPDATE `train_date01_seat` SET `date`='2018-06-03',`is_empty`=1,`sfz`=null WHERE `date` = '2018-05-27' [ RunTime:0.000280s ]
SQL: SELECT * FROM `train_trains_info` WHERE `begin_date` = '2018-05-27'  [ RunTime:0.000373s ]
SQL: SELECT * FROM `train_tourist` WHERE `trainId` = 97  [ RunTime:0.000225s ]
SQL: SELECT * FROM `train_tourist` WHERE `trainId` = 104  [ RunTime:0.000213s ]
SQL: SELECT * FROM `train_tourist` WHERE `trainId` = 105  [ RunTime:0.000213s ]
SQL: SELECT * FROM `train_tourist` WHERE `trainId` = 112  [ RunTime:0.000202s ]
SQL: UPDATE `train_date01_seat` SET `date`='2018-06-03',`is_empty`=1,`sfz`=null WHERE `date` = '2018-05-27' [ RunTime:0.000223s ]
SQL: SELECT * FROM `train_trains_info` WHERE `begin_date` = '2018-05-27'  [ RunTime:0.000326s ]
SQL: SELECT * FROM `train_tourist` WHERE `trainId` = 97  [ RunTime:0.000205s ]
SQL: SELECT * FROM `train_tourist` WHERE `trainId` = 104  [ RunTime:0.000202s ]
SQL: SELECT * FROM `train_tourist` WHERE `trainId` = 105  [ RunTime:0.000202s ]
SQL: SELECT * FROM `train_tourist` WHERE `trainId` = 112  [ RunTime:0.000201s ]
SQL: UPDATE `train_date01_seat` SET `date`='2018-06-03',`is_empty`=1,`sfz`=null WHERE `date` = '2018-05-27' [ RunTime:0.000212s ]
SQL: SELECT * FROM `train_trains_info` WHERE `begin_date` = '2018-05-27'  [ RunTime:0.000325s ]
SQL: SELECT * FROM `train_tourist` WHERE `trainId` = 97  [ RunTime:0.000200s ]
SQL: SELECT * FROM `train_tourist` WHERE `trainId` = 104  [ RunTime:0.000200s ]
SQL: SELECT * FROM `train_tourist` WHERE `trainId` = 105  [ RunTime:0.000206s ]
SQL: SELECT * FROM `train_tourist` WHERE `trainId` = 112  [ RunTime:0.000201s ]
SQL: SHOW COLUMNS FROM `train_date02_seat` [ RunTime:0.142502s ]
SQL: SELECT * FROM `train_date02_seat`  [ RunTime:0.001241s ]
SQL: SHOW COLUMNS FROM `train_date03_seat` [ RunTime:0.126076s ]
SQL: SELECT * FROM `train_date03_seat`  [ RunTime:0.000991s ]
SQL: SHOW COLUMNS FROM `train_date04_seat` [ RunTime:0.067901s ]
SQL: SELECT * FROM `train_date04_seat`  [ RunTime:0.000508s ]
SQL: SHOW COLUMNS FROM `train_date05_seat` [ RunTime:0.009145s ]
SQL: SELECT * FROM `train_date05_seat`  [ RunTime:0.000500s ]
SQL: SHOW COLUMNS FROM `train_date06_seat` [ RunTime:0.009968s ]
SQL: SELECT * FROM `train_date06_seat`  [ RunTime:0.000529s ]
SQL: SHOW COLUMNS FROM `train_date07_seat` [ RunTime:0.035546s ]
SQL: SELECT * FROM `train_date07_seat`  [ RunTime:0.000521s ]
INFO: [ view_parse ] --START--
INFO: [ template_filter ] --START--
INFO: Run Behavior\ContentReplaceBehavior [ RunTime:0.000259s ]
INFO: [ template_filter ] --END-- [ RunTime:0.000385s ]
INFO: Run Behavior\ParseTemplateBehavior [ RunTime:0.304227s ]
INFO: [ view_parse ] --END-- [ RunTime:0.304381s ]
INFO: [ view_filter ] --START--
INFO: Run Behavior\WriteHtmlCacheBehavior [ RunTime:0.018773s ]
INFO: [ view_filter ] --END-- [ RunTime:0.018889s ]
INFO: [ app_end ] --START--
INFO: Run Behavior\ShowPageTraceBehavior [ RunTime:0.016860s ]
INFO: [ app_end ] --END-- [ RunTime:0.017489s ]

[ 2018-05-28T15:09:07+08:00 ] 127.0.0.1 /Public/Home/js/jquery-1.11.3.min.js
INFO: [ app_init ] --START--
INFO: Run Behavior\BuildLiteBehavior [ RunTime:0.000013s ]
INFO: [ app_init ] --END-- [ RunTime:0.000072s ]
INFO: [ app_begin ] --START--
INFO: Run Behavior\ReadHtmlCacheBehavior [ RunTime:0.000679s ]
INFO: [ app_begin ] --END-- [ RunTime:0.000737s ]
ERR: 无法加载控制器:Public

[ 2018-05-28T15:09:07+08:00 ] 127.0.0.1 /Public/Home/js/jquery-1.11.3.min.js
INFO: [ app_init ] --START--
INFO: Run Behavior\BuildLiteBehavior [ RunTime:0.000012s ]
INFO: [ app_init ] --END-- [ RunTime:0.000063s ]
INFO: [ app_begin ] --START--
INFO: Run Behavior\ReadHtmlCacheBehavior [ RunTime:0.000747s ]
INFO: [ app_begin ] --END-- [ RunTime:0.000820s ]
ERR: 无法加载控制器:Public

[ 2018-05-28T15:09:42+08:00 ] 127.0.0.1 /User/register
INFO: [ app_init ] --START--
INFO: Run Behavior\BuildLiteBehavior [ RunTime:0.000013s ]
INFO: [ app_init ] --END-- [ RunTime:0.000064s ]
INFO: [ app_begin ] --START--
INFO: Run Behavior\ReadHtmlCacheBehavior [ RunTime:0.000623s ]
INFO: [ app_begin ] --END-- [ RunTime:0.000675s ]
INFO: [ view_parse ] --START--
INFO: [ template_filter ] --START--
INFO: Run Behavior\ContentReplaceBehavior [ RunTime:0.000054s ]
INFO: [ template_filter ] --END-- [ RunTime:0.000107s ]
INFO: Run Behavior\ParseTemplateBehavior [ RunTime:0.032758s ]
INFO: [ view_parse ] --END-- [ RunTime:0.032841s ]
INFO: [ view_filter ] --START--
INFO: Run Behavior\WriteHtmlCacheBehavior [ RunTime:0.000407s ]
INFO: [ view_filter ] --END-- [ RunTime:0.000452s ]
INFO: [ app_end ] --START--
INFO: Run Behavior\ShowPageTraceBehavior [ RunTime:0.000653s ]
INFO: [ app_end ] --END-- [ RunTime:0.000729s ]

[ 2018-05-28T15:14:31+08:00 ] 127.0.0.1 /Public/Home/js/jquery-1.11.3.min.js
INFO: [ app_init ] --START--
INFO: Run Behavior\BuildLiteBehavior [ RunTime:0.000013s ]
INFO: [ app_init ] --END-- [ RunTime:0.000215s ]
INFO: [ app_begin ] --START--
INFO: Run Behavior\ReadHtmlCacheBehavior [ RunTime:0.001511s ]
INFO: [ app_begin ] --END-- [ RunTime:0.001611s ]
ERR: 无法加载控制器:Public

[ 2018-05-28T15:14:32+08:00 ] 127.0.0.1 /Public/Home/js/jquery-1.11.3.min.js
INFO: [ app_init ] --START--
INFO: Run Behavior\BuildLiteBehavior [ RunTime:0.000021s ]
INFO: [ app_init ] --END-- [ RunTime:0.000110s ]
INFO: [ app_begin ] --START--
INFO: Run Behavior\ReadHtmlCacheBehavior [ RunTime:0.000934s ]
INFO: [ app_begin ] --END-- [ RunTime:0.001018s ]
ERR: 无法加载控制器:Public

[ 2018-05-28T15:14:35+08:00 ] 127.0.0.1 /Public/Home/js/jquery-1.11.3.min.js
INFO: [ app_init ] --START--
INFO: Run Behavior\BuildLiteBehavior [ RunTime:0.000021s ]
INFO: [ app_init ] --END-- [ RunTime:0.000100s ]
INFO: [ app_begin ] --START--
INFO: Run Behavior\ReadHtmlCacheBehavior [ RunTime:0.001026s ]
INFO: [ app_begin ] --END-- [ RunTime:0.001126s ]
ERR: 无法加载控制器:Public

[ 2018-05-28T15:14:35+08:00 ] 127.0.0.1 /Public/Home/js/jquery-1.11.3.min.js
INFO: [ app_init ] --START--
INFO: Run Behavior\BuildLiteBehavior [ RunTime:0.000012s ]
INFO: [ app_init ] --END-- [ RunTime:0.000065s ]
INFO: [ app_begin ] --START--
INFO: Run Behavior\ReadHtmlCacheBehavior [ RunTime:0.000580s ]
INFO: [ app_begin ] --END-- [ RunTime:0.000638s ]
ERR: 无法加载控制器:Public

[ 2018-05-28T16:03:39+08:00 ] 127.0.0.1 /Index/index
INFO: [ app_init ] --START--
INFO: Run Behavior\BuildLiteBehavior [ RunTime:0.000015s ]
INFO: [ app_init ] --END-- [ RunTime:0.000080s ]
INFO: [ app_begin ] --START--
INFO: Run Behavior\ReadHtmlCacheBehavior [ RunTime:0.000850s ]
INFO: [ app_begin ] --END-- [ RunTime:0.000914s ]
NOTIC: [8192] mysql_connect(): The mysql extension is deprecated and will be removed in the future: use mysqli or PDO instead D:\XAMPP\htdocs\vhost\yikai.train.com\ThinkPHP\Library\Think\Db\Driver\Mysql.class.php 第 52 行.
SQL: SHOW COLUMNS FROM `train_date01_seat` [ RunTime:0.002013s ]
SQL: SELECT * FROM `train_date01_seat`  [ RunTime:0.000486s ]
SQL: SHOW COLUMNS FROM `train_date02_seat` [ RunTime:0.002704s ]
SQL: SELECT * FROM `train_date02_seat`  [ RunTime:0.000497s ]
SQL: SHOW COLUMNS FROM `train_date03_seat` [ RunTime:0.001679s ]
SQL: SELECT * FROM `train_date03_seat`  [ RunTime:0.000414s ]
SQL: SHOW COLUMNS FROM `train_date04_seat` [ RunTime:0.002033s ]
SQL: SELECT * FROM `train_date04_seat`  [ RunTime:0.000518s ]
SQL: SHOW COLUMNS FROM `train_date05_seat` [ RunTime:0.001649s ]
SQL: SELECT * FROM `train_date05_seat`  [ RunTime:0.000392s ]
SQL: SHOW COLUMNS FROM `train_date06_seat` [ RunTime:0.001894s ]
SQL: SELECT * FROM `train_date06_seat`  [ RunTime:0.000408s ]
SQL: SHOW COLUMNS FROM `train_date07_seat` [ RunTime:0.001566s ]
SQL: SELECT * FROM `train_date07_seat`  [ RunTime:0.000399s ]
INFO: [ view_parse ] --START--
INFO: [ template_filter ] --START--
INFO: Run Behavior\ContentReplaceBehavior [ RunTime:0.000124s ]
INFO: [ template_filter ] --END-- [ RunTime:0.000176s ]
INFO: Run Behavior\ParseTemplateBehavior [ RunTime:0.019252s ]
INFO: [ view_parse ] --END-- [ RunTime:0.019317s ]
INFO: [ view_filter ] --START--
INFO: Run Behavior\WriteHtmlCacheBehavior [ RunTime:0.000528s ]
INFO: [ view_filter ] --END-- [ RunTime:0.000566s ]
INFO: [ app_end ] --START--
INFO: Run Behavior\ShowPageTraceBehavior [ RunTime:0.001356s ]
INFO: [ app_end ] --END-- [ RunTime:0.001467s ]

[ 2018-05-28T16:03:40+08:00 ] 127.0.0.1 /Public/Home/js/jquery-1.11.3.min.js
INFO: [ app_init ] --START--
INFO: Run Behavior\BuildLiteBehavior [ RunTime:0.000026s ]
INFO: [ app_init ] --END-- [ RunTime:0.000201s ]
INFO: [ app_begin ] --START--
INFO: Run Behavior\ReadHtmlCacheBehavior [ RunTime:0.001027s ]
INFO: [ app_begin ] --END-- [ RunTime:0.001119s ]
ERR: 无法加载控制器:Public

[ 2018-05-28T16:03:40+08:00 ] 127.0.0.1 /Public/Home/js/jquery-1.11.3.min.js
INFO: [ app_init ] --START--
INFO: Run Behavior\BuildLiteBehavior [ RunTime:0.000020s ]
INFO: [ app_init ] --END-- [ RunTime:0.000110s ]
INFO: [ app_begin ] --START--
INFO: Run Behavior\ReadHtmlCacheBehavior [ RunTime:0.000599s ]
INFO: [ app_begin ] --END-- [ RunTime:0.000651s ]
ERR: 无法加载控制器:Public

[ 2018-05-28T16:03:41+08:00 ] 127.0.0.1 /User/login
INFO: [ app_init ] --START--
INFO: Run Behavior\BuildLiteBehavior [ RunTime:0.000013s ]
INFO: [ app_init ] --END-- [ RunTime:0.000071s ]
INFO: [ app_begin ] --START--
INFO: Run Behavior\ReadHtmlCacheBehavior [ RunTime:0.001142s ]
INFO: [ app_begin ] --END-- [ RunTime:0.001246s ]
INFO: [ view_parse ] --START--
INFO: [ template_filter ] --START--
INFO: Run Behavior\ContentReplaceBehavior [ RunTime:0.000060s ]
INFO: [ template_filter ] --END-- [ RunTime:0.000136s ]
INFO: Run Behavior\ParseTemplateBehavior [ RunTime:0.030541s ]
INFO: [ view_parse ] --END-- [ RunTime:0.030627s ]
INFO: [ view_filter ] --START--
INFO: Run Behavior\WriteHtmlCacheBehavior [ RunTime:0.000577s ]
INFO: [ view_filter ] --END-- [ RunTime:0.000626s ]
INFO: [ app_end ] --START--
INFO: Run Behavior\ShowPageTraceBehavior [ RunTime:0.000796s ]
INFO: [ app_end ] --END-- [ RunTime:0.000850s ]

[ 2018-05-28T16:05:36+08:00 ] 127.0.0.1 /User/doLogin
INFO: [ app_init ] --START--
INFO: Run Behavior\BuildLiteBehavior [ RunTime:0.000013s ]
INFO: [ app_init ] --END-- [ RunTime:0.000069s ]
INFO: [ app_begin ] --START--
INFO: Run Behavior\ReadHtmlCacheBehavior [ RunTime:0.000624s ]
INFO: [ app_begin ] --END-- [ RunTime:0.000671s ]
NOTIC: [8192] mysql_connect(): The mysql extension is deprecated and will be removed in the future: use mysqli or PDO instead D:\XAMPP\htdocs\vhost\yikai.train.com\ThinkPHP\Library\Think\Db\Driver\Mysql.class.php 第 52 行.
SQL: SHOW COLUMNS FROM `train_user` [ RunTime:0.132354s ]
SQL: SELECT * FROM `train_user` WHERE `username` = '得毅' LIMIT 1   [ RunTime:0.000472s ]
SQL: SELECT * FROM `train_user` WHERE `userId` = 4  [ RunTime:0.014511s ]

[ 2018-05-28T16:05:38+08:00 ] 127.0.0.1 /Index/index
INFO: [ app_init ] --START--
INFO: Run Behavior\BuildLiteBehavior [ RunTime:0.000021s ]
INFO: [ app_init ] --END-- [ RunTime:0.000113s ]
INFO: [ app_begin ] --START--
INFO: Run Behavior\ReadHtmlCacheBehavior [ RunTime:0.000787s ]
INFO: [ app_begin ] --END-- [ RunTime:0.000887s ]
NOTIC: [8192] mysql_connect(): The mysql extension is deprecated and will be removed in the future: use mysqli or PDO instead D:\XAMPP\htdocs\vhost\yikai.train.com\ThinkPHP\Library\Think\Db\Driver\Mysql.class.php 第 52 行.
SQL: SHOW COLUMNS FROM `train_date01_seat` [ RunTime:0.032770s ]
SQL: SELECT * FROM `train_date01_seat`  [ RunTime:0.000480s ]
SQL: SHOW COLUMNS FROM `train_date02_seat` [ RunTime:0.002878s ]
SQL: SELECT * FROM `train_date02_seat`  [ RunTime:0.000843s ]
SQL: SHOW COLUMNS FROM `train_date03_seat` [ RunTime:0.002523s ]
SQL: SELECT * FROM `train_date03_seat`  [ RunTime:0.000516s ]
SQL: SHOW COLUMNS FROM `train_date04_seat` [ RunTime:0.002054s ]
SQL: SELECT * FROM `train_date04_seat`  [ RunTime:0.000442s ]
SQL: SHOW COLUMNS FROM `train_date05_seat` [ RunTime:0.001676s ]
SQL: SELECT * FROM `train_date05_seat`  [ RunTime:0.000429s ]
SQL: SHOW COLUMNS FROM `train_date06_seat` [ RunTime:0.001582s ]
SQL: SELECT * FROM `train_date06_seat`  [ RunTime:0.000451s ]
SQL: SHOW COLUMNS FROM `train_date07_seat` [ RunTime:0.003245s ]
SQL: SELECT * FROM `train_date07_seat`  [ RunTime:0.000454s ]
INFO: [ view_parse ] --START--
INFO: [ template_filter ] --START--
INFO: Run Behavior\ContentReplaceBehavior [ RunTime:0.000105s ]
INFO: [ template_filter ] --END-- [ RunTime:0.000160s ]
INFO: Run Behavior\ParseTemplateBehavior [ RunTime:0.010790s ]
INFO: [ view_parse ] --END-- [ RunTime:0.010850s ]
INFO: [ view_filter ] --START--
INFO: Run Behavior\WriteHtmlCacheBehavior [ RunTime:0.000587s ]
INFO: [ view_filter ] --END-- [ RunTime:0.000637s ]
INFO: [ app_end ] --START--
INFO: Run Behavior\ShowPageTraceBehavior [ RunTime:0.001023s ]
INFO: [ app_end ] --END-- [ RunTime:0.001120s ]

[ 2018-05-28T16:05:38+08:00 ] 127.0.0.1 /Public/Home/js/jquery-1.11.3.min.js
INFO: [ app_init ] --START--
INFO: Run Behavior\BuildLiteBehavior [ RunTime:0.000015s ]
INFO: [ app_init ] --END-- [ RunTime:0.000084s ]
INFO: [ app_begin ] --START--
INFO: Run Behavior\ReadHtmlCacheBehavior [ RunTime:0.000984s ]
INFO: [ app_begin ] --END-- [ RunTime:0.001092s ]
ERR: 无法加载控制器:Public

[ 2018-05-28T16:05:38+08:00 ] 127.0.0.1 /Public/Home/js/jquery-1.11.3.min.js
INFO: [ app_init ] --START--
INFO: Run Behavior\BuildLiteBehavior [ RunTime:0.000014s ]
INFO: [ app_init ] --END-- [ RunTime:0.000082s ]
INFO: [ app_begin ] --START--
INFO: Run Behavior\ReadHtmlCacheBehavior [ RunTime:0.000721s ]
INFO: [ app_begin ] --END-- [ RunTime:0.000794s ]
ERR: 无法加载控制器:Public

[ 2018-05-28T16:05:41+08:00 ] 127.0.0.1 /Business/touristAdd
INFO: [ app_init ] --START--
INFO: Run Behavior\BuildLiteBehavior [ RunTime:0.000013s ]
INFO: [ app_init ] --END-- [ RunTime:0.000086s ]
INFO: [ app_begin ] --START--
INFO: Run Behavior\ReadHtmlCacheBehavior [ RunTime:0.001106s ]
INFO: [ app_begin ] --END-- [ RunTime:0.001210s ]
NOTIC: [8192] mysql_connect(): The mysql extension is deprecated and will be removed in the future: use mysqli or PDO instead D:\XAMPP\htdocs\vhost\yikai.train.com\ThinkPHP\Library\Think\Db\Driver\Mysql.class.php 第 52 行.
SQL: SHOW COLUMNS FROM `train_tourist` [ RunTime:0.002367s ]
SQL: SELECT * FROM `train_tourist` WHERE `userId` = 4 AND `is_delete` = 0  [ RunTime:0.100559s ]
INFO: [ view_parse ] --START--
NOTIC: [2] file_get_contents(./Application/Home/View/Business/nav.html): failed to open stream: No such file or directory D:\XAMPP\htdocs\vhost\yikai.train.com\ThinkPHP\Library\Think\Template.class.php 第 692 行.
INFO: [ template_filter ] --START--
INFO: Run Behavior\ContentReplaceBehavior [ RunTime:0.000105s ]
INFO: [ template_filter ] --END-- [ RunTime:0.000180s ]
INFO: Run Behavior\ParseTemplateBehavior [ RunTime:0.091758s ]
INFO: [ view_parse ] --END-- [ RunTime:0.091863s ]
INFO: [ view_filter ] --START--
INFO: Run Behavior\WriteHtmlCacheBehavior [ RunTime:0.000727s ]
INFO: [ view_filter ] --END-- [ RunTime:0.000784s ]
INFO: [ app_end ] --START--
INFO: Run Behavior\ShowPageTraceBehavior [ RunTime:0.001108s ]
INFO: [ app_end ] --END-- [ RunTime:0.001183s ]

[ 2018-05-28T16:05:45+08:00 ] 127.0.0.1 /Business/showTouristAdd
INFO: [ app_init ] --START--
INFO: Run Behavior\BuildLiteBehavior [ RunTime:0.000014s ]
INFO: [ app_init ] --END-- [ RunTime:0.000075s ]
INFO: [ app_begin ] --START--
INFO: Run Behavior\ReadHtmlCacheBehavior [ RunTime:0.000725s ]
INFO: [ app_begin ] --END-- [ RunTime:0.000778s ]
NOTIC: [8192] mysql_connect(): The mysql extension is deprecated and will be removed in the future: use mysqli or PDO instead D:\XAMPP\htdocs\vhost\yikai.train.com\ThinkPHP\Library\Think\Db\Driver\Mysql.class.php 第 52 行.
SQL: SHOW COLUMNS FROM `train_user` [ RunTime:0.001939s ]
SQL: SELECT `realname` FROM `train_user` WHERE `userId` = 4 LIMIT 1   [ RunTime:0.041719s ]
INFO: [ view_parse ] --START--
INFO: [ template_filter ] --START--
INFO: Run Behavior\ContentReplaceBehavior [ RunTime:0.000064s ]
INFO: [ template_filter ] --END-- [ RunTime:0.000152s ]
INFO: Run Behavior\ParseTemplateBehavior [ RunTime:0.045796s ]
INFO: [ view_parse ] --END-- [ RunTime:0.045856s ]
INFO: [ view_filter ] --START--
INFO: Run Behavior\WriteHtmlCacheBehavior [ RunTime:0.000605s ]
INFO: [ view_filter ] --END-- [ RunTime:0.000652s ]

