[ 2018-05-25T11:23:40+08:00 ] 127.0.0.1 /Index/index
INFO: [ app_init ] --START--
INFO: Run Behavior\BuildLiteBehavior [ RunTime:0.000012s ]
INFO: [ app_init ] --END-- [ RunTime:0.000067s ]
INFO: [ app_begin ] --START--
INFO: Run Behavior\ReadHtmlCacheBehavior [ RunTime:0.000622s ]
INFO: [ app_begin ] --END-- [ RunTime:0.000675s ]
NOTIC: [8192] mysql_connect(): The mysql extension is deprecated and will be removed in the future: use mysqli or PDO instead D:\XAMPP\htdocs\vhost\yikai.train.com\ThinkPHP\Library\Think\Db\Driver\Mysql.class.php 第 52 行.
SQL: SHOW COLUMNS FROM `train_date01_seat` [ RunTime:0.002353s ]
SQL: SELECT * FROM `train_date01_seat`  [ RunTime:0.000596s ]
SQL: SHOW COLUMNS FROM `train_date02_seat` [ RunTime:0.001774s ]
SQL: SELECT * FROM `train_date02_seat`  [ RunTime:0.545544s ]
SQL: SHOW COLUMNS FROM `train_date03_seat` [ RunTime:0.002641s ]
SQL: SELECT * FROM `train_date03_seat`  [ RunTime:0.322222s ]
SQL: SHOW COLUMNS FROM `train_date04_seat` [ RunTime:0.002483s ]
SQL: SELECT * FROM `train_date04_seat`  [ RunTime:0.000676s ]
SQL: SHOW COLUMNS FROM `train_date05_seat` [ RunTime:0.002194s ]
SQL: SELECT * FROM `train_date05_seat`  [ RunTime:0.000720s ]
SQL: UPDATE `train_date05_seat` SET `date`='2018-05-31',`is_empty`=1,`sfz`=null WHERE `date` = '2018-05-24' [ RunTime:1.616310s ]
SQL: SHOW COLUMNS FROM `train_trains_info` [ RunTime:0.002524s ]
SQL: SELECT * FROM `train_trains_info` WHERE `begin_date` = '2018-05-24'  [ RunTime:0.000727s ]
ERR: 错误的查询条件:[trainId=>94]

[ 2018-05-25T11:24:58+08:00 ] 127.0.0.1 /Index/index
INFO: [ app_init ] --START--
INFO: Run Behavior\BuildLiteBehavior [ RunTime:0.000024s ]
INFO: [ app_init ] --END-- [ RunTime:0.000134s ]
INFO: [ app_begin ] --START--
INFO: Run Behavior\ReadHtmlCacheBehavior [ RunTime:0.001332s ]
INFO: [ app_begin ] --END-- [ RunTime:0.001482s ]
NOTIC: [8192] mysql_connect(): The mysql extension is deprecated and will be removed in the future: use mysqli or PDO instead D:\XAMPP\htdocs\vhost\yikai.train.com\ThinkPHP\Library\Think\Db\Driver\Mysql.class.php 第 52 行.
SQL: SHOW COLUMNS FROM `train_date01_seat` [ RunTime:0.001847s ]
SQL: SELECT * FROM `train_date01_seat`  [ RunTime:0.000448s ]
SQL: SHOW COLUMNS FROM `train_date02_seat` [ RunTime:0.001648s ]
SQL: SELECT * FROM `train_date02_seat`  [ RunTime:0.000425s ]
SQL: SHOW COLUMNS FROM `train_date03_seat` [ RunTime:0.000501s ]
SQL: SELECT * FROM `train_date03_seat`  [ RunTime:0.000342s ]
SQL: SHOW COLUMNS FROM `train_date04_seat` [ RunTime:0.001624s ]
SQL: SELECT * FROM `train_date04_seat`  [ RunTime:0.000345s ]
SQL: SHOW COLUMNS FROM `train_date05_seat` [ RunTime:0.001594s ]
SQL: SELECT * FROM `train_date05_seat`  [ RunTime:0.000343s ]
SQL: SHOW COLUMNS FROM `train_date06_seat` [ RunTime:0.001635s ]
SQL: SELECT * FROM `train_date06_seat`  [ RunTime:0.000423s ]
SQL: SHOW COLUMNS FROM `train_date07_seat` [ RunTime:0.002234s ]
SQL: SELECT * FROM `train_date07_seat`  [ RunTime:0.000383s ]
INFO: [ view_parse ] --START--
INFO: [ template_filter ] --START--
INFO: Run Behavior\ContentReplaceBehavior [ RunTime:0.000101s ]
INFO: [ template_filter ] --END-- [ RunTime:0.000150s ]
INFO: Run Behavior\ParseTemplateBehavior [ RunTime:0.010657s ]
INFO: [ view_parse ] --END-- [ RunTime:0.010712s ]
INFO: [ view_filter ] --START--
INFO: Run Behavior\WriteHtmlCacheBehavior [ RunTime:0.000561s ]
INFO: [ view_filter ] --END-- [ RunTime:0.000598s ]
INFO: [ app_end ] --START--
INFO: Run Behavior\ShowPageTraceBehavior [ RunTime:0.002419s ]
INFO: [ app_end ] --END-- [ RunTime:0.002497s ]

[ 2018-05-25T11:24:59+08:00 ] 127.0.0.1 /Public/Home/js/jquery-1.11.3.min.js
INFO: [ app_init ] --START--
INFO: Run Behavior\BuildLiteBehavior [ RunTime:0.000012s ]
INFO: [ app_init ] --END-- [ RunTime:0.000072s ]
INFO: [ app_begin ] --START--
INFO: Run Behavior\ReadHtmlCacheBehavior [ RunTime:0.000837s ]
INFO: [ app_begin ] --END-- [ RunTime:0.000894s ]
ERR: 无法加载控制器:Public

[ 2018-05-25T11:25:26+08:00 ] 127.0.0.1 /Index/index
INFO: [ app_init ] --START--
INFO: Run Behavior\BuildLiteBehavior [ RunTime:0.000013s ]
INFO: [ app_init ] --END-- [ RunTime:0.000065s ]
INFO: [ app_begin ] --START--
INFO: Run Behavior\ReadHtmlCacheBehavior [ RunTime:0.000776s ]
INFO: [ app_begin ] --END-- [ RunTime:0.000831s ]
NOTIC: [8192] mysql_connect(): The mysql extension is deprecated and will be removed in the future: use mysqli or PDO instead D:\XAMPP\htdocs\vhost\yikai.train.com\ThinkPHP\Library\Think\Db\Driver\Mysql.class.php 第 52 行.
SQL: SHOW COLUMNS FROM `train_date01_seat` [ RunTime:0.000785s ]
SQL: SELECT * FROM `train_date01_seat`  [ RunTime:0.000453s ]
SQL: SHOW COLUMNS FROM `train_date02_seat` [ RunTime:0.000545s ]
SQL: SELECT * FROM `train_date02_seat`  [ RunTime:0.000404s ]
SQL: SHOW COLUMNS FROM `train_date03_seat` [ RunTime:0.000499s ]
SQL: SELECT * FROM `train_date03_seat`  [ RunTime:0.000370s ]
SQL: SHOW COLUMNS FROM `train_date04_seat` [ RunTime:0.000487s ]
SQL: SELECT * FROM `train_date04_seat`  [ RunTime:0.000310s ]
SQL: SHOW COLUMNS FROM `train_date05_seat` [ RunTime:0.000453s ]
SQL: SELECT * FROM `train_date05_seat`  [ RunTime:0.000405s ]
SQL: SHOW COLUMNS FROM `train_date06_seat` [ RunTime:0.000835s ]
SQL: SELECT * FROM `train_date06_seat`  [ RunTime:0.000606s ]
SQL: SHOW COLUMNS FROM `train_date07_seat` [ RunTime:0.000794s ]
SQL: SELECT * FROM `train_date07_seat`  [ RunTime:0.000794s ]
INFO: [ view_parse ] --START--
INFO: [ template_filter ] --START--
INFO: Run Behavior\ContentReplaceBehavior [ RunTime:0.000156s ]
INFO: [ template_filter ] --END-- [ RunTime:0.000231s ]
INFO: Run Behavior\ParseTemplateBehavior [ RunTime:0.014856s ]
INFO: [ view_parse ] --END-- [ RunTime:0.014958s ]
INFO: [ view_filter ] --START--
INFO: Run Behavior\WriteHtmlCacheBehavior [ RunTime:0.000872s ]
INFO: [ view_filter ] --END-- [ RunTime:0.000981s ]
INFO: [ app_end ] --START--
INFO: Run Behavior\ShowPageTraceBehavior [ RunTime:0.001728s ]
INFO: [ app_end ] --END-- [ RunTime:0.001839s ]

[ 2018-05-25T11:25:26+08:00 ] 127.0.0.1 /Public/Home/js/jquery-1.11.3.min.js
INFO: [ app_init ] --START--
INFO: Run Behavior\BuildLiteBehavior [ RunTime:0.000021s ]
INFO: [ app_init ] --END-- [ RunTime:0.000118s ]
INFO: [ app_begin ] --START--
INFO: Run Behavior\ReadHtmlCacheBehavior [ RunTime:0.000988s ]
INFO: [ app_begin ] --END-- [ RunTime:0.001084s ]
ERR: 无法加载控制器:Public

[ 2018-05-25T11:25:26+08:00 ] 127.0.0.1 /Public/Home/js/jquery-1.11.3.min.js
INFO: [ app_init ] --START--
INFO: Run Behavior\BuildLiteBehavior [ RunTime:0.000019s ]
INFO: [ app_init ] --END-- [ RunTime:0.000112s ]
INFO: [ app_begin ] --START--
INFO: Run Behavior\ReadHtmlCacheBehavior [ RunTime:0.000701s ]
INFO: [ app_begin ] --END-- [ RunTime:0.000766s ]
ERR: 无法加载控制器:Public

