[ 2018-09-30T10:13:07+08:00 ] ::1 /
INFO: [ app_init ] --START--
INFO: Run Behavior\BuildLiteBehavior [ RunTime:0.000000s ]
INFO: [ app_init ] --END-- [ RunTime:0.026000s ]
INFO: [ app_begin ] --START--
INFO: Run Behavior\ReadHtmlCacheBehavior [ RunTime:0.012000s ]
INFO: [ app_begin ] --END-- [ RunTime:0.012000s ]
NOTIC: [8192] mysql_connect(): The mysql extension is deprecated and will be removed in the future: use mysqli or PDO instead E:\xampp\htdocs\vhost\yikai.train1.com\ThinkPHP\Library\Think\Db\Driver\Mysql.class.php 第 52 行.
SQL: SHOW COLUMNS FROM `train_date01_seat` [ RunTime:0.069000s ]
SQL: SELECT * FROM `train_date01_seat`  [ RunTime:0.002000s ]
SQL: SHOW COLUMNS FROM `train_date02_seat` [ RunTime:0.008000s ]
SQL: SELECT * FROM `train_date02_seat`  [ RunTime:0.002000s ]
SQL: SHOW COLUMNS FROM `train_date03_seat` [ RunTime:0.006000s ]
SQL: SELECT * FROM `train_date03_seat`  [ RunTime:0.002000s ]
SQL: SHOW COLUMNS FROM `train_date04_seat` [ RunTime:0.005000s ]
SQL: SELECT * FROM `train_date04_seat`  [ RunTime:0.001000s ]
SQL: SHOW COLUMNS FROM `train_date05_seat` [ RunTime:0.004000s ]
SQL: SELECT * FROM `train_date05_seat`  [ RunTime:0.001000s ]
SQL: SHOW COLUMNS FROM `train_date06_seat` [ RunTime:0.003000s ]
SQL: SELECT * FROM `train_date06_seat`  [ RunTime:0.002000s ]
SQL: SHOW COLUMNS FROM `train_date07_seat` [ RunTime:0.004000s ]
SQL: SELECT * FROM `train_date07_seat`  [ RunTime:0.001000s ]
SQL: SELECT * FROM `train_date01_seat`  [ RunTime:0.000000s ]
SQL: UPDATE `train_date01_seat` SET `date`='2018-10-06',`is_empty`=1,`sfz`=null WHERE `date` = '2018-09-29' [ RunTime:0.014000s ]
SQL: SHOW COLUMNS FROM `train_trains_info` [ RunTime:0.004000s ]
SQL: SELECT * FROM `train_trains_info` WHERE `begin_date` = '2018-09-29'  [ RunTime:0.002000s ]
SQL: SHOW COLUMNS FROM `train_tourist` [ RunTime:0.005000s ]
SQL: SELECT * FROM `train_tourist` WHERE `trainId` = 105  [ RunTime:0.001000s ]
SQL: SELECT * FROM `train_tourist` WHERE `trainId` = 112  [ RunTime:0.000000s ]
SQL: SELECT * FROM `train_tourist` WHERE `trainId` = 119  [ RunTime:0.000000s ]
SQL: SELECT * FROM `train_tourist` WHERE `trainId` = 126  [ RunTime:0.001000s ]
SQL: SELECT * FROM `train_tourist` WHERE `trainId` = 133  [ RunTime:0.000000s ]
SQL: UPDATE `train_date01_seat` SET `date`='2018-10-06',`is_empty`=1,`sfz`=null WHERE `date` = '2018-09-29' [ RunTime:0.001000s ]
SQL: SELECT * FROM `train_trains_info` WHERE `begin_date` = '2018-09-29'  [ RunTime:0.000000s ]
SQL: SELECT * FROM `train_tourist` WHERE `trainId` = 105  [ RunTime:0.000000s ]
SQL: SELECT * FROM `train_tourist` WHERE `trainId` = 112  [ RunTime:0.001000s ]
SQL: SELECT * FROM `train_tourist` WHERE `trainId` = 119  [ RunTime:0.000000s ]
SQL: SELECT * FROM `train_tourist` WHERE `trainId` = 126  [ RunTime:0.001000s ]
SQL: SELECT * FROM `train_tourist` WHERE `trainId` = 133  [ RunTime:0.000000s ]
SQL: UPDATE `train_date01_seat` SET `date`='2018-10-06',`is_empty`=1,`sfz`=null WHERE `date` = '2018-09-29' [ RunTime:0.001000s ]
SQL: SELECT * FROM `train_trains_info` WHERE `begin_date` = '2018-09-29'  [ RunTime:0.000000s ]
SQL: SELECT * FROM `train_tourist` WHERE `trainId` = 105  [ RunTime:0.000000s ]
SQL: SELECT * FROM `train_tourist` WHERE `trainId` = 112  [ RunTime:0.001000s ]
SQL: SELECT * FROM `train_tourist` WHERE `trainId` = 119  [ RunTime:0.000000s ]
SQL: SELECT * FROM `train_tourist` WHERE `trainId` = 126  [ RunTime:0.001000s ]
SQL: SELECT * FROM `train_tourist` WHERE `trainId` = 133  [ RunTime:0.000000s ]
SQL: UPDATE `train_date01_seat` SET `date`='2018-10-06',`is_empty`=1,`sfz`=null WHERE `date` = '2018-09-29' [ RunTime:0.000000s ]
SQL: SELECT * FROM `train_trains_info` WHERE `begin_date` = '2018-09-29'  [ RunTime:0.001000s ]
SQL: SELECT * FROM `train_tourist` WHERE `trainId` = 105  [ RunTime:0.001000s ]
SQL: SELECT * FROM `train_tourist` WHERE `trainId` = 112  [ RunTime:0.000000s ]
SQL: SELECT * FROM `train_tourist` WHERE `trainId` = 119  [ RunTime:0.000000s ]
SQL: SELECT * FROM `train_tourist` WHERE `trainId` = 126  [ RunTime:0.001000s ]
SQL: SELECT * FROM `train_tourist` WHERE `trainId` = 133  [ RunTime:0.000000s ]
SQL: UPDATE `train_date01_seat` SET `date`='2018-10-06',`is_empty`=1,`sfz`=null WHERE `date` = '2018-09-29' [ RunTime:0.000000s ]
SQL: SELECT * FROM `train_trains_info` WHERE `begin_date` = '2018-09-29'  [ RunTime:0.001000s ]
SQL: SELECT * FROM `train_tourist` WHERE `trainId` = 105  [ RunTime:0.000000s ]
SQL: SELECT * FROM `train_tourist` WHERE `trainId` = 112  [ RunTime:0.000000s ]
SQL: SELECT * FROM `train_tourist` WHERE `trainId` = 119  [ RunTime:0.001000s ]
SQL: SELECT * FROM `train_tourist` WHERE `trainId` = 126  [ RunTime:0.000000s ]
SQL: SELECT * FROM `train_tourist` WHERE `trainId` = 133  [ RunTime:0.001000s ]
SQL: UPDATE `train_date01_seat` SET `date`='2018-10-06',`is_empty`=1,`sfz`=null WHERE `date` = '2018-09-29' [ RunTime:0.000000s ]
SQL: SELECT * FROM `train_trains_info` WHERE `begin_date` = '2018-09-29'  [ RunTime:0.001000s ]
SQL: SELECT * FROM `train_tourist` WHERE `trainId` = 105  [ RunTime:0.001000s ]
SQL: SELECT * FROM `train_tourist` WHERE `trainId` = 112  [ RunTime:0.000000s ]
SQL: SELECT * FROM `train_tourist` WHERE `trainId` = 119  [ RunTime:0.000000s ]
SQL: SELECT * FROM `train_tourist` WHERE `trainId` = 126  [ RunTime:0.001000s ]
SQL: SELECT * FROM `train_tourist` WHERE `trainId` = 133  [ RunTime:0.000000s ]
SQL: UPDATE `train_date01_seat` SET `date`='2018-10-06',`is_empty`=1,`sfz`=null WHERE `date` = '2018-09-29' [ RunTime:0.001000s ]
SQL: SELECT * FROM `train_trains_info` WHERE `begin_date` = '2018-09-29'  [ RunTime:0.000000s ]
SQL: SELECT * FROM `train_tourist` WHERE `trainId` = 105  [ RunTime:0.001000s ]
SQL: SELECT * FROM `train_tourist` WHERE `trainId` = 112  [ RunTime:0.000000s ]
SQL: SELECT * FROM `train_tourist` WHERE `trainId` = 119  [ RunTime:0.000000s ]
SQL: SELECT * FROM `train_tourist` WHERE `trainId` = 126  [ RunTime:0.000000s ]
SQL: SELECT * FROM `train_tourist` WHERE `trainId` = 133  [ RunTime:0.000000s ]
SQL: UPDATE `train_date01_seat` SET `date`='2018-10-06',`is_empty`=1,`sfz`=null WHERE `date` = '2018-09-29' [ RunTime:0.001000s ]
SQL: SELECT * FROM `train_trains_info` WHERE `begin_date` = '2018-09-29'  [ RunTime:0.000000s ]
SQL: SELECT * FROM `train_tourist` WHERE `trainId` = 105  [ RunTime:0.001000s ]
SQL: SELECT * FROM `train_tourist` WHERE `trainId` = 112  [ RunTime:0.000000s ]
SQL: SELECT * FROM `train_tourist` WHERE `trainId` = 119  [ RunTime:0.000000s ]
SQL: SELECT * FROM `train_tourist` WHERE `trainId` = 126  [ RunTime:0.000000s ]
SQL: SELECT * FROM `train_tourist` WHERE `trainId` = 133  [ RunTime:0.000000s ]
SQL: UPDATE `train_date01_seat` SET `date`='2018-10-06',`is_empty`=1,`sfz`=null WHERE `date` = '2018-09-29' [ RunTime:0.001000s ]
SQL: SELECT * FROM `train_trains_info` WHERE `begin_date` = '2018-09-29'  [ RunTime:0.000000s ]
SQL: SELECT * FROM `train_tourist` WHERE `trainId` = 105  [ RunTime:0.001000s ]
SQL: SELECT * FROM `train_tourist` WHERE `trainId` = 112  [ RunTime:0.000000s ]
SQL: SELECT * FROM `train_tourist` WHERE `trainId` = 119  [ RunTime:0.000000s ]
SQL: SELECT * FROM `train_tourist` WHERE `trainId` = 126  [ RunTime:0.000000s ]
SQL: SELECT * FROM `train_tourist` WHERE `trainId` = 133  [ RunTime:0.000000s ]
SQL: UPDATE `train_date01_seat` SET `date`='2018-10-06',`is_empty`=1,`sfz`=null WHERE `date` = '2018-09-29' [ RunTime:0.001000s ]
SQL: SELECT * FROM `train_trains_info` WHERE `begin_date` = '2018-09-29'  [ RunTime:0.000000s ]
SQL: SELECT * FROM `train_tourist` WHERE `trainId` = 105  [ RunTime:0.001000s ]
SQL: SELECT * FROM `train_tourist` WHERE `trainId` = 112  [ RunTime:0.000000s ]
SQL: SELECT * FROM `train_tourist` WHERE `trainId` = 119  [ RunTime:0.000000s ]
SQL: SELECT * FROM `train_tourist` WHERE `trainId` = 126  [ RunTime:0.000000s ]
SQL: SELECT * FROM `train_tourist` WHERE `trainId` = 133  [ RunTime:0.000000s ]
SQL: UPDATE `train_date01_seat` SET `date`='2018-10-06',`is_empty`=1,`sfz`=null WHERE `date` = '2018-09-29' [ RunTime:0.001000s ]
SQL: SELECT * FROM `train_trains_info` WHERE `begin_date` = '2018-09-29'  [ RunTime:0.000000s ]
SQL: SELECT * FROM `train_tourist` WHERE `trainId` = 105  [ RunTime:0.000000s ]
SQL: SELECT * FROM `train_tourist` WHERE `trainId` = 112  [ RunTime:0.001000s ]
SQL: SELECT * FROM `train_tourist` WHERE `trainId` = 119  [ RunTime:0.000000s ]
SQL: SELECT * FROM `train_tourist` WHERE `trainId` = 126  [ RunTime:0.001000s ]
SQL: SELECT * FROM `train_tourist` WHERE `trainId` = 133  [ RunTime:0.000000s ]
SQL: UPDATE `train_date01_seat` SET `date`='2018-10-06',`is_empty`=1,`sfz`=null WHERE `date` = '2018-09-29' [ RunTime:0.001000s ]
SQL: SELECT * FROM `train_trains_info` WHERE `begin_date` = '2018-09-29'  [ RunTime:0.000000s ]
SQL: SELECT * FROM `train_tourist` WHERE `trainId` = 105  [ RunTime:0.000000s ]
SQL: SELECT * FROM `train_tourist` WHERE `trainId` = 112  [ RunTime:0.000000s ]
SQL: SELECT * FROM `train_tourist` WHERE `trainId` = 119  [ RunTime:0.000000s ]
SQL: SELECT * FROM `train_tourist` WHERE `trainId` = 126  [ RunTime:0.000000s ]
SQL: SELECT * FROM `train_tourist` WHERE `trainId` = 133  [ RunTime:0.001000s ]
SQL: UPDATE `train_date01_seat` SET `date`='2018-10-06',`is_empty`=1,`sfz`=null WHERE `date` = '2018-09-29' [ RunTime:0.000000s ]
SQL: SELECT * FROM `train_trains_info` WHERE `begin_date` = '2018-09-29'  [ RunTime:0.001000s ]
SQL: SELECT * FROM `train_tourist` WHERE `trainId` = 105  [ RunTime:0.001000s ]
SQL: SELECT * FROM `train_tourist` WHERE `trainId` = 112  [ RunTime:0.000000s ]
SQL: SELECT * FROM `train_tourist` WHERE `trainId` = 119  [ RunTime:0.001000s ]
SQL: SELECT * FROM `train_tourist` WHERE `trainId` = 126  [ RunTime:0.000000s ]
SQL: SELECT * FROM `train_tourist` WHERE `trainId` = 133  [ RunTime:0.000000s ]
SQL: UPDATE `train_date01_seat` SET `date`='2018-10-06',`is_empty`=1,`sfz`=null WHERE `date` = '2018-09-29' [ RunTime:0.001000s ]
SQL: SELECT * FROM `train_trains_info` WHERE `begin_date` = '2018-09-29'  [ RunTime:0.000000s ]
SQL: SELECT * FROM `train_tourist` WHERE `trainId` = 105  [ RunTime:0.001000s ]
SQL: SELECT * FROM `train_tourist` WHERE `trainId` = 112  [ RunTime:0.001000s ]
SQL: SELECT * FROM `train_tourist` WHERE `trainId` = 119  [ RunTime:0.000000s ]
SQL: SELECT * FROM `train_tourist` WHERE `trainId` = 126  [ RunTime:0.001000s ]
SQL: SELECT * FROM `train_tourist` WHERE `trainId` = 133  [ RunTime:0.000000s ]
SQL: UPDATE `train_date01_seat` SET `date`='2018-10-06',`is_empty`=1,`sfz`=null WHERE `date` = '2018-09-29' [ RunTime:0.001000s ]
SQL: SELECT * FROM `train_trains_info` WHERE `begin_date` = '2018-09-29'  [ RunTime:0.000000s ]
SQL: SELECT * FROM `train_tourist` WHERE `trainId` = 105  [ RunTime:0.000000s ]
SQL: SELECT * FROM `train_tourist` WHERE `trainId` = 112  [ RunTime:0.001000s ]
SQL: SELECT * FROM `train_tourist` WHERE `trainId` = 119  [ RunTime:0.000000s ]
SQL: SELECT * FROM `train_tourist` WHERE `trainId` = 126  [ RunTime:0.001000s ]
SQL: SELECT * FROM `train_tourist` WHERE `trainId` = 133  [ RunTime:0.000000s ]
SQL: UPDATE `train_date01_seat` SET `date`='2018-10-06',`is_empty`=1,`sfz`=null WHERE `date` = '2018-09-29' [ RunTime:0.001000s ]
SQL: SELECT * FROM `train_trains_info` WHERE `begin_date` = '2018-09-29'  [ RunTime:0.000000s ]
SQL: SELECT * FROM `train_tourist` WHERE `trainId` = 105  [ RunTime:0.000000s ]
SQL: SELECT * FROM `train_tourist` WHERE `trainId` = 112  [ RunTime:0.001000s ]
SQL: SELECT * FROM `train_tourist` WHERE `trainId` = 119  [ RunTime:0.000000s ]
SQL: SELECT * FROM `train_tourist` WHERE `trainId` = 126  [ RunTime:0.001000s ]
SQL: SELECT * FROM `train_tourist` WHERE `trainId` = 133  [ RunTime:0.000000s ]
SQL: UPDATE `train_date01_seat` SET `date`='2018-10-06',`is_empty`=1,`sfz`=null WHERE `date` = '2018-09-29' [ RunTime:0.001000s ]
SQL: SELECT * FROM `train_trains_info` WHERE `begin_date` = '2018-09-29'  [ RunTime:0.001000s ]
SQL: SELECT * FROM `train_tourist` WHERE `trainId` = 105  [ RunTime:0.000000s ]
SQL: SELECT * FROM `train_tourist` WHERE `trainId` = 112  [ RunTime:0.001000s ]
SQL: SELECT * FROM `train_tourist` WHERE `trainId` = 119  [ RunTime:0.000000s ]
SQL: SELECT * FROM `train_tourist` WHERE `trainId` = 126  [ RunTime:0.001000s ]
SQL: SELECT * FROM `train_tourist` WHERE `trainId` = 133  [ RunTime:0.000000s ]
SQL: UPDATE `train_date01_seat` SET `date`='2018-10-06',`is_empty`=1,`sfz`=null WHERE `date` = '2018-09-29' [ RunTime:0.001000s ]
SQL: SELECT * FROM `train_trains_info` WHERE `begin_date` = '2018-09-29'  [ RunTime:0.001000s ]
SQL: SELECT * FROM `train_tourist` WHERE `trainId` = 105  [ RunTime:0.000000s ]
SQL: SELECT * FROM `train_tourist` WHERE `trainId` = 112  [ RunTime:0.001000s ]
SQL: SELECT * FROM `train_tourist` WHERE `trainId` = 119  [ RunTime:0.000000s ]
SQL: SELECT * FROM `train_tourist` WHERE `trainId` = 126  [ RunTime:0.001000s ]
SQL: SELECT * FROM `train_tourist` WHERE `trainId` = 133  [ RunTime:0.000000s ]
SQL: UPDATE `train_date01_seat` SET `date`='2018-10-06',`is_empty`=1,`sfz`=null WHERE `date` = '2018-09-29' [ RunTime:0.001000s ]
SQL: SELECT * FROM `train_trains_info` WHERE `begin_date` = '2018-09-29'  [ RunTime:0.001000s ]
SQL: SELECT * FROM `train_tourist` WHERE `trainId` = 105  [ RunTime:0.000000s ]
SQL: SELECT * FROM `train_tourist` WHERE `trainId` = 112  [ RunTime:0.001000s ]
SQL: SELECT * FROM `train_tourist` WHERE `trainId` = 119  [ RunTime:0.000000s ]
SQL: SELECT * FROM `train_tourist` WHERE `trainId` = 126  [ RunTime:0.001000s ]
SQL: SELECT * FROM `train_tourist` WHERE `trainId` = 133  [ RunTime:0.000000s ]
SQL: UPDATE `train_date01_seat` SET `date`='2018-10-06',`is_empty`=1,`sfz`=null WHERE `date` = '2018-09-29' [ RunTime:0.001000s ]
SQL: SELECT * FROM `train_trains_info` WHERE `begin_date` = '2018-09-29'  [ RunTime:0.001000s ]
SQL: SELECT * FROM `train_tourist` WHERE `trainId` = 105  [ RunTime:0.000000s ]
SQL: SELECT * FROM `train_tourist` WHERE `trainId` = 112  [ RunTime:0.001000s ]
SQL: SELECT * FROM `train_tourist` WHERE `trainId` = 119  [ RunTime:0.000000s ]
SQL: SELECT * FROM `train_tourist` WHERE `trainId` = 126  [ RunTime:0.001000s ]
SQL: SELECT * FROM `train_tourist` WHERE `trainId` = 133  [ RunTime:0.000000s ]
SQL: UPDATE `train_date01_seat` SET `date`='2018-10-06',`is_empty`=1,`sfz`=null WHERE `date` = '2018-09-29' [ RunTime:0.001000s ]
SQL: SELECT * FROM `train_trains_info` WHERE `begin_date` = '2018-09-29'  [ RunTime:0.000000s ]
SQL: SELECT * FROM `train_tourist` WHERE `trainId` = 105  [ RunTime:0.000000s ]
SQL: SELECT * FROM `train_tourist` WHERE `trainId` = 112  [ RunTime:0.001000s ]
SQL: SELECT * FROM `train_tourist` WHERE `trainId` = 119  [ RunTime:0.001000s ]
SQL: SELECT * FROM `train_tourist` WHERE `trainId` = 126  [ RunTime:0.000000s ]
SQL: SELECT * FROM `train_tourist` WHERE `trainId` = 133  [ RunTime:0.001000s ]
SQL: UPDATE `train_date01_seat` SET `date`='2018-10-06',`is_empty`=1,`sfz`=null WHERE `date` = '2018-09-29' [ RunTime:0.000000s ]
SQL: SELECT * FROM `train_trains_info` WHERE `begin_date` = '2018-09-29'  [ RunTime:0.001000s ]
SQL: SELECT * FROM `train_tourist` WHERE `trainId` = 105  [ RunTime:0.000000s ]
SQL: SELECT * FROM `train_tourist` WHERE `trainId` = 112  [ RunTime:0.000000s ]
SQL: SELECT * FROM `train_tourist` WHERE `trainId` = 119  [ RunTime:0.001000s ]
SQL: SELECT * FROM `train_tourist` WHERE `trainId` = 126  [ RunTime:0.000000s ]
SQL: SELECT * FROM `train_tourist` WHERE `trainId` = 133  [ RunTime:0.001000s ]
SQL: UPDATE `train_date01_seat` SET `date`='2018-10-06',`is_empty`=1,`sfz`=null WHERE `date` = '2018-09-29' [ RunTime:0.000000s ]
SQL: SELECT * FROM `train_trains_info` WHERE `begin_date` = '2018-09-29'  [ RunTime:0.001000s ]
SQL: SELECT * FROM `train_tourist` WHERE `trainId` = 105  [ RunTime:0.001000s ]
SQL: SELECT * FROM `train_tourist` WHERE `trainId` = 112  [ RunTime:0.001000s ]
SQL: SELECT * FROM `train_tourist` WHERE `trainId` = 119  [ RunTime:0.001000s ]
SQL: SELECT * FROM `train_tourist` WHERE `trainId` = 126  [ RunTime:0.000000s ]
SQL: SELECT * FROM `train_tourist` WHERE `trainId` = 133  [ RunTime:0.000000s ]
SQL: UPDATE `train_date01_seat` SET `date`='2018-10-06',`is_empty`=1,`sfz`=null WHERE `date` = '2018-09-29' [ RunTime:0.001000s ]
SQL: SELECT * FROM `train_trains_info` WHERE `begin_date` = '2018-09-29'  [ RunTime:0.000000s ]
SQL: SELECT * FROM `train_tourist` WHERE `trainId` = 105  [ RunTime:0.000000s ]
SQL: SELECT * FROM `train_tourist` WHERE `trainId` = 112  [ RunTime:0.001000s ]
SQL: SELECT * FROM `train_tourist` WHERE `trainId` = 119  [ RunTime:0.000000s ]
SQL: SELECT * FROM `train_tourist` WHERE `trainId` = 126  [ RunTime:0.001000s ]
SQL: SELECT * FROM `train_tourist` WHERE `trainId` = 133  [ RunTime:0.000000s ]
SQL: UPDATE `train_date01_seat` SET `date`='2018-10-06',`is_empty`=1,`sfz`=null WHERE `date` = '2018-09-29' [ RunTime:0.000000s ]
SQL: SELECT * FROM `train_trains_info` WHERE `begin_date` = '2018-09-29'  [ RunTime:0.001000s ]
SQL: SELECT * FROM `train_tourist` WHERE `trainId` = 105  [ RunTime:0.000000s ]
SQL: SELECT * FROM `train_tourist` WHERE `trainId` = 112  [ RunTime:0.000000s ]
SQL: SELECT * FROM `train_tourist` WHERE `trainId` = 119  [ RunTime:0.001000s ]
SQL: SELECT * FROM `train_tourist` WHERE `trainId` = 126  [ RunTime:0.000000s ]
SQL: SELECT * FROM `train_tourist` WHERE `trainId` = 133  [ RunTime:0.001000s ]
SQL: UPDATE `train_date01_seat` SET `date`='2018-10-06',`is_empty`=1,`sfz`=null WHERE `date` = '2018-09-29' [ RunTime:0.000000s ]
SQL: SELECT * FROM `train_trains_info` WHERE `begin_date` = '2018-09-29'  [ RunTime:0.000000s ]
SQL: SELECT * FROM `train_tourist` WHERE `trainId` = 105  [ RunTime:0.001000s ]
SQL: SELECT * FROM `train_tourist` WHERE `trainId` = 112  [ RunTime:0.000000s ]
SQL: SELECT * FROM `train_tourist` WHERE `trainId` = 119  [ RunTime:0.001000s ]
SQL: SELECT * FROM `train_tourist` WHERE `trainId` = 126  [ RunTime:0.000000s ]
SQL: SELECT * FROM `train_tourist` WHERE `trainId` = 133  [ RunTime:0.001000s ]
SQL: UPDATE `train_date01_seat` SET `date`='2018-10-06',`is_empty`=1,`sfz`=null WHERE `date` = '2018-09-29' [ RunTime:0.000000s ]
SQL: SELECT * FROM `train_trains_info` WHERE `begin_date` = '2018-09-29'  [ RunTime:0.001000s ]
SQL: SELECT * FROM `train_tourist` WHERE `trainId` = 105  [ RunTime:0.000000s ]
SQL: SELECT * FROM `train_tourist` WHERE `trainId` = 112  [ RunTime:0.001000s ]
SQL: SELECT * FROM `train_tourist` WHERE `trainId` = 119  [ RunTime:0.000000s ]
SQL: SELECT * FROM `train_tourist` WHERE `trainId` = 126  [ RunTime:0.000000s ]
SQL: SELECT * FROM `train_tourist` WHERE `trainId` = 133  [ RunTime:0.000000s ]
SQL: UPDATE `train_date01_seat` SET `date`='2018-10-06',`is_empty`=1,`sfz`=null WHERE `date` = '2018-09-29' [ RunTime:0.000000s ]
SQL: SELECT * FROM `train_trains_info` WHERE `begin_date` = '2018-09-29'  [ RunTime:0.001000s ]
SQL: SELECT * FROM `train_tourist` WHERE `trainId` = 105  [ RunTime:0.000000s ]
SQL: SELECT * FROM `train_tourist` WHERE `trainId` = 112  [ RunTime:0.001000s ]
SQL: SELECT * FROM `train_tourist` WHERE `trainId` = 119  [ RunTime:0.000000s ]
SQL: SELECT * FROM `train_tourist` WHERE `trainId` = 126  [ RunTime:0.000000s ]
SQL: SELECT * FROM `train_tourist` WHERE `trainId` = 133  [ RunTime:0.001000s ]
SQL: UPDATE `train_date01_seat` SET `date`='2018-10-06',`is_empty`=1,`sfz`=null WHERE `date` = '2018-09-29' [ RunTime:0.000000s ]
SQL: SELECT * FROM `train_trains_info` WHERE `begin_date` = '2018-09-29'  [ RunTime:0.001000s ]
SQL: SELECT * FROM `train_tourist` WHERE `trainId` = 105  [ RunTime:0.000000s ]
SQL: SELECT * FROM `train_tourist` WHERE `trainId` = 112  [ RunTime:0.000000s ]
SQL: SELECT * FROM `train_tourist` WHERE `trainId` = 119  [ RunTime:0.001000s ]
SQL: SELECT * FROM `train_tourist` WHERE `trainId` = 126  [ RunTime:0.000000s ]
SQL: SELECT * FROM `train_tourist` WHERE `trainId` = 133  [ RunTime:0.000000s ]
SQL: UPDATE `train_date01_seat` SET `date`='2018-10-06',`is_empty`=1,`sfz`=null WHERE `date` = '2018-09-29' [ RunTime:0.001000s ]
SQL: SELECT * FROM `train_trains_info` WHERE `begin_date` = '2018-09-29'  [ RunTime:0.000000s ]
SQL: SELECT * FROM `train_tourist` WHERE `trainId` = 105  [ RunTime:0.001000s ]
SQL: SELECT * FROM `train_tourist` WHERE `trainId` = 112  [ RunTime:0.000000s ]
SQL: SELECT * FROM `train_tourist` WHERE `trainId` = 119  [ RunTime:0.000000s ]
SQL: SELECT * FROM `train_tourist` WHERE `trainId` = 126  [ RunTime:0.000000s ]
SQL: SELECT * FROM `train_tourist` WHERE `trainId` = 133  [ RunTime:0.000000s ]
SQL: UPDATE `train_date01_seat` SET `date`='2018-10-06',`is_empty`=1,`sfz`=null WHERE `date` = '2018-09-29' [ RunTime:0.000000s ]
SQL: SELECT * FROM `train_trains_info` WHERE `begin_date` = '2018-09-29'  [ RunTime:0.001000s ]
SQL: SELECT * FROM `train_tourist` WHERE `trainId` = 105  [ RunTime:0.000000s ]
SQL: SELECT * FROM `train_tourist` WHERE `trainId` = 112  [ RunTime:0.000000s ]
SQL: SELECT * FROM `train_tourist` WHERE `trainId` = 119  [ RunTime:0.001000s ]
SQL: SELECT * FROM `train_tourist` WHERE `trainId` = 126  [ RunTime:0.000000s ]
SQL: SELECT * FROM `train_tourist` WHERE `trainId` = 133  [ RunTime:0.000000s ]
SQL: UPDATE `train_date01_seat` SET `date`='2018-10-06',`is_empty`=1,`sfz`=null WHERE `date` = '2018-09-29' [ RunTime:0.001000s ]
SQL: SELECT * FROM `train_trains_info` WHERE `begin_date` = '2018-09-29'  [ RunTime:0.000000s ]
SQL: SELECT * FROM `train_tourist` WHERE `trainId` = 105  [ RunTime:0.000000s ]
SQL: SELECT * FROM `train_tourist` WHERE `trainId` = 112  [ RunTime:0.001000s ]
SQL: SELECT * FROM `train_tourist` WHERE `trainId` = 119  [ RunTime:0.001000s ]
SQL: SELECT * FROM `train_tourist` WHERE `trainId` = 126  [ RunTime:0.000000s ]
SQL: SELECT * FROM `train_tourist` WHERE `trainId` = 133  [ RunTime:0.000000s ]
SQL: UPDATE `train_date01_seat` SET `date`='2018-10-06',`is_empty`=1,`sfz`=null WHERE `date` = '2018-09-29' [ RunTime:0.001000s ]
SQL: SELECT * FROM `train_trains_info` WHERE `begin_date` = '2018-09-29'  [ RunTime:0.000000s ]
SQL: SELECT * FROM `train_tourist` WHERE `trainId` = 105  [ RunTime:0.000000s ]
SQL: SELECT * FROM `train_tourist` WHERE `trainId` = 112  [ RunTime:0.000000s ]
SQL: SELECT * FROM `train_tourist` WHERE `trainId` = 119  [ RunTime:0.000000s ]
SQL: SELECT * FROM `train_tourist` WHERE `trainId` = 126  [ RunTime:0.000000s ]
SQL: SELECT * FROM `train_tourist` WHERE `trainId` = 133  [ RunTime:0.000000s ]
SQL: UPDATE `train_date01_seat` SET `date`='2018-10-06',`is_empty`=1,`sfz`=null WHERE `date` = '2018-09-29' [ RunTime:0.000000s ]
SQL: SELECT * FROM `train_trains_info` WHERE `begin_date` = '2018-09-29'  [ RunTime:0.001000s ]
SQL: SELECT * FROM `train_tourist` WHERE `trainId` = 105  [ RunTime:0.000000s ]
SQL: SELECT * FROM `train_tourist` WHERE `trainId` = 112  [ RunTime:0.000000s ]
SQL: SELECT * FROM `train_tourist` WHERE `trainId` = 119  [ RunTime:0.001000s ]
SQL: SELECT * FROM `train_tourist` WHERE `trainId` = 126  [ RunTime:0.000000s ]
SQL: SELECT * FROM `train_tourist` WHERE `trainId` = 133  [ RunTime:0.000000s ]
SQL: UPDATE `train_date01_seat` SET `date`='2018-10-06',`is_empty`=1,`sfz`=null WHERE `date` = '2018-09-29' [ RunTime:0.001000s ]
SQL: SELECT * FROM `train_trains_info` WHERE `begin_date` = '2018-09-29'  [ RunTime:0.001000s ]
SQL: SELECT * FROM `train_tourist` WHERE `trainId` = 105  [ RunTime:0.000000s ]
SQL: SELECT * FROM `train_tourist` WHERE `trainId` = 112  [ RunTime:0.001000s ]
SQL: SELECT * FROM `train_tourist` WHERE `trainId` = 119  [ RunTime:0.000000s ]
SQL: SELECT * FROM `train_tourist` WHERE `trainId` = 126  [ RunTime:0.000000s ]
SQL: SELECT * FROM `train_tourist` WHERE `trainId` = 133  [ RunTime:0.001000s ]
SQL: UPDATE `train_date01_seat` SET `date`='2018-10-06',`is_empty`=1,`sfz`=null WHERE `date` = '2018-09-29' [ RunTime:0.000000s ]
SQL: SELECT * FROM `train_trains_info` WHERE `begin_date` = '2018-09-29'  [ RunTime:0.001000s ]
SQL: SELECT * FROM `train_tourist` WHERE `trainId` = 105  [ RunTime:0.000000s ]
SQL: SELECT * FROM `train_tourist` WHERE `trainId` = 112  [ RunTime:0.000000s ]
SQL: SELECT * FROM `train_tourist` WHERE `trainId` = 119  [ RunTime:0.001000s ]
SQL: SELECT * FROM `train_tourist` WHERE `trainId` = 126  [ RunTime:0.000000s ]
SQL: SELECT * FROM `train_tourist` WHERE `trainId` = 133  [ RunTime:0.000000s ]
SQL: UPDATE `train_date01_seat` SET `date`='2018-10-06',`is_empty`=1,`sfz`=null WHERE `date` = '2018-09-29' [ RunTime:0.001000s ]
SQL: SELECT * FROM `train_trains_info` WHERE `begin_date` = '2018-09-29'  [ RunTime:0.000000s ]
SQL: SELECT * FROM `train_tourist` WHERE `trainId` = 105  [ RunTime:0.000000s ]
SQL: SELECT * FROM `train_tourist` WHERE `trainId` = 112  [ RunTime:0.000000s ]
SQL: SELECT * FROM `train_tourist` WHERE `trainId` = 119  [ RunTime:0.000000s ]
SQL: SELECT * FROM `train_tourist` WHERE `trainId` = 126  [ RunTime:0.000000s ]
SQL: SELECT * FROM `train_tourist` WHERE `trainId` = 133  [ RunTime:0.001000s ]
SQL: UPDATE `train_date01_seat` SET `date`='2018-10-06',`is_empty`=1,`sfz`=null WHERE `date` = '2018-09-29' [ RunTime:0.000000s ]
SQL: SELECT * FROM `train_trains_info` WHERE `begin_date` = '2018-09-29'  [ RunTime:0.001000s ]
SQL: SELECT * FROM `train_tourist` WHERE `trainId` = 105  [ RunTime:0.000000s ]
SQL: SELECT * FROM `train_tourist` WHERE `trainId` = 112  [ RunTime:0.000000s ]
SQL: SELECT * FROM `train_tourist` WHERE `trainId` = 119  [ RunTime:0.001000s ]
SQL: SELECT * FROM `train_tourist` WHERE `trainId` = 126  [ RunTime:0.000000s ]
SQL: SELECT * FROM `train_tourist` WHERE `trainId` = 133  [ RunTime:0.000000s ]
SQL: UPDATE `train_date01_seat` SET `date`='2018-10-06',`is_empty`=1,`sfz`=null WHERE `date` = '2018-09-29' [ RunTime:0.000000s ]
SQL: SELECT * FROM `train_trains_info` WHERE `begin_date` = '2018-09-29'  [ RunTime:0.000000s ]
SQL: SELECT * FROM `train_tourist` WHERE `trainId` = 105  [ RunTime:0.001000s ]
SQL: SELECT * FROM `train_tourist` WHERE `trainId` = 112  [ RunTime:0.000000s ]
SQL: SELECT * FROM `train_tourist` WHERE `trainId` = 119  [ RunTime:0.000000s ]
SQL: SELECT * FROM `train_tourist` WHERE `trainId` = 126  [ RunTime:0.001000s ]
SQL: SELECT * FROM `train_tourist` WHERE `trainId` = 133  [ RunTime:0.000000s ]
SQL: UPDATE `train_date01_seat` SET `date`='2018-10-06',`is_empty`=1,`sfz`=null WHERE `date` = '2018-09-29' [ RunTime:0.000000s ]
SQL: SELECT * FROM `train_trains_info` WHERE `begin_date` = '2018-09-29'  [ RunTime:0.001000s ]
SQL: SELECT * FROM `train_tourist` WHERE `trainId` = 105  [ RunTime:0.000000s ]
SQL: SELECT * FROM `train_tourist` WHERE `trainId` = 112  [ RunTime:0.000000s ]
SQL: SELECT * FROM `train_tourist` WHERE `trainId` = 119  [ RunTime:0.000000s ]
SQL: SELECT * FROM `train_tourist` WHERE `trainId` = 126  [ RunTime:0.000000s ]
SQL: SELECT * FROM `train_tourist` WHERE `trainId` = 133  [ RunTime:0.001000s ]
SQL: UPDATE `train_date01_seat` SET `date`='2018-10-06',`is_empty`=1,`sfz`=null WHERE `date` = '2018-09-29' [ RunTime:0.000000s ]
SQL: SELECT * FROM `train_trains_info` WHERE `begin_date` = '2018-09-29'  [ RunTime:0.001000s ]
SQL: SELECT * FROM `train_tourist` WHERE `trainId` = 105  [ RunTime:0.000000s ]
SQL: SELECT * FROM `train_tourist` WHERE `trainId` = 112  [ RunTime:0.000000s ]
SQL: SELECT * FROM `train_tourist` WHERE `trainId` = 119  [ RunTime:0.001000s ]
SQL: SELECT * FROM `train_tourist` WHERE `trainId` = 126  [ RunTime:0.000000s ]
SQL: SELECT * FROM `train_tourist` WHERE `trainId` = 133  [ RunTime:0.000000s ]
SQL: UPDATE `train_date01_seat` SET `date`='2018-10-06',`is_empty`=1,`sfz`=null WHERE `date` = '2018-09-29' [ RunTime:0.001000s ]
SQL: SELECT * FROM `train_trains_info` WHERE `begin_date` = '2018-09-29'  [ RunTime:0.000000s ]
SQL: SELECT * FROM `train_tourist` WHERE `trainId` = 105  [ RunTime:0.000000s ]
SQL: SELECT * FROM `train_tourist` WHERE `trainId` = 112  [ RunTime:0.001000s ]
SQL: SELECT * FROM `train_tourist` WHERE `trainId` = 119  [ RunTime:0.000000s ]
SQL: SELECT * FROM `train_tourist` WHERE `trainId` = 126  [ RunTime:0.000000s ]
SQL: SELECT * FROM `train_tourist` WHERE `trainId` = 133  [ RunTime:0.001000s ]
SQL: UPDATE `train_date01_seat` SET `date`='2018-10-06',`is_empty`=1,`sfz`=null WHERE `date` = '2018-09-29' [ RunTime:0.000000s ]
SQL: SELECT * FROM `train_trains_info` WHERE `begin_date` = '2018-09-29'  [ RunTime:0.000000s ]
SQL: SELECT * FROM `train_tourist` WHERE `trainId` = 105  [ RunTime:0.000000s ]
SQL: SELECT * FROM `train_tourist` WHERE `trainId` = 112  [ RunTime:0.000000s ]
SQL: SELECT * FROM `train_tourist` WHERE `trainId` = 119  [ RunTime:0.000000s ]
SQL: SELECT * FROM `train_tourist` WHERE `trainId` = 126  [ RunTime:0.001000s ]
SQL: SELECT * FROM `train_tourist` WHERE `trainId` = 133  [ RunTime:0.000000s ]
SQL: UPDATE `train_date01_seat` SET `date`='2018-10-06',`is_empty`=1,`sfz`=null WHERE `date` = '2018-09-29' [ RunTime:0.000000s ]
SQL: SELECT * FROM `train_trains_info` WHERE `begin_date` = '2018-09-29'  [ RunTime:0.000000s ]
SQL: SELECT * FROM `train_tourist` WHERE `trainId` = 105  [ RunTime:0.001000s ]
SQL: SELECT * FROM `train_tourist` WHERE `trainId` = 112  [ RunTime:0.000000s ]
SQL: SELECT * FROM `train_tourist` WHERE `trainId` = 119  [ RunTime:0.000000s ]
SQL: SELECT * FROM `train_tourist` WHERE `trainId` = 126  [ RunTime:0.001000s ]
SQL: SELECT * FROM `train_tourist` WHERE `trainId` = 133  [ RunTime:0.000000s ]
SQL: UPDATE `train_date01_seat` SET `date`='2018-10-06',`is_empty`=1,`sfz`=null WHERE `date` = '2018-09-29' [ RunTime:0.000000s ]
SQL: SELECT * FROM `train_trains_info` WHERE `begin_date` = '2018-09-29'  [ RunTime:0.001000s ]
SQL: SELECT * FROM `train_tourist` WHERE `trainId` = 105  [ RunTime:0.000000s ]
SQL: SELECT * FROM `train_tourist` WHERE `trainId` = 112  [ RunTime:0.001000s ]
SQL: SELECT * FROM `train_tourist` WHERE `trainId` = 119  [ RunTime:0.000000s ]
SQL: SELECT * FROM `train_tourist` WHERE `trainId` = 126  [ RunTime:0.000000s ]
SQL: SELECT * FROM `train_tourist` WHERE `trainId` = 133  [ RunTime:0.001000s ]
SQL: UPDATE `train_date01_seat` SET `date`='2018-10-06',`is_empty`=1,`sfz`=null WHERE `date` = '2018-09-29' [ RunTime:0.000000s ]
SQL: SELECT * FROM `train_trains_info` WHERE `begin_date` = '2018-09-29'  [ RunTime:0.000000s ]
SQL: SELECT * FROM `train_tourist` WHERE `trainId` = 105  [ RunTime:0.000000s ]
SQL: SELECT * FROM `train_tourist` WHERE `trainId` = 112  [ RunTime:0.000000s ]
SQL: SELECT * FROM `train_tourist` WHERE `trainId` = 119  [ RunTime:0.000000s ]
SQL: SELECT * FROM `train_tourist` WHERE `trainId` = 126  [ RunTime:0.000000s ]
SQL: SELECT * FROM `train_tourist` WHERE `trainId` = 133  [ RunTime:0.000000s ]
SQL: UPDATE `train_date01_seat` SET `date`='2018-10-06',`is_empty`=1,`sfz`=null WHERE `date` = '2018-09-29' [ RunTime:0.001000s ]
SQL: SELECT * FROM `train_trains_info` WHERE `begin_date` = '2018-09-29'  [ RunTime:0.000000s ]
SQL: SELECT * FROM `train_tourist` WHERE `trainId` = 105  [ RunTime:0.000000s ]
SQL: SELECT * FROM `train_tourist` WHERE `trainId` = 112  [ RunTime:0.001000s ]
SQL: SELECT * FROM `train_tourist` WHERE `trainId` = 119  [ RunTime:0.000000s ]
SQL: SELECT * FROM `train_tourist` WHERE `trainId` = 126  [ RunTime:0.000000s ]
SQL: SELECT * FROM `train_tourist` WHERE `trainId` = 133  [ RunTime:0.001000s ]
SQL: UPDATE `train_date01_seat` SET `date`='2018-10-06',`is_empty`=1,`sfz`=null WHERE `date` = '2018-09-29' [ RunTime:0.000000s ]
SQL: SELECT * FROM `train_trains_info` WHERE `begin_date` = '2018-09-29'  [ RunTime:0.000000s ]
SQL: SELECT * FROM `train_tourist` WHERE `trainId` = 105  [ RunTime:0.000000s ]
SQL: SELECT * FROM `train_tourist` WHERE `trainId` = 112  [ RunTime:0.000000s ]
SQL: SELECT * FROM `train_tourist` WHERE `trainId` = 119  [ RunTime:0.001000s ]
SQL: SELECT * FROM `train_tourist` WHERE `trainId` = 126  [ RunTime:0.000000s ]
SQL: SELECT * FROM `train_tourist` WHERE `trainId` = 133  [ RunTime:0.000000s ]
SQL: UPDATE `train_date01_seat` SET `date`='2018-10-06',`is_empty`=1,`sfz`=null WHERE `date` = '2018-09-29' [ RunTime:0.001000s ]
SQL: SELECT * FROM `train_trains_info` WHERE `begin_date` = '2018-09-29'  [ RunTime:0.000000s ]
SQL: SELECT * FROM `train_tourist` WHERE `trainId` = 105  [ RunTime:0.000000s ]
SQL: SELECT * FROM `train_tourist` WHERE `trainId` = 112  [ RunTime:0.001000s ]
SQL: SELECT * FROM `train_tourist` WHERE `trainId` = 119  [ RunTime:0.000000s ]
SQL: SELECT * FROM `train_tourist` WHERE `trainId` = 126  [ RunTime:0.000000s ]
SQL: SELECT * FROM `train_tourist` WHERE `trainId` = 133  [ RunTime:0.001000s ]
SQL: UPDATE `train_date01_seat` SET `date`='2018-10-06',`is_empty`=1,`sfz`=null WHERE `date` = '2018-09-29' [ RunTime:0.000000s ]
SQL: SELECT * FROM `train_trains_info` WHERE `begin_date` = '2018-09-29'  [ RunTime:0.001000s ]
SQL: SELECT * FROM `train_tourist` WHERE `trainId` = 105  [ RunTime:0.000000s ]
SQL: SELECT * FROM `train_tourist` WHERE `trainId` = 112  [ RunTime:0.000000s ]
SQL: SELECT * FROM `train_tourist` WHERE `trainId` = 119  [ RunTime:0.001000s ]
SQL: SELECT * FROM `train_tourist` WHERE `trainId` = 126  [ RunTime:0.000000s ]
SQL: SELECT * FROM `train_tourist` WHERE `trainId` = 133  [ RunTime:0.000000s ]
SQL: UPDATE `train_date01_seat` SET `date`='2018-10-06',`is_empty`=1,`sfz`=null WHERE `date` = '2018-09-29' [ RunTime:0.001000s ]
SQL: SELECT * FROM `train_trains_info` WHERE `begin_date` = '2018-09-29'  [ RunTime:0.000000s ]
SQL: SELECT * FROM `train_tourist` WHERE `trainId` = 105  [ RunTime:0.001000s ]
SQL: SELECT * FROM `train_tourist` WHERE `trainId` = 112  [ RunTime:0.000000s ]
SQL: SELECT * FROM `train_tourist` WHERE `trainId` = 119  [ RunTime:0.000000s ]
SQL: SELECT * FROM `train_tourist` WHERE `trainId` = 126  [ RunTime:0.001000s ]
SQL: SELECT * FROM `train_tourist` WHERE `trainId` = 133  [ RunTime:0.000000s ]
SQL: UPDATE `train_date01_seat` SET `date`='2018-10-06',`is_empty`=1,`sfz`=null WHERE `date` = '2018-09-29' [ RunTime:0.000000s ]
SQL: SELECT * FROM `train_trains_info` WHERE `begin_date` = '2018-09-29'  [ RunTime:0.001000s ]
SQL: SELECT * FROM `train_tourist` WHERE `trainId` = 105  [ RunTime:0.000000s ]
SQL: SELECT * FROM `train_tourist` WHERE `trainId` = 112  [ RunTime:0.000000s ]
SQL: SELECT * FROM `train_tourist` WHERE `trainId` = 119  [ RunTime:0.001000s ]
SQL: SELECT * FROM `train_tourist` WHERE `trainId` = 126  [ RunTime:0.000000s ]
SQL: SELECT * FROM `train_tourist` WHERE `trainId` = 133  [ RunTime:0.000000s ]
SQL: UPDATE `train_date01_seat` SET `date`='2018-10-06',`is_empty`=1,`sfz`=null WHERE `date` = '2018-09-29' [ RunTime:0.000000s ]
SQL: SELECT * FROM `train_trains_info` WHERE `begin_date` = '2018-09-29'  [ RunTime:0.000000s ]
SQL: SELECT * FROM `train_tourist` WHERE `trainId` = 105  [ RunTime:0.001000s ]
SQL: SELECT * FROM `train_tourist` WHERE `trainId` = 112  [ RunTime:0.000000s ]
SQL: SELECT * FROM `train_tourist` WHERE `trainId` = 119  [ RunTime:0.000000s ]
SQL: SELECT * FROM `train_tourist` WHERE `trainId` = 126  [ RunTime:0.001000s ]
SQL: SELECT * FROM `train_tourist` WHERE `trainId` = 133  [ RunTime:0.000000s ]
SQL: UPDATE `train_date01_seat` SET `date`='2018-10-06',`is_empty`=1,`sfz`=null WHERE `date` = '2018-09-29' [ RunTime:0.000000s ]
SQL: SELECT * FROM `train_trains_info` WHERE `begin_date` = '2018-09-29'  [ RunTime:0.001000s ]
SQL: SELECT * FROM `train_tourist` WHERE `trainId` = 105  [ RunTime:0.000000s ]
SQL: SELECT * FROM `train_tourist` WHERE `trainId` = 112  [ RunTime:0.000000s ]
SQL: SELECT * FROM `train_tourist` WHERE `trainId` = 119  [ RunTime:0.000000s ]
SQL: SELECT * FROM `train_tourist` WHERE `trainId` = 126  [ RunTime:0.000000s ]
SQL: SELECT * FROM `train_tourist` WHERE `trainId` = 133  [ RunTime:0.000000s ]
SQL: UPDATE `train_date01_seat` SET `date`='2018-10-06',`is_empty`=1,`sfz`=null WHERE `date` = '2018-09-29' [ RunTime:0.000000s ]
SQL: SELECT * FROM `train_trains_info` WHERE `begin_date` = '2018-09-29'  [ RunTime:0.000000s ]
SQL: SELECT * FROM `train_tourist` WHERE `trainId` = 105  [ RunTime:0.000000s ]
SQL: SELECT * FROM `train_tourist` WHERE `trainId` = 112  [ RunTime:0.001000s ]
SQL: SELECT * FROM `train_tourist` WHERE `trainId` = 119  [ RunTime:0.000000s ]
SQL: SELECT * FROM `train_tourist` WHERE `trainId` = 126  [ RunTime:0.000000s ]
SQL: SELECT * FROM `train_tourist` WHERE `trainId` = 133  [ RunTime:0.000000s ]
SQL: UPDATE `train_date01_seat` SET `date`='2018-10-06',`is_empty`=1,`sfz`=null WHERE `date` = '2018-09-29' [ RunTime:0.000000s ]
SQL: SELECT * FROM `train_trains_info` WHERE `begin_date` = '2018-09-29'  [ RunTime:0.000000s ]
SQL: SELECT * FROM `train_tourist` WHERE `trainId` = 105  [ RunTime:0.000000s ]
SQL: SELECT * FROM `train_tourist` WHERE `trainId` = 112  [ RunTime:0.000000s ]
SQL: SELECT * FROM `train_tourist` WHERE `trainId` = 119  [ RunTime:0.000000s ]
SQL: SELECT * FROM `train_tourist` WHERE `trainId` = 126  [ RunTime:0.001000s ]
SQL: SELECT * FROM `train_tourist` WHERE `trainId` = 133  [ RunTime:0.000000s ]
SQL: UPDATE `train_date01_seat` SET `date`='2018-10-06',`is_empty`=1,`sfz`=null WHERE `date` = '2018-09-29' [ RunTime:0.000000s ]
SQL: SELECT * FROM `train_trains_info` WHERE `begin_date` = '2018-09-29'  [ RunTime:0.001000s ]
SQL: SELECT * FROM `train_tourist` WHERE `trainId` = 105  [ RunTime:0.000000s ]
SQL: SELECT * FROM `train_tourist` WHERE `trainId` = 112  [ RunTime:0.000000s ]
SQL: SELECT * FROM `train_tourist` WHERE `trainId` = 119  [ RunTime:0.001000s ]
SQL: SELECT * FROM `train_tourist` WHERE `trainId` = 126  [ RunTime:0.000000s ]
SQL: SELECT * FROM `train_tourist` WHERE `trainId` = 133  [ RunTime:0.000000s ]
SQL: UPDATE `train_date01_seat` SET `date`='2018-10-06',`is_empty`=1,`sfz`=null WHERE `date` = '2018-09-29' [ RunTime:0.000000s ]
SQL: SELECT * FROM `train_trains_info` WHERE `begin_date` = '2018-09-29'  [ RunTime:0.000000s ]
SQL: SELECT * FROM `train_tourist` WHERE `trainId` = 105  [ RunTime:0.000000s ]
SQL: SELECT * FROM `train_tourist` WHERE `trainId` = 112  [ RunTime:0.000000s ]
SQL: SELECT * FROM `train_tourist` WHERE `trainId` = 119  [ RunTime:0.000000s ]
SQL: SELECT * FROM `train_tourist` WHERE `trainId` = 126  [ RunTime:0.000000s ]
SQL: SELECT * FROM `train_tourist` WHERE `trainId` = 133  [ RunTime:0.000000s ]
SQL: UPDATE `train_date01_seat` SET `date`='2018-10-06',`is_empty`=1,`sfz`=null WHERE `date` = '2018-09-29' [ RunTime:0.001000s ]
SQL: SELECT * FROM `train_trains_info` WHERE `begin_date` = '2018-09-29'  [ RunTime:0.000000s ]
SQL: SELECT * FROM `train_tourist` WHERE `trainId` = 105  [ RunTime:0.001000s ]
SQL: SELECT * FROM `train_tourist` WHERE `trainId` = 112  [ RunTime:0.000000s ]
SQL: SELECT * FROM `train_tourist` WHERE `trainId` = 119  [ RunTime:0.000000s ]
SQL: SELECT * FROM `train_tourist` WHERE `trainId` = 126  [ RunTime:0.000000s ]
SQL: SELECT * FROM `train_tourist` WHERE `trainId` = 133  [ RunTime:0.001000s ]
SQL: UPDATE `train_date01_seat` SET `date`='2018-10-06',`is_empty`=1,`sfz`=null WHERE `date` = '2018-09-29' [ RunTime:0.000000s ]
SQL: SELECT * FROM `train_trains_info` WHERE `begin_date` = '2018-09-29'  [ RunTime:0.000000s ]
SQL: SELECT * FROM `train_tourist` WHERE `trainId` = 105  [ RunTime:0.000000s ]
SQL: SELECT * FROM `train_tourist` WHERE `trainId` = 112  [ RunTime:0.000000s ]
SQL: SELECT * FROM `train_tourist` WHERE `trainId` = 119  [ RunTime:0.000000s ]
SQL: SELECT * FROM `train_tourist` WHERE `trainId` = 126  [ RunTime:0.001000s ]
SQL: SELECT * FROM `train_tourist` WHERE `trainId` = 133  [ RunTime:0.000000s ]
SQL: UPDATE `train_date01_seat` SET `date`='2018-10-06',`is_empty`=1,`sfz`=null WHERE `date` = '2018-09-29' [ RunTime:0.000000s ]
SQL: SELECT * FROM `train_trains_info` WHERE `begin_date` = '2018-09-29'  [ RunTime:0.001000s ]
SQL: SELECT * FROM `train_tourist` WHERE `trainId` = 105  [ RunTime:0.000000s ]
SQL: SELECT * FROM `train_tourist` WHERE `trainId` = 112  [ RunTime:0.000000s ]
SQL: SELECT * FROM `train_tourist` WHERE `trainId` = 119  [ RunTime:0.001000s ]
SQL: SELECT * FROM `train_tourist` WHERE `trainId` = 126  [ RunTime:0.000000s ]
SQL: SELECT * FROM `train_tourist` WHERE `trainId` = 133  [ RunTime:0.000000s ]
SQL: UPDATE `train_date01_seat` SET `date`='2018-10-06',`is_empty`=1,`sfz`=null WHERE `date` = '2018-09-29' [ RunTime:0.001000s ]
SQL: SELECT * FROM `train_trains_info` WHERE `begin_date` = '2018-09-29'  [ RunTime:0.000000s ]
SQL: SELECT * FROM `train_tourist` WHERE `trainId` = 105  [ RunTime:0.000000s ]
SQL: SELECT * FROM `train_tourist` WHERE `trainId` = 112  [ RunTime:0.000000s ]
SQL: SELECT * FROM `train_tourist` WHERE `trainId` = 119  [ RunTime:0.000000s ]
SQL: SELECT * FROM `train_tourist` WHERE `trainId` = 126  [ RunTime:0.000000s ]
SQL: SELECT * FROM `train_tourist` WHERE `trainId` = 133  [ RunTime:0.001000s ]
SQL: UPDATE `train_date01_seat` SET `date`='2018-10-06',`is_empty`=1,`sfz`=null WHERE `date` = '2018-09-29' [ RunTime:0.000000s ]
SQL: SELECT * FROM `train_trains_info` WHERE `begin_date` = '2018-09-29'  [ RunTime:0.000000s ]
SQL: SELECT * FROM `train_tourist` WHERE `trainId` = 105  [ RunTime:0.000000s ]
SQL: SELECT * FROM `train_tourist` WHERE `trainId` = 112  [ RunTime:0.000000s ]
SQL: SELECT * FROM `train_tourist` WHERE `trainId` = 119  [ RunTime:0.000000s ]
SQL: SELECT * FROM `train_tourist` WHERE `trainId` = 126  [ RunTime:0.001000s ]
SQL: SELECT * FROM `train_tourist` WHERE `trainId` = 133  [ RunTime:0.000000s ]
SQL: UPDATE `train_date01_seat` SET `date`='2018-10-06',`is_empty`=1,`sfz`=null WHERE `date` = '2018-09-29' [ RunTime:0.000000s ]
SQL: SELECT * FROM `train_trains_info` WHERE `begin_date` = '2018-09-29'  [ RunTime:0.001000s ]
SQL: SELECT * FROM `train_tourist` WHERE `trainId` = 105  [ RunTime:0.000000s ]
SQL: SELECT * FROM `train_tourist` WHERE `trainId` = 112  [ RunTime:0.000000s ]
SQL: SELECT * FROM `train_tourist` WHERE `trainId` = 119  [ RunTime:0.000000s ]
SQL: SELECT * FROM `train_tourist` WHERE `trainId` = 126  [ RunTime:0.000000s ]
SQL: SELECT * FROM `train_tourist` WHERE `trainId` = 133  [ RunTime:0.000000s ]
SQL: UPDATE `train_date01_seat` SET `date`='2018-10-06',`is_empty`=1,`sfz`=null WHERE `date` = '2018-09-29' [ RunTime:0.000000s ]
SQL: SELECT * FROM `train_trains_info` WHERE `begin_date` = '2018-09-29'  [ RunTime:0.000000s ]
SQL: SELECT * FROM `train_tourist` WHERE `trainId` = 105  [ RunTime:0.000000s ]
SQL: SELECT * FROM `train_tourist` WHERE `trainId` = 112  [ RunTime:0.000000s ]
SQL: SELECT * FROM `train_tourist` WHERE `trainId` = 119  [ RunTime:0.000000s ]
SQL: SELECT * FROM `train_tourist` WHERE `trainId` = 126  [ RunTime:0.001000s ]
SQL: SELECT * FROM `train_tourist` WHERE `trainId` = 133  [ RunTime:0.000000s ]
SQL: UPDATE `train_date01_seat` SET `date`='2018-10-06',`is_empty`=1,`sfz`=null WHERE `date` = '2018-09-29' [ RunTime:0.001000s ]
SQL: SELECT * FROM `train_trains_info` WHERE `begin_date` = '2018-09-29'  [ RunTime:0.000000s ]
SQL: SELECT * FROM `train_tourist` WHERE `trainId` = 105  [ RunTime:0.001000s ]
SQL: SELECT * FROM `train_tourist` WHERE `trainId` = 112  [ RunTime:0.000000s ]
SQL: SELECT * FROM `train_tourist` WHERE `trainId` = 119  [ RunTime:0.001000s ]
SQL: SELECT * FROM `train_tourist` WHERE `trainId` = 126  [ RunTime:0.000000s ]
SQL: SELECT * FROM `train_tourist` WHERE `trainId` = 133  [ RunTime:0.000000s ]
SQL: UPDATE `train_date01_seat` SET `date`='2018-10-06',`is_empty`=1,`sfz`=null WHERE `date` = '2018-09-29' [ RunTime:0.001000s ]
SQL: SELECT * FROM `train_trains_info` WHERE `begin_date` = '2018-09-29'  [ RunTime:0.000000s ]
SQL: SELECT * FROM `train_tourist` WHERE `trainId` = 105  [ RunTime:0.000000s ]
SQL: SELECT * FROM `train_tourist` WHERE `trainId` = 112  [ RunTime:0.000000s ]
SQL: SELECT * FROM `train_tourist` WHERE `trainId` = 119  [ RunTime:0.000000s ]
SQL: SELECT * FROM `train_tourist` WHERE `trainId` = 126  [ RunTime:0.000000s ]
SQL: SELECT * FROM `train_tourist` WHERE `trainId` = 133  [ RunTime:0.001000s ]
SQL: UPDATE `train_date01_seat` SET `date`='2018-10-06',`is_empty`=1,`sfz`=null WHERE `date` = '2018-09-29' [ RunTime:0.000000s ]
SQL: SELECT * FROM `train_trains_info` WHERE `begin_date` = '2018-09-29'  [ RunTime:0.000000s ]
SQL: SELECT * FROM `train_tourist` WHERE `trainId` = 105  [ RunTime:0.000000s ]
SQL: SELECT * FROM `train_tourist` WHERE `trainId` = 112  [ RunTime:0.000000s ]
SQL: SELECT * FROM `train_tourist` WHERE `trainId` = 119  [ RunTime:0.000000s ]
SQL: SELECT * FROM `train_tourist` WHERE `trainId` = 126  [ RunTime:0.001000s ]
SQL: SELECT * FROM `train_tourist` WHERE `trainId` = 133  [ RunTime:0.000000s ]
SQL: UPDATE `train_date01_seat` SET `date`='2018-10-06',`is_empty`=1,`sfz`=null WHERE `date` = '2018-09-29' [ RunTime:0.000000s ]
SQL: SELECT * FROM `train_trains_info` WHERE `begin_date` = '2018-09-29'  [ RunTime:0.001000s ]
SQL: SELECT * FROM `train_tourist` WHERE `trainId` = 105  [ RunTime:0.000000s ]
SQL: SELECT * FROM `train_tourist` WHERE `trainId` = 112  [ RunTime:0.000000s ]
SQL: SELECT * FROM `train_tourist` WHERE `trainId` = 119  [ RunTime:0.001000s ]
SQL: SELECT * FROM `train_tourist` WHERE `trainId` = 126  [ RunTime:0.000000s ]
SQL: SELECT * FROM `train_tourist` WHERE `trainId` = 133  [ RunTime:0.000000s ]
SQL: UPDATE `train_date01_seat` SET `date`='2018-10-06',`is_empty`=1,`sfz`=null WHERE `date` = '2018-09-29' [ RunTime:0.000000s ]
SQL: SELECT * FROM `train_trains_info` WHERE `begin_date` = '2018-09-29'  [ RunTime:0.000000s ]
SQL: SELECT * FROM `train_tourist` WHERE `trainId` = 105  [ RunTime:0.001000s ]
SQL: SELECT * FROM `train_tourist` WHERE `trainId` = 112  [ RunTime:0.000000s ]
SQL: SELECT * FROM `train_tourist` WHERE `trainId` = 119  [ RunTime:0.000000s ]
SQL: SELECT * FROM `train_tourist` WHERE `trainId` = 126  [ RunTime:0.000000s ]
SQL: SELECT * FROM `train_tourist` WHERE `trainId` = 133  [ RunTime:0.000000s ]
SQL: UPDATE `train_date01_seat` SET `date`='2018-10-06',`is_empty`=1,`sfz`=null WHERE `date` = '2018-09-29' [ RunTime:0.000000s ]
SQL: SELECT * FROM `train_trains_info` WHERE `begin_date` = '2018-09-29'  [ RunTime:0.000000s ]
SQL: SELECT * FROM `train_tourist` WHERE `trainId` = 105  [ RunTime:0.000000s ]
SQL: SELECT * FROM `train_tourist` WHERE `trainId` = 112  [ RunTime:0.000000s ]
SQL: SELECT * FROM `train_tourist` WHERE `trainId` = 119  [ RunTime:0.000000s ]
SQL: SELECT * FROM `train_tourist` WHERE `trainId` = 126  [ RunTime:0.000000s ]
SQL: SELECT * FROM `train_tourist` WHERE `trainId` = 133  [ RunTime:0.000000s ]
SQL: UPDATE `train_date01_seat` SET `date`='2018-10-06',`is_empty`=1,`sfz`=null WHERE `date` = '2018-09-29' [ RunTime:0.000000s ]
SQL: SELECT * FROM `train_trains_info` WHERE `begin_date` = '2018-09-29'  [ RunTime:0.000000s ]
SQL: SELECT * FROM `train_tourist` WHERE `trainId` = 105  [ RunTime:0.000000s ]
SQL: SELECT * FROM `train_tourist` WHERE `trainId` = 112  [ RunTime:0.000000s ]
SQL: SELECT * FROM `train_tourist` WHERE `trainId` = 119  [ RunTime:0.000000s ]
SQL: SELECT * FROM `train_tourist` WHERE `trainId` = 126  [ RunTime:0.000000s ]
SQL: SELECT * FROM `train_tourist` WHERE `trainId` = 133  [ RunTime:0.000000s ]
SQL: UPDATE `train_date01_seat` SET `date`='2018-10-06',`is_empty`=1,`sfz`=null WHERE `date` = '2018-09-29' [ RunTime:0.001000s ]
SQL: SELECT * FROM `train_trains_info` WHERE `begin_date` = '2018-09-29'  [ RunTime:0.000000s ]
SQL: SELECT * FROM `train_tourist` WHERE `trainId` = 105  [ RunTime:0.001000s ]
SQL: SELECT * FROM `train_tourist` WHERE `trainId` = 112  [ RunTime:0.000000s ]
SQL: SELECT * FROM `train_tourist` WHERE `trainId` = 119  [ RunTime:0.000000s ]
SQL: SELECT * FROM `train_tourist` WHERE `trainId` = 126  [ RunTime:0.001000s ]
SQL: SELECT * FROM `train_tourist` WHERE `trainId` = 133  [ RunTime:0.000000s ]
SQL: UPDATE `train_date01_seat` SET `date`='2018-10-06',`is_empty`=1,`sfz`=null WHERE `date` = '2018-09-29' [ RunTime:0.000000s ]
SQL: SELECT * FROM `train_trains_info` WHERE `begin_date` = '2018-09-29'  [ RunTime:0.001000s ]
SQL: SELECT * FROM `train_tourist` WHERE `trainId` = 105  [ RunTime:0.000000s ]
SQL: SELECT * FROM `train_tourist` WHERE `trainId` = 112  [ RunTime:0.000000s ]
SQL: SELECT * FROM `train_tourist` WHERE `trainId` = 119  [ RunTime:0.001000s ]
SQL: SELECT * FROM `train_tourist` WHERE `trainId` = 126  [ RunTime:0.000000s ]
SQL: SELECT * FROM `train_tourist` WHERE `trainId` = 133  [ RunTime:0.000000s ]
SQL: UPDATE `train_date01_seat` SET `date`='2018-10-06',`is_empty`=1,`sfz`=null WHERE `date` = '2018-09-29' [ RunTime:0.001000s ]
SQL: SELECT * FROM `train_trains_info` WHERE `begin_date` = '2018-09-29'  [ RunTime:0.000000s ]
SQL: SELECT * FROM `train_tourist` WHERE `trainId` = 105  [ RunTime:0.000000s ]
SQL: SELECT * FROM `train_tourist` WHERE `trainId` = 112  [ RunTime:0.001000s ]
SQL: SELECT * FROM `train_tourist` WHERE `trainId` = 119  [ RunTime:0.000000s ]
SQL: SELECT * FROM `train_tourist` WHERE `trainId` = 126  [ RunTime:0.000000s ]
SQL: SELECT * FROM `train_tourist` WHERE `trainId` = 133  [ RunTime:0.001000s ]
SQL: UPDATE `train_date01_seat` SET `date`='2018-10-06',`is_empty`=1,`sfz`=null WHERE `date` = '2018-09-29' [ RunTime:0.000000s ]
SQL: SELECT * FROM `train_trains_info` WHERE `begin_date` = '2018-09-29'  [ RunTime:0.000000s ]
SQL: SELECT * FROM `train_tourist` WHERE `trainId` = 105  [ RunTime:0.001000s ]
SQL: SELECT * FROM `train_tourist` WHERE `trainId` = 112  [ RunTime:0.000000s ]
SQL: SELECT * FROM `train_tourist` WHERE `trainId` = 119  [ RunTime:0.001000s ]
SQL: SELECT * FROM `train_tourist` WHERE `trainId` = 126  [ RunTime:0.000000s ]
SQL: SELECT * FROM `train_tourist` WHERE `trainId` = 133  [ RunTime:0.000000s ]
SQL: UPDATE `train_date01_seat` SET `date`='2018-10-06',`is_empty`=1,`sfz`=null WHERE `date` = '2018-09-29' [ RunTime:0.000000s ]
SQL: SELECT * FROM `train_trains_info` WHERE `begin_date` = '2018-09-29'  [ RunTime:0.000000s ]
SQL: SELECT * FROM `train_tourist` WHERE `trainId` = 105  [ RunTime:0.001000s ]
SQL: SELECT * FROM `train_tourist` WHERE `trainId` = 112  [ RunTime:0.000000s ]
SQL: SELECT * FROM `train_tourist` WHERE `trainId` = 119  [ RunTime:0.000000s ]
SQL: SELECT * FROM `train_tourist` WHERE `trainId` = 126  [ RunTime:0.001000s ]
SQL: SELECT * FROM `train_tourist` WHERE `trainId` = 133  [ RunTime:0.000000s ]
SQL: UPDATE `train_date01_seat` SET `date`='2018-10-06',`is_empty`=1,`sfz`=null WHERE `date` = '2018-09-29' [ RunTime:0.000000s ]
SQL: SELECT * FROM `train_trains_info` WHERE `begin_date` = '2018-09-29'  [ RunTime:0.000000s ]
SQL: SELECT * FROM `train_tourist` WHERE `trainId` = 105  [ RunTime:0.000000s ]
SQL: SELECT * FROM `train_tourist` WHERE `trainId` = 112  [ RunTime:0.000000s ]
SQL: SELECT * FROM `train_tourist` WHERE `trainId` = 119  [ RunTime:0.000000s ]
SQL: SELECT * FROM `train_tourist` WHERE `trainId` = 126  [ RunTime:0.000000s ]
SQL: SELECT * FROM `train_tourist` WHERE `trainId` = 133  [ RunTime:0.000000s ]
SQL: UPDATE `train_date01_seat` SET `date`='2018-10-06',`is_empty`=1,`sfz`=null WHERE `date` = '2018-09-29' [ RunTime:0.001000s ]
SQL: SELECT * FROM `train_trains_info` WHERE `begin_date` = '2018-09-29'  [ RunTime:0.000000s ]
SQL: SELECT * FROM `train_tourist` WHERE `trainId` = 105  [ RunTime:0.000000s ]
SQL: SELECT * FROM `train_tourist` WHERE `trainId` = 112  [ RunTime:0.000000s ]
SQL: SELECT * FROM `train_tourist` WHERE `trainId` = 119  [ RunTime:0.000000s ]
SQL: SELECT * FROM `train_tourist` WHERE `trainId` = 126  [ RunTime:0.000000s ]
SQL: SELECT * FROM `train_tourist` WHERE `trainId` = 133  [ RunTime:0.000000s ]
SQL: UPDATE `train_date01_seat` SET `date`='2018-10-06',`is_empty`=1,`sfz`=null WHERE `date` = '2018-09-29' [ RunTime:0.000000s ]
SQL: SELECT * FROM `train_trains_info` WHERE `begin_date` = '2018-09-29'  [ RunTime:0.001000s ]
SQL: SELECT * FROM `train_tourist` WHERE `trainId` = 105  [ RunTime:0.000000s ]
SQL: SELECT * FROM `train_tourist` WHERE `trainId` = 112  [ RunTime:0.000000s ]
SQL: SELECT * FROM `train_tourist` WHERE `trainId` = 119  [ RunTime:0.000000s ]
SQL: SELECT * FROM `train_tourist` WHERE `trainId` = 126  [ RunTime:0.000000s ]
SQL: SELECT * FROM `train_tourist` WHERE `trainId` = 133  [ RunTime:0.000000s ]
SQL: UPDATE `train_date01_seat` SET `date`='2018-10-06',`is_empty`=1,`sfz`=null WHERE `date` = '2018-09-29' [ RunTime:0.000000s ]
SQL: SELECT * FROM `train_trains_info` WHERE `begin_date` = '2018-09-29'  [ RunTime:0.000000s ]
SQL: SELECT * FROM `train_tourist` WHERE `trainId` = 105  [ RunTime:0.000000s ]
SQL: SELECT * FROM `train_tourist` WHERE `trainId` = 112  [ RunTime:0.000000s ]
SQL: SELECT * FROM `train_tourist` WHERE `trainId` = 119  [ RunTime:0.000000s ]
SQL: SELECT * FROM `train_tourist` WHERE `trainId` = 126  [ RunTime:0.000000s ]
SQL: SELECT * FROM `train_tourist` WHERE `trainId` = 133  [ RunTime:0.000000s ]
SQL: UPDATE `train_date01_seat` SET `date`='2018-10-06',`is_empty`=1,`sfz`=null WHERE `date` = '2018-09-29' [ RunTime:0.000000s ]
SQL: SELECT * FROM `train_trains_info` WHERE `begin_date` = '2018-09-29'  [ RunTime:0.000000s ]
SQL: SELECT * FROM `train_tourist` WHERE `trainId` = 105  [ RunTime:0.000000s ]
SQL: SELECT * FROM `train_tourist` WHERE `trainId` = 112  [ RunTime:0.001000s ]
SQL: SELECT * FROM `train_tourist` WHERE `trainId` = 119  [ RunTime:0.000000s ]
SQL: SELECT * FROM `train_tourist` WHERE `trainId` = 126  [ RunTime:0.001000s ]
SQL: SELECT * FROM `train_tourist` WHERE `trainId` = 133  [ RunTime:0.000000s ]
SQL: SELECT * FROM `train_date02_seat`  [ RunTime:0.001000s ]
SQL: SELECT * FROM `train_date03_seat`  [ RunTime:0.001000s ]
SQL: SELECT * FROM `train_date04_seat`  [ RunTime:0.000000s ]
SQL: SELECT * FROM `train_date05_seat`  [ RunTime:0.000000s ]
SQL: SELECT * FROM `train_date06_seat`  [ RunTime:0.001000s ]
SQL: SELECT * FROM `train_date07_seat`  [ RunTime:0.001000s ]
INFO: [ view_parse ] --START--
INFO: [ template_filter ] --START--
INFO: Run Behavior\ContentReplaceBehavior [ RunTime:0.001000s ]
INFO: [ template_filter ] --END-- [ RunTime:0.001000s ]
INFO: Run Behavior\ParseTemplateBehavior [ RunTime:0.163000s ]
INFO: [ view_parse ] --END-- [ RunTime:0.163000s ]
INFO: [ view_filter ] --START--
INFO: Run Behavior\WriteHtmlCacheBehavior [ RunTime:0.021000s ]
INFO: [ view_filter ] --END-- [ RunTime:0.021000s ]
INFO: [ app_end ] --START--
INFO: Run Behavior\ShowPageTraceBehavior [ RunTime:0.004000s ]
INFO: [ app_end ] --END-- [ RunTime:0.004000s ]

[ 2018-09-30T10:13:07+08:00 ] ::1 /Public/Home/js/jquery-1.11.3.min.js
INFO: [ app_init ] --START--
INFO: Run Behavior\BuildLiteBehavior [ RunTime:0.000000s ]
INFO: [ app_init ] --END-- [ RunTime:0.000000s ]
INFO: [ app_begin ] --START--
INFO: Run Behavior\ReadHtmlCacheBehavior [ RunTime:0.001000s ]
INFO: [ app_begin ] --END-- [ RunTime:0.001000s ]
ERR: 无法加载控制器:Public

[ 2018-09-30T10:17:28+08:00 ] ::1 /
INFO: [ app_init ] --START--
INFO: Run Behavior\BuildLiteBehavior [ RunTime:0.000000s ]
INFO: [ app_init ] --END-- [ RunTime:0.000000s ]
INFO: [ app_begin ] --START--
INFO: Run Behavior\ReadHtmlCacheBehavior [ RunTime:0.001000s ]
INFO: [ app_begin ] --END-- [ RunTime:0.001000s ]
NOTIC: [8192] mysql_connect(): The mysql extension is deprecated and will be removed in the future: use mysqli or PDO instead E:\xampp\htdocs\vhost\yikai.train1.com\ThinkPHP\Library\Think\Db\Driver\Mysql.class.php 第 52 行.
SQL: SHOW COLUMNS FROM `train_date01_seat` [ RunTime:0.002000s ]
SQL: SELECT * FROM `train_date01_seat`  [ RunTime:0.001000s ]
SQL: SHOW COLUMNS FROM `train_date02_seat` [ RunTime:0.002000s ]
SQL: SELECT * FROM `train_date02_seat`  [ RunTime:0.001000s ]
SQL: SHOW COLUMNS FROM `train_date03_seat` [ RunTime:0.002000s ]
SQL: SELECT * FROM `train_date03_seat`  [ RunTime:0.000000s ]
SQL: SHOW COLUMNS FROM `train_date04_seat` [ RunTime:0.003000s ]
SQL: SELECT * FROM `train_date04_seat`  [ RunTime:0.000000s ]
SQL: SHOW COLUMNS FROM `train_date05_seat` [ RunTime:0.011000s ]
SQL: SELECT * FROM `train_date05_seat`  [ RunTime:0.001000s ]
SQL: SHOW COLUMNS FROM `train_date06_seat` [ RunTime:0.002000s ]
SQL: SELECT * FROM `train_date06_seat`  [ RunTime:0.001000s ]
SQL: SHOW COLUMNS FROM `train_date07_seat` [ RunTime:0.002000s ]
SQL: SELECT * FROM `train_date07_seat`  [ RunTime:0.001000s ]
SQL: SELECT * FROM `train_date01_seat`  [ RunTime:0.001000s ]
SQL: SELECT * FROM `train_date02_seat`  [ RunTime:0.001000s ]
SQL: SELECT * FROM `train_date03_seat`  [ RunTime:0.000000s ]
SQL: SELECT * FROM `train_date04_seat`  [ RunTime:0.000000s ]
SQL: SELECT * FROM `train_date05_seat`  [ RunTime:0.000000s ]
SQL: SELECT * FROM `train_date06_seat`  [ RunTime:0.000000s ]
SQL: SELECT * FROM `train_date07_seat`  [ RunTime:0.000000s ]
INFO: [ view_parse ] --START--
INFO: [ template_filter ] --START--
INFO: Run Behavior\ContentReplaceBehavior [ RunTime:0.000000s ]
INFO: [ template_filter ] --END-- [ RunTime:0.000000s ]
INFO: Run Behavior\ParseTemplateBehavior [ RunTime:0.008000s ]
INFO: [ view_parse ] --END-- [ RunTime:0.008000s ]
INFO: [ view_filter ] --START--
INFO: Run Behavior\WriteHtmlCacheBehavior [ RunTime:0.000000s ]
INFO: [ view_filter ] --END-- [ RunTime:0.000000s ]
INFO: [ app_end ] --START--
INFO: Run Behavior\ShowPageTraceBehavior [ RunTime:0.001000s ]
INFO: [ app_end ] --END-- [ RunTime:0.001000s ]

[ 2018-09-30T10:17:28+08:00 ] ::1 /Public/Home/js/jquery-1.11.3.min.js
INFO: [ app_init ] --START--
INFO: Run Behavior\BuildLiteBehavior [ RunTime:0.000000s ]
INFO: [ app_init ] --END-- [ RunTime:0.000000s ]
INFO: [ app_begin ] --START--
INFO: Run Behavior\ReadHtmlCacheBehavior [ RunTime:0.001000s ]
INFO: [ app_begin ] --END-- [ RunTime:0.001000s ]
ERR: 无法加载控制器:Public

[ 2018-09-30T10:17:28+08:00 ] ::1 /Public/Home/js/jquery-1.11.3.min.js
INFO: [ app_init ] --START--
INFO: Run Behavior\BuildLiteBehavior [ RunTime:0.000000s ]
INFO: [ app_init ] --END-- [ RunTime:0.000000s ]
INFO: [ app_begin ] --START--
INFO: Run Behavior\ReadHtmlCacheBehavior [ RunTime:0.001000s ]
INFO: [ app_begin ] --END-- [ RunTime:0.001000s ]
ERR: 无法加载控制器:Public

[ 2018-09-30T10:17:45+08:00 ] ::1 /
INFO: [ app_init ] --START--
INFO: Run Behavior\BuildLiteBehavior [ RunTime:0.000000s ]
INFO: [ app_init ] --END-- [ RunTime:0.000000s ]
INFO: [ app_begin ] --START--
INFO: Run Behavior\ReadHtmlCacheBehavior [ RunTime:0.002000s ]
INFO: [ app_begin ] --END-- [ RunTime:0.002000s ]
NOTIC: [8192] mysql_connect(): The mysql extension is deprecated and will be removed in the future: use mysqli or PDO instead E:\xampp\htdocs\vhost\yikai.train1.com\ThinkPHP\Library\Think\Db\Driver\Mysql.class.php 第 52 行.
SQL: SHOW COLUMNS FROM `train_date01_seat` [ RunTime:0.002000s ]
SQL: SELECT * FROM `train_date01_seat`  [ RunTime:0.001000s ]
SQL: SHOW COLUMNS FROM `train_date02_seat` [ RunTime:0.001000s ]
SQL: SELECT * FROM `train_date02_seat`  [ RunTime:0.001000s ]
SQL: SHOW COLUMNS FROM `train_date03_seat` [ RunTime:0.002000s ]
SQL: SELECT * FROM `train_date03_seat`  [ RunTime:0.000000s ]
SQL: SHOW COLUMNS FROM `train_date04_seat` [ RunTime:0.002000s ]
SQL: SELECT * FROM `train_date04_seat`  [ RunTime:0.000000s ]
SQL: SHOW COLUMNS FROM `train_date05_seat` [ RunTime:0.001000s ]
SQL: SELECT * FROM `train_date05_seat`  [ RunTime:0.000000s ]
SQL: SHOW COLUMNS FROM `train_date06_seat` [ RunTime:0.001000s ]
SQL: SELECT * FROM `train_date06_seat`  [ RunTime:0.000000s ]
SQL: SHOW COLUMNS FROM `train_date07_seat` [ RunTime:0.001000s ]
SQL: SELECT * FROM `train_date07_seat`  [ RunTime:0.000000s ]
SQL: SELECT * FROM `train_date01_seat`  [ RunTime:0.000000s ]
SQL: SELECT * FROM `train_date02_seat`  [ RunTime:0.000000s ]
SQL: SELECT * FROM `train_date03_seat`  [ RunTime:0.001000s ]
SQL: SELECT * FROM `train_date04_seat`  [ RunTime:0.000000s ]
SQL: SELECT * FROM `train_date05_seat`  [ RunTime:0.000000s ]
SQL: SELECT * FROM `train_date06_seat`  [ RunTime:0.000000s ]
SQL: SELECT * FROM `train_date07_seat`  [ RunTime:0.001000s ]
INFO: [ view_parse ] --START--
INFO: [ template_filter ] --START--
INFO: Run Behavior\ContentReplaceBehavior [ RunTime:0.000000s ]
INFO: [ template_filter ] --END-- [ RunTime:0.000000s ]
INFO: Run Behavior\ParseTemplateBehavior [ RunTime:0.007000s ]
INFO: [ view_parse ] --END-- [ RunTime:0.008000s ]
INFO: [ view_filter ] --START--
INFO: Run Behavior\WriteHtmlCacheBehavior [ RunTime:0.000000s ]
INFO: [ view_filter ] --END-- [ RunTime:0.000000s ]
INFO: [ app_end ] --START--
INFO: Run Behavior\ShowPageTraceBehavior [ RunTime:0.000000s ]
INFO: [ app_end ] --END-- [ RunTime:0.000000s ]

[ 2018-09-30T10:17:45+08:00 ] ::1 /Public/Home/js/jquery-1.11.3.min.js
INFO: [ app_init ] --START--
INFO: Run Behavior\BuildLiteBehavior [ RunTime:0.000000s ]
INFO: [ app_init ] --END-- [ RunTime:0.000000s ]
INFO: [ app_begin ] --START--
INFO: Run Behavior\ReadHtmlCacheBehavior [ RunTime:0.001000s ]
INFO: [ app_begin ] --END-- [ RunTime:0.001000s ]
ERR: 无法加载控制器:Public

[ 2018-09-30T10:17:45+08:00 ] ::1 /Public/Home/js/jquery-1.11.3.min.js
INFO: [ app_init ] --START--
INFO: Run Behavior\BuildLiteBehavior [ RunTime:0.000000s ]
INFO: [ app_init ] --END-- [ RunTime:0.000000s ]
INFO: [ app_begin ] --START--
INFO: Run Behavior\ReadHtmlCacheBehavior [ RunTime:0.001000s ]
INFO: [ app_begin ] --END-- [ RunTime:0.001000s ]
ERR: 无法加载控制器:Public

[ 2018-09-30T10:17:56+08:00 ] 127.0.0.1 /
INFO: [ app_init ] --START--
INFO: Run Behavior\BuildLiteBehavior [ RunTime:0.000000s ]
INFO: [ app_init ] --END-- [ RunTime:0.000000s ]
INFO: [ app_begin ] --START--
INFO: Run Behavior\ReadHtmlCacheBehavior [ RunTime:0.000000s ]
INFO: [ app_begin ] --END-- [ RunTime:0.000000s ]
NOTIC: [8192] mysql_connect(): The mysql extension is deprecated and will be removed in the future: use mysqli or PDO instead E:\xampp\htdocs\vhost\yikai.train1.com\ThinkPHP\Library\Think\Db\Driver\Mysql.class.php 第 52 行.
SQL: SHOW COLUMNS FROM `train_date01_seat` [ RunTime:0.001000s ]
SQL: SELECT * FROM `train_date01_seat`  [ RunTime:0.001000s ]
SQL: SHOW COLUMNS FROM `train_date02_seat` [ RunTime:0.002000s ]
SQL: SELECT * FROM `train_date02_seat`  [ RunTime:0.000000s ]
SQL: SHOW COLUMNS FROM `train_date03_seat` [ RunTime:0.001000s ]
SQL: SELECT * FROM `train_date03_seat`  [ RunTime:0.001000s ]
SQL: SHOW COLUMNS FROM `train_date04_seat` [ RunTime:0.001000s ]
SQL: SELECT * FROM `train_date04_seat`  [ RunTime:0.001000s ]
SQL: SHOW COLUMNS FROM `train_date05_seat` [ RunTime:0.001000s ]
SQL: SELECT * FROM `train_date05_seat`  [ RunTime:0.001000s ]
SQL: SHOW COLUMNS FROM `train_date06_seat` [ RunTime:0.002000s ]
SQL: SELECT * FROM `train_date06_seat`  [ RunTime:0.001000s ]
SQL: SHOW COLUMNS FROM `train_date07_seat` [ RunTime:0.001000s ]
SQL: SELECT * FROM `train_date07_seat`  [ RunTime:0.001000s ]
SQL: SELECT * FROM `train_date01_seat`  [ RunTime:0.000000s ]
SQL: SELECT * FROM `train_date02_seat`  [ RunTime:0.000000s ]
SQL: SELECT * FROM `train_date03_seat`  [ RunTime:0.000000s ]
SQL: SELECT * FROM `train_date04_seat`  [ RunTime:0.001000s ]
SQL: SELECT * FROM `train_date05_seat`  [ RunTime:0.000000s ]
SQL: SELECT * FROM `train_date06_seat`  [ RunTime:0.000000s ]
SQL: SELECT * FROM `train_date07_seat`  [ RunTime:0.000000s ]
INFO: [ view_parse ] --START--
INFO: [ template_filter ] --START--
INFO: Run Behavior\ContentReplaceBehavior [ RunTime:0.000000s ]
INFO: [ template_filter ] --END-- [ RunTime:0.000000s ]
INFO: Run Behavior\ParseTemplateBehavior [ RunTime:0.006000s ]
INFO: [ view_parse ] --END-- [ RunTime:0.006000s ]
INFO: [ view_filter ] --START--
INFO: Run Behavior\WriteHtmlCacheBehavior [ RunTime:0.001000s ]
INFO: [ view_filter ] --END-- [ RunTime:0.001000s ]
INFO: [ app_end ] --START--
INFO: Run Behavior\ShowPageTraceBehavior [ RunTime:0.001000s ]
INFO: [ app_end ] --END-- [ RunTime:0.001000s ]

[ 2018-09-30T10:17:56+08:00 ] 127.0.0.1 /Public/Home/js/jquery-1.11.3.min.js
INFO: [ app_init ] --START--
INFO: Run Behavior\BuildLiteBehavior [ RunTime:0.000000s ]
INFO: [ app_init ] --END-- [ RunTime:0.000000s ]
INFO: [ app_begin ] --START--
INFO: Run Behavior\ReadHtmlCacheBehavior [ RunTime:0.001000s ]
INFO: [ app_begin ] --END-- [ RunTime:0.001000s ]
ERR: 无法加载控制器:Public

[ 2018-09-30T10:17:57+08:00 ] 127.0.0.1 /Public/Home/js/jquery-1.11.3.min.js
INFO: [ app_init ] --START--
INFO: Run Behavior\BuildLiteBehavior [ RunTime:0.000000s ]
INFO: [ app_init ] --END-- [ RunTime:0.000000s ]
INFO: [ app_begin ] --START--
INFO: Run Behavior\ReadHtmlCacheBehavior [ RunTime:0.001000s ]
INFO: [ app_begin ] --END-- [ RunTime:0.001000s ]
ERR: 无法加载控制器:Public

[ 2018-09-30T10:18:26+08:00 ] ::1 /
INFO: [ app_init ] --START--
INFO: Run Behavior\BuildLiteBehavior [ RunTime:0.000000s ]
INFO: [ app_init ] --END-- [ RunTime:0.000000s ]
INFO: [ app_begin ] --START--
INFO: Run Behavior\ReadHtmlCacheBehavior [ RunTime:0.001000s ]
INFO: [ app_begin ] --END-- [ RunTime:0.001000s ]
NOTIC: [8192] mysql_connect(): The mysql extension is deprecated and will be removed in the future: use mysqli or PDO instead E:\xampp\htdocs\vhost\yikai.train1.com\ThinkPHP\Library\Think\Db\Driver\Mysql.class.php 第 52 行.
SQL: SHOW COLUMNS FROM `train_date01_seat` [ RunTime:0.002000s ]
SQL: SELECT * FROM `train_date01_seat`  [ RunTime:0.000000s ]
SQL: SHOW COLUMNS FROM `train_date02_seat` [ RunTime:0.001000s ]
SQL: SELECT * FROM `train_date02_seat`  [ RunTime:0.001000s ]
SQL: SHOW COLUMNS FROM `train_date03_seat` [ RunTime:0.002000s ]
SQL: SELECT * FROM `train_date03_seat`  [ RunTime:0.000000s ]
SQL: SHOW COLUMNS FROM `train_date04_seat` [ RunTime:0.002000s ]
SQL: SELECT * FROM `train_date04_seat`  [ RunTime:0.001000s ]
SQL: SHOW COLUMNS FROM `train_date05_seat` [ RunTime:0.002000s ]
SQL: SELECT * FROM `train_date05_seat`  [ RunTime:0.001000s ]
SQL: SHOW COLUMNS FROM `train_date06_seat` [ RunTime:0.002000s ]
SQL: SELECT * FROM `train_date06_seat`  [ RunTime:0.000000s ]
SQL: SHOW COLUMNS FROM `train_date07_seat` [ RunTime:0.001000s ]
SQL: SELECT * FROM `train_date07_seat`  [ RunTime:0.001000s ]
SQL: SELECT * FROM `train_date01_seat`  [ RunTime:0.000000s ]
SQL: SELECT * FROM `train_date02_seat`  [ RunTime:0.000000s ]
SQL: SELECT * FROM `train_date03_seat`  [ RunTime:0.001000s ]
SQL: SELECT * FROM `train_date04_seat`  [ RunTime:0.001000s ]
SQL: SELECT * FROM `train_date05_seat`  [ RunTime:0.001000s ]
SQL: SELECT * FROM `train_date06_seat`  [ RunTime:0.001000s ]
SQL: SELECT * FROM `train_date07_seat`  [ RunTime:0.001000s ]
INFO: [ view_parse ] --START--
INFO: [ template_filter ] --START--
INFO: Run Behavior\ContentReplaceBehavior [ RunTime:0.000000s ]
INFO: [ template_filter ] --END-- [ RunTime:0.000000s ]
INFO: Run Behavior\ParseTemplateBehavior [ RunTime:0.011000s ]
INFO: [ view_parse ] --END-- [ RunTime:0.011000s ]
INFO: [ view_filter ] --START--
INFO: Run Behavior\WriteHtmlCacheBehavior [ RunTime:0.001000s ]
INFO: [ view_filter ] --END-- [ RunTime:0.001000s ]
INFO: [ app_end ] --START--
INFO: Run Behavior\ShowPageTraceBehavior [ RunTime:0.001000s ]
INFO: [ app_end ] --END-- [ RunTime:0.001000s ]

[ 2018-09-30T10:18:26+08:00 ] ::1 /Public/Home/js/jquery-1.11.3.min.js
INFO: [ app_init ] --START--
INFO: Run Behavior\BuildLiteBehavior [ RunTime:0.000000s ]
INFO: [ app_init ] --END-- [ RunTime:0.000000s ]
INFO: [ app_begin ] --START--
INFO: Run Behavior\ReadHtmlCacheBehavior [ RunTime:0.000000s ]
INFO: [ app_begin ] --END-- [ RunTime:0.000000s ]
ERR: 无法加载控制器:Public

[ 2018-09-30T10:18:26+08:00 ] ::1 /Public/Home/js/jquery-1.11.3.min.js
INFO: [ app_init ] --START--
INFO: Run Behavior\BuildLiteBehavior [ RunTime:0.000000s ]
INFO: [ app_init ] --END-- [ RunTime:0.000000s ]
INFO: [ app_begin ] --START--
INFO: Run Behavior\ReadHtmlCacheBehavior [ RunTime:0.001000s ]
INFO: [ app_begin ] --END-- [ RunTime:0.001000s ]
ERR: 无法加载控制器:Public

[ 2018-09-30T10:18:26+08:00 ] ::1 /Public/Home/js/jquery-1.11.3.min.js
INFO: [ app_init ] --START--
INFO: Run Behavior\BuildLiteBehavior [ RunTime:0.000000s ]
INFO: [ app_init ] --END-- [ RunTime:0.000000s ]
INFO: [ app_begin ] --START--
INFO: Run Behavior\ReadHtmlCacheBehavior [ RunTime:0.001000s ]
INFO: [ app_begin ] --END-- [ RunTime:0.001000s ]
ERR: 无法加载控制器:Public

[ 2018-09-30T10:19:11+08:00 ] ::1 /
INFO: [ app_init ] --START--
INFO: Run Behavior\BuildLiteBehavior [ RunTime:0.000000s ]
INFO: [ app_init ] --END-- [ RunTime:0.000000s ]
INFO: [ app_begin ] --START--
INFO: Run Behavior\ReadHtmlCacheBehavior [ RunTime:0.000000s ]
INFO: [ app_begin ] --END-- [ RunTime:0.000000s ]
NOTIC: [8192] mysql_connect(): The mysql extension is deprecated and will be removed in the future: use mysqli or PDO instead E:\xampp\htdocs\vhost\yikai.train1.com\ThinkPHP\Library\Think\Db\Driver\Mysql.class.php 第 52 行.
SQL: SHOW COLUMNS FROM `train_date01_seat` [ RunTime:0.000000s ]
SQL: SELECT * FROM `train_date01_seat`  [ RunTime:0.000000s ]
SQL: SHOW COLUMNS FROM `train_date02_seat` [ RunTime:0.000000s ]
SQL: SELECT * FROM `train_date02_seat`  [ RunTime:0.000000s ]
SQL: SHOW COLUMNS FROM `train_date03_seat` [ RunTime:0.010000s ]
SQL: SELECT * FROM `train_date03_seat`  [ RunTime:0.000000s ]
SQL: SHOW COLUMNS FROM `train_date04_seat` [ RunTime:0.000000s ]
SQL: SELECT * FROM `train_date04_seat`  [ RunTime:0.000000s ]
SQL: SHOW COLUMNS FROM `train_date05_seat` [ RunTime:0.000000s ]
SQL: SELECT * FROM `train_date05_seat`  [ RunTime:0.000000s ]
SQL: SHOW COLUMNS FROM `train_date06_seat` [ RunTime:0.000000s ]
SQL: SELECT * FROM `train_date06_seat`  [ RunTime:0.000000s ]
SQL: SHOW COLUMNS FROM `train_date07_seat` [ RunTime:0.000000s ]
SQL: SELECT * FROM `train_date07_seat`  [ RunTime:0.000000s ]
SQL: SELECT * FROM `train_date01_seat`  [ RunTime:0.010000s ]
SQL: SELECT * FROM `train_date02_seat`  [ RunTime:0.000000s ]
SQL: SELECT * FROM `train_date03_seat`  [ RunTime:0.000000s ]
SQL: SELECT * FROM `train_date04_seat`  [ RunTime:0.000000s ]
SQL: SELECT * FROM `train_date05_seat`  [ RunTime:0.000000s ]
SQL: SELECT * FROM `train_date06_seat`  [ RunTime:0.000000s ]
SQL: SELECT * FROM `train_date07_seat`  [ RunTime:0.000000s ]
INFO: [ view_parse ] --START--
INFO: [ template_filter ] --START--
INFO: Run Behavior\ContentReplaceBehavior [ RunTime:0.000000s ]
INFO: [ template_filter ] --END-- [ RunTime:0.000000s ]
INFO: Run Behavior\ParseTemplateBehavior [ RunTime:0.010000s ]
INFO: [ view_parse ] --END-- [ RunTime:0.010000s ]
INFO: [ view_filter ] --START--
INFO: Run Behavior\WriteHtmlCacheBehavior [ RunTime:0.000000s ]
INFO: [ view_filter ] --END-- [ RunTime:0.000000s ]
INFO: [ app_end ] --START--
INFO: Run Behavior\ShowPageTraceBehavior [ RunTime:0.000000s ]
INFO: [ app_end ] --END-- [ RunTime:0.000000s ]

[ 2018-09-30T10:19:11+08:00 ] ::1 /Public/Home/js/jquery-1.11.3.min.js
INFO: [ app_init ] --START--
INFO: Run Behavior\BuildLiteBehavior [ RunTime:0.000000s ]
INFO: [ app_init ] --END-- [ RunTime:0.000000s ]
INFO: [ app_begin ] --START--
INFO: Run Behavior\ReadHtmlCacheBehavior [ RunTime:0.000000s ]
INFO: [ app_begin ] --END-- [ RunTime:0.000000s ]
ERR: 无法加载控制器:Public

[ 2018-09-30T10:19:11+08:00 ] ::1 /Public/Home/js/jquery-1.11.3.min.js
INFO: [ app_init ] --START--
INFO: Run Behavior\BuildLiteBehavior [ RunTime:0.000000s ]
INFO: [ app_init ] --END-- [ RunTime:0.000000s ]
INFO: [ app_begin ] --START--
INFO: Run Behavior\ReadHtmlCacheBehavior [ RunTime:0.000000s ]
INFO: [ app_begin ] --END-- [ RunTime:0.000000s ]
ERR: 无法加载控制器:Public

[ 2018-09-30T10:19:12+08:00 ] ::1 /Public/Home/js/jquery-1.11.3.min.js
INFO: [ app_init ] --START--
INFO: Run Behavior\BuildLiteBehavior [ RunTime:0.000000s ]
INFO: [ app_init ] --END-- [ RunTime:0.000000s ]
INFO: [ app_begin ] --START--
INFO: Run Behavior\ReadHtmlCacheBehavior [ RunTime:0.000000s ]
INFO: [ app_begin ] --END-- [ RunTime:0.000000s ]
ERR: 无法加载控制器:Public

[ 2018-09-30T10:20:46+08:00 ] 127.0.0.1 /
INFO: [ app_init ] --START--
INFO: Run Behavior\BuildLiteBehavior [ RunTime:0.000000s ]
INFO: [ app_init ] --END-- [ RunTime:0.000000s ]
INFO: [ app_begin ] --START--
INFO: Run Behavior\ReadHtmlCacheBehavior [ RunTime:0.001000s ]
INFO: [ app_begin ] --END-- [ RunTime:0.001000s ]
NOTIC: [8192] mysql_connect(): The mysql extension is deprecated and will be removed in the future: use mysqli or PDO instead E:\xampp\htdocs\vhost\yikai.train1.com\ThinkPHP\Library\Think\Db\Driver\Mysql.class.php 第 52 行.
SQL: SHOW COLUMNS FROM `train_date01_seat` [ RunTime:0.001000s ]
SQL: SELECT * FROM `train_date01_seat`  [ RunTime:0.001000s ]
SQL: SHOW COLUMNS FROM `train_date02_seat` [ RunTime:0.001000s ]
SQL: SELECT * FROM `train_date02_seat`  [ RunTime:0.000000s ]
SQL: SHOW COLUMNS FROM `train_date03_seat` [ RunTime:0.001000s ]
SQL: SELECT * FROM `train_date03_seat`  [ RunTime:0.001000s ]
SQL: SHOW COLUMNS FROM `train_date04_seat` [ RunTime:0.002000s ]
SQL: SELECT * FROM `train_date04_seat`  [ RunTime:0.000000s ]
SQL: SHOW COLUMNS FROM `train_date05_seat` [ RunTime:0.002000s ]
SQL: SELECT * FROM `train_date05_seat`  [ RunTime:0.000000s ]
SQL: SHOW COLUMNS FROM `train_date06_seat` [ RunTime:0.002000s ]
SQL: SELECT * FROM `train_date06_seat`  [ RunTime:0.000000s ]
SQL: SHOW COLUMNS FROM `train_date07_seat` [ RunTime:0.001000s ]
SQL: SELECT * FROM `train_date07_seat`  [ RunTime:0.000000s ]
SQL: SELECT * FROM `train_date01_seat`  [ RunTime:0.000000s ]
SQL: SELECT * FROM `train_date02_seat`  [ RunTime:0.000000s ]
SQL: SELECT * FROM `train_date03_seat`  [ RunTime:0.000000s ]
SQL: SELECT * FROM `train_date04_seat`  [ RunTime:0.001000s ]
SQL: SELECT * FROM `train_date05_seat`  [ RunTime:0.001000s ]
SQL: SELECT * FROM `train_date06_seat`  [ RunTime:0.000000s ]
SQL: SELECT * FROM `train_date07_seat`  [ RunTime:0.000000s ]
INFO: [ view_parse ] --START--
INFO: [ template_filter ] --START--
INFO: Run Behavior\ContentReplaceBehavior [ RunTime:0.000000s ]
INFO: [ template_filter ] --END-- [ RunTime:0.000000s ]
INFO: Run Behavior\ParseTemplateBehavior [ RunTime:0.007000s ]
INFO: [ view_parse ] --END-- [ RunTime:0.007000s ]
INFO: [ view_filter ] --START--
INFO: Run Behavior\WriteHtmlCacheBehavior [ RunTime:0.000000s ]
INFO: [ view_filter ] --END-- [ RunTime:0.000000s ]
INFO: [ app_end ] --START--
INFO: Run Behavior\ShowPageTraceBehavior [ RunTime:0.001000s ]
INFO: [ app_end ] --END-- [ RunTime:0.001000s ]

[ 2018-09-30T10:20:46+08:00 ] 127.0.0.1 /Public/Home/js/jquery-1.11.3.min.js
INFO: [ app_init ] --START--
INFO: Run Behavior\BuildLiteBehavior [ RunTime:0.000000s ]
INFO: [ app_init ] --END-- [ RunTime:0.000000s ]
INFO: [ app_begin ] --START--
INFO: Run Behavior\ReadHtmlCacheBehavior [ RunTime:0.001000s ]
INFO: [ app_begin ] --END-- [ RunTime:0.001000s ]
ERR: 无法加载控制器:Public

[ 2018-09-30T10:20:46+08:00 ] 127.0.0.1 /Public/Home/js/jquery-1.11.3.min.js
INFO: [ app_init ] --START--
INFO: Run Behavior\BuildLiteBehavior [ RunTime:0.000000s ]
INFO: [ app_init ] --END-- [ RunTime:0.000000s ]
INFO: [ app_begin ] --START--
INFO: Run Behavior\ReadHtmlCacheBehavior [ RunTime:0.001000s ]
INFO: [ app_begin ] --END-- [ RunTime:0.001000s ]
ERR: 无法加载控制器:Public

[ 2018-09-30T10:20:52+08:00 ] ::1 /Public/Home/js/jquery-1.11.3.min.js
INFO: [ app_init ] --START--
INFO: Run Behavior\BuildLiteBehavior [ RunTime:0.000000s ]
INFO: [ app_init ] --END-- [ RunTime:0.000000s ]
INFO: [ app_begin ] --START--
INFO: Run Behavior\ReadHtmlCacheBehavior [ RunTime:0.000000s ]
INFO: [ app_begin ] --END-- [ RunTime:0.000000s ]
ERR: 无法加载控制器:Public

[ 2018-09-30T10:20:52+08:00 ] ::1 /Public/Home/js/jquery-1.11.3.min.js
INFO: [ app_init ] --START--
INFO: Run Behavior\BuildLiteBehavior [ RunTime:0.000000s ]
INFO: [ app_init ] --END-- [ RunTime:0.000000s ]
INFO: [ app_begin ] --START--
INFO: Run Behavior\ReadHtmlCacheBehavior [ RunTime:0.000000s ]
INFO: [ app_begin ] --END-- [ RunTime:0.000000s ]
ERR: 无法加载控制器:Public

[ 2018-09-30T10:24:22+08:00 ] 127.0.0.1 /
INFO: [ app_init ] --START--
INFO: Run Behavior\BuildLiteBehavior [ RunTime:0.000000s ]
INFO: [ app_init ] --END-- [ RunTime:0.000000s ]
INFO: [ app_begin ] --START--
INFO: Run Behavior\ReadHtmlCacheBehavior [ RunTime:0.001000s ]
INFO: [ app_begin ] --END-- [ RunTime:0.001000s ]
NOTIC: [8192] mysql_connect(): The mysql extension is deprecated and will be removed in the future: use mysqli or PDO instead E:\xampp\htdocs\vhost\yikai.train1.com\ThinkPHP\Library\Think\Db\Driver\Mysql.class.php 第 52 行.
SQL: SHOW COLUMNS FROM `train_date01_seat` [ RunTime:0.001000s ]
SQL: SELECT * FROM `train_date01_seat`  [ RunTime:0.001000s ]
SQL: SHOW COLUMNS FROM `train_date02_seat` [ RunTime:0.001000s ]
SQL: SELECT * FROM `train_date02_seat`  [ RunTime:0.000000s ]
SQL: SHOW COLUMNS FROM `train_date03_seat` [ RunTime:0.002000s ]
SQL: SELECT * FROM `train_date03_seat`  [ RunTime:0.000000s ]
SQL: SHOW COLUMNS FROM `train_date04_seat` [ RunTime:0.002000s ]
SQL: SELECT * FROM `train_date04_seat`  [ RunTime:0.000000s ]
SQL: SHOW COLUMNS FROM `train_date05_seat` [ RunTime:0.002000s ]
SQL: SELECT * FROM `train_date05_seat`  [ RunTime:0.000000s ]
SQL: SHOW COLUMNS FROM `train_date06_seat` [ RunTime:0.001000s ]
SQL: SELECT * FROM `train_date06_seat`  [ RunTime:0.000000s ]
SQL: SHOW COLUMNS FROM `train_date07_seat` [ RunTime:0.001000s ]
SQL: SELECT * FROM `train_date07_seat`  [ RunTime:0.000000s ]
SQL: SELECT * FROM `train_date01_seat`  [ RunTime:0.000000s ]
SQL: SELECT * FROM `train_date02_seat`  [ RunTime:0.001000s ]
SQL: SELECT * FROM `train_date03_seat`  [ RunTime:0.001000s ]
SQL: SELECT * FROM `train_date04_seat`  [ RunTime:0.000000s ]
SQL: SELECT * FROM `train_date05_seat`  [ RunTime:0.001000s ]
SQL: SELECT * FROM `train_date06_seat`  [ RunTime:0.001000s ]
SQL: SELECT * FROM `train_date07_seat`  [ RunTime:0.000000s ]
INFO: [ view_parse ] --START--
INFO: [ template_filter ] --START--
INFO: Run Behavior\ContentReplaceBehavior [ RunTime:0.000000s ]
INFO: [ template_filter ] --END-- [ RunTime:0.000000s ]
INFO: Run Behavior\ParseTemplateBehavior [ RunTime:0.007000s ]
INFO: [ view_parse ] --END-- [ RunTime:0.007000s ]
INFO: [ view_filter ] --START--
INFO: Run Behavior\WriteHtmlCacheBehavior [ RunTime:0.001000s ]
INFO: [ view_filter ] --END-- [ RunTime:0.001000s ]
INFO: [ app_end ] --START--
INFO: Run Behavior\ShowPageTraceBehavior [ RunTime:0.001000s ]
INFO: [ app_end ] --END-- [ RunTime:0.001000s ]

[ 2018-09-30T10:24:22+08:00 ] 127.0.0.1 /Public/Home/js/jquery-1.11.3.min.js
INFO: [ app_init ] --START--
INFO: Run Behavior\BuildLiteBehavior [ RunTime:0.000000s ]
INFO: [ app_init ] --END-- [ RunTime:0.000000s ]
INFO: [ app_begin ] --START--
INFO: Run Behavior\ReadHtmlCacheBehavior [ RunTime:0.000000s ]
INFO: [ app_begin ] --END-- [ RunTime:0.000000s ]
ERR: 无法加载控制器:Public

[ 2018-09-30T10:24:22+08:00 ] 127.0.0.1 /Public/Home/js/jquery-1.11.3.min.js
INFO: [ app_init ] --START--
INFO: Run Behavior\BuildLiteBehavior [ RunTime:0.000000s ]
INFO: [ app_init ] --END-- [ RunTime:0.000000s ]
INFO: [ app_begin ] --START--
INFO: Run Behavior\ReadHtmlCacheBehavior [ RunTime:0.000000s ]
INFO: [ app_begin ] --END-- [ RunTime:0.000000s ]
ERR: 无法加载控制器:Public

[ 2018-09-30T10:24:35+08:00 ] ::1 /index.php
INFO: [ app_init ] --START--
INFO: Run Behavior\BuildLiteBehavior [ RunTime:0.000000s ]
INFO: [ app_init ] --END-- [ RunTime:0.000000s ]
INFO: [ app_begin ] --START--
INFO: Run Behavior\ReadHtmlCacheBehavior [ RunTime:0.002000s ]
INFO: [ app_begin ] --END-- [ RunTime:0.002000s ]
NOTIC: [8192] mysql_connect(): The mysql extension is deprecated and will be removed in the future: use mysqli or PDO instead E:\xampp\htdocs\vhost\yikai.train1.com\ThinkPHP\Library\Think\Db\Driver\Mysql.class.php 第 52 行.
SQL: SHOW COLUMNS FROM `train_date01_seat` [ RunTime:0.003000s ]
SQL: SELECT * FROM `train_date01_seat`  [ RunTime:0.001000s ]
SQL: SHOW COLUMNS FROM `train_date02_seat` [ RunTime:0.003000s ]
SQL: SELECT * FROM `train_date02_seat`  [ RunTime:0.001000s ]
SQL: SHOW COLUMNS FROM `train_date03_seat` [ RunTime:0.003000s ]
SQL: SELECT * FROM `train_date03_seat`  [ RunTime:0.002000s ]
SQL: SHOW COLUMNS FROM `train_date04_seat` [ RunTime:0.003000s ]
SQL: SELECT * FROM `train_date04_seat`  [ RunTime:0.001000s ]
SQL: SHOW COLUMNS FROM `train_date05_seat` [ RunTime:0.003000s ]
SQL: SELECT * FROM `train_date05_seat`  [ RunTime:0.001000s ]
SQL: SHOW COLUMNS FROM `train_date06_seat` [ RunTime:0.003000s ]
SQL: SELECT * FROM `train_date06_seat`  [ RunTime:0.001000s ]
SQL: SHOW COLUMNS FROM `train_date07_seat` [ RunTime:0.003000s ]
SQL: SELECT * FROM `train_date07_seat`  [ RunTime:0.000000s ]
SQL: SELECT * FROM `train_date01_seat`  [ RunTime:0.001000s ]
SQL: SELECT * FROM `train_date02_seat`  [ RunTime:0.001000s ]
SQL: SELECT * FROM `train_date03_seat`  [ RunTime:0.001000s ]
SQL: SELECT * FROM `train_date04_seat`  [ RunTime:0.000000s ]
SQL: SELECT * FROM `train_date05_seat`  [ RunTime:0.001000s ]
SQL: SELECT * FROM `train_date06_seat`  [ RunTime:0.001000s ]
SQL: SELECT * FROM `train_date07_seat`  [ RunTime:0.001000s ]
INFO: [ view_parse ] --START--
INFO: [ template_filter ] --START--
INFO: Run Behavior\ContentReplaceBehavior [ RunTime:0.000000s ]
INFO: [ template_filter ] --END-- [ RunTime:0.000000s ]
INFO: Run Behavior\ParseTemplateBehavior [ RunTime:0.012000s ]
INFO: [ view_parse ] --END-- [ RunTime:0.012000s ]
INFO: [ view_filter ] --START--
INFO: Run Behavior\WriteHtmlCacheBehavior [ RunTime:0.000000s ]
INFO: [ view_filter ] --END-- [ RunTime:0.000000s ]
INFO: [ app_end ] --START--
INFO: Run Behavior\ShowPageTraceBehavior [ RunTime:0.001000s ]
INFO: [ app_end ] --END-- [ RunTime:0.002000s ]

[ 2018-09-30T10:24:35+08:00 ] ::1 /Public/Home/js/jquery-1.11.3.min.js
INFO: [ app_init ] --START--
INFO: Run Behavior\BuildLiteBehavior [ RunTime:0.000000s ]
INFO: [ app_init ] --END-- [ RunTime:0.000000s ]
INFO: [ app_begin ] --START--
INFO: Run Behavior\ReadHtmlCacheBehavior [ RunTime:0.001000s ]
INFO: [ app_begin ] --END-- [ RunTime:0.001000s ]
ERR: 无法加载控制器:Public

