[ 2018-05-22T10:54:04+08:00 ] 127.0.0.1 /Index/index
INFO: [ app_init ] --START--
INFO: Run Behavior\BuildLiteBehavior [ RunTime:0.000013s ]
INFO: [ app_init ] --END-- [ RunTime:0.000080s ]
INFO: [ app_begin ] --START--
INFO: Run Behavior\ReadHtmlCacheBehavior [ RunTime:0.000888s ]
INFO: [ app_begin ] --END-- [ RunTime:0.000979s ]
NOTIC: [8192] mysql_connect(): The mysql extension is deprecated and will be removed in the future: use mysqli or PDO instead D:\XAMPP\htdocs\vhost\yikai.train.com\ThinkPHP\Library\Think\Db\Driver\Mysql.class.php 第 52 行.
SQL: SHOW COLUMNS FROM `train_date01_seat` [ RunTime:0.002056s ]
SQL: SELECT * FROM `train_date01_seat`  [ RunTime:0.000490s ]
SQL: UPDATE `train_date01_seat` SET `date`='2018-05-27',`is_empty`=1,`sfz`=null WHERE `id` = 1 [ RunTime:0.249527s ]
SQL: SHOW COLUMNS FROM `train_trains_info` [ RunTime:0.001929s ]
SQL: SELECT * FROM `train_trains_info` WHERE `begin_date` = '2018-05-21'  [ RunTime:0.000532s ]
SQL: SHOW COLUMNS FROM `train_tourist` [ RunTime:0.001920s ]
SQL: SELECT * FROM `train_tourist` WHERE `trainId` = 91  [ RunTime:0.029996s ]
SQL: SELECT * FROM `train_tourist` WHERE `trainId` = 98  [ RunTime:0.000416s ]
SQL: UPDATE `train_date01_seat` SET `date`='2018-05-27',`is_empty`=1,`sfz`=null WHERE `id` = 2 [ RunTime:0.130280s ]
SQL: SELECT * FROM `train_trains_info` WHERE `begin_date` = '2018-05-21'  [ RunTime:0.001055s ]
SQL: SELECT * FROM `train_tourist` WHERE `trainId` = 91  [ RunTime:0.000642s ]
SQL: SELECT * FROM `train_tourist` WHERE `trainId` = 98  [ RunTime:0.000629s ]
SQL: UPDATE `train_date01_seat` SET `date`='2018-05-27',`is_empty`=1,`sfz`=null WHERE `id` = 3 [ RunTime:0.907045s ]
SQL: SELECT * FROM `train_trains_info` WHERE `begin_date` = '2018-05-21'  [ RunTime:0.000853s ]
SQL: SELECT * FROM `train_tourist` WHERE `trainId` = 91  [ RunTime:0.000511s ]
SQL: SELECT * FROM `train_tourist` WHERE `trainId` = 98  [ RunTime:0.000368s ]
SQL: UPDATE `train_date01_seat` SET `date`='2018-05-27',`is_empty`=1,`sfz`=null WHERE `id` = 4 [ RunTime:0.086726s ]
SQL: SELECT * FROM `train_trains_info` WHERE `begin_date` = '2018-05-21'  [ RunTime:0.000747s ]
SQL: SELECT * FROM `train_tourist` WHERE `trainId` = 91  [ RunTime:0.000499s ]
SQL: SELECT * FROM `train_tourist` WHERE `trainId` = 98  [ RunTime:0.000445s ]
SQL: UPDATE `train_date01_seat` SET `date`='2018-05-27',`is_empty`=1,`sfz`=null WHERE `id` = 5 [ RunTime:0.104114s ]
SQL: SELECT * FROM `train_trains_info` WHERE `begin_date` = '2018-05-21'  [ RunTime:0.000687s ]
SQL: SELECT * FROM `train_tourist` WHERE `trainId` = 91  [ RunTime:0.000413s ]
SQL: SELECT * FROM `train_tourist` WHERE `trainId` = 98  [ RunTime:0.000434s ]
SQL: UPDATE `train_date01_seat` SET `date`='2018-05-27',`is_empty`=1,`sfz`=null WHERE `id` = 6 [ RunTime:0.090497s ]
SQL: SELECT * FROM `train_trains_info` WHERE `begin_date` = '2018-05-21'  [ RunTime:0.000491s ]
SQL: SELECT * FROM `train_tourist` WHERE `trainId` = 91  [ RunTime:0.000367s ]
SQL: SELECT * FROM `train_tourist` WHERE `trainId` = 98  [ RunTime:0.000340s ]
SQL: UPDATE `train_date01_seat` SET `date`='2018-05-27',`is_empty`=1,`sfz`=null WHERE `id` = 7 [ RunTime:0.091631s ]
SQL: SELECT * FROM `train_trains_info` WHERE `begin_date` = '2018-05-21'  [ RunTime:0.000630s ]
SQL: SELECT * FROM `train_tourist` WHERE `trainId` = 91  [ RunTime:0.000570s ]
SQL: SELECT * FROM `train_tourist` WHERE `trainId` = 98  [ RunTime:0.000657s ]
SQL: UPDATE `train_date01_seat` SET `date`='2018-05-27',`is_empty`=1,`sfz`=null WHERE `id` = 8 [ RunTime:0.209061s ]
SQL: SELECT * FROM `train_trains_info` WHERE `begin_date` = '2018-05-21'  [ RunTime:0.000654s ]
SQL: SELECT * FROM `train_tourist` WHERE `trainId` = 91  [ RunTime:0.000437s ]
SQL: SELECT * FROM `train_tourist` WHERE `trainId` = 98  [ RunTime:0.000453s ]
SQL: UPDATE `train_date01_seat` SET `date`='2018-05-27',`is_empty`=1,`sfz`=null WHERE `id` = 9 [ RunTime:0.091765s ]
SQL: SELECT * FROM `train_trains_info` WHERE `begin_date` = '2018-05-21'  [ RunTime:0.000649s ]
SQL: SELECT * FROM `train_tourist` WHERE `trainId` = 91  [ RunTime:0.000458s ]
SQL: SELECT * FROM `train_tourist` WHERE `trainId` = 98  [ RunTime:0.000248s ]
SQL: UPDATE `train_date01_seat` SET `date`='2018-05-27',`is_empty`=1,`sfz`=null WHERE `id` = 10 [ RunTime:0.176103s ]
SQL: SELECT * FROM `train_trains_info` WHERE `begin_date` = '2018-05-21'  [ RunTime:0.001068s ]
SQL: SELECT * FROM `train_tourist` WHERE `trainId` = 91  [ RunTime:0.000702s ]
SQL: SELECT * FROM `train_tourist` WHERE `trainId` = 98  [ RunTime:0.000748s ]
SQL: UPDATE `train_date01_seat` SET `date`='2018-05-27',`is_empty`=1,`sfz`=null WHERE `id` = 11 [ RunTime:0.122351s ]
SQL: SELECT * FROM `train_trains_info` WHERE `begin_date` = '2018-05-21'  [ RunTime:0.001445s ]
SQL: SELECT * FROM `train_tourist` WHERE `trainId` = 91  [ RunTime:0.000897s ]
SQL: SELECT * FROM `train_tourist` WHERE `trainId` = 98  [ RunTime:0.000836s ]
SQL: UPDATE `train_date01_seat` SET `date`='2018-05-27',`is_empty`=1,`sfz`=null WHERE `id` = 12 [ RunTime:0.305399s ]
SQL: SELECT * FROM `train_trains_info` WHERE `begin_date` = '2018-05-21'  [ RunTime:0.000616s ]
SQL: SELECT * FROM `train_tourist` WHERE `trainId` = 91  [ RunTime:0.000400s ]
SQL: SELECT * FROM `train_tourist` WHERE `trainId` = 98  [ RunTime:0.000403s ]
SQL: UPDATE `train_date01_seat` SET `date`='2018-05-27',`is_empty`=1,`sfz`=null WHERE `id` = 13 [ RunTime:0.361744s ]
SQL: SELECT * FROM `train_trains_info` WHERE `begin_date` = '2018-05-21'  [ RunTime:0.000820s ]
SQL: SELECT * FROM `train_tourist` WHERE `trainId` = 91  [ RunTime:0.000453s ]
SQL: SELECT * FROM `train_tourist` WHERE `trainId` = 98  [ RunTime:0.000439s ]
SQL: UPDATE `train_date01_seat` SET `date`='2018-05-27',`is_empty`=1,`sfz`=null WHERE `id` = 14 [ RunTime:0.082877s ]
SQL: SELECT * FROM `train_trains_info` WHERE `begin_date` = '2018-05-21'  [ RunTime:0.000644s ]
SQL: SELECT * FROM `train_tourist` WHERE `trainId` = 91  [ RunTime:0.000479s ]
SQL: SELECT * FROM `train_tourist` WHERE `trainId` = 98  [ RunTime:0.000634s ]
SQL: UPDATE `train_date01_seat` SET `date`='2018-05-27',`is_empty`=1,`sfz`=null WHERE `id` = 15 [ RunTime:0.164802s ]
SQL: SELECT * FROM `train_trains_info` WHERE `begin_date` = '2018-05-21'  [ RunTime:0.001115s ]
SQL: SELECT * FROM `train_tourist` WHERE `trainId` = 91  [ RunTime:0.000993s ]
SQL: SELECT * FROM `train_tourist` WHERE `trainId` = 98  [ RunTime:0.000953s ]
SQL: UPDATE `train_date01_seat` SET `date`='2018-05-27',`is_empty`=1,`sfz`=null WHERE `id` = 16 [ RunTime:0.039108s ]
SQL: SELECT * FROM `train_trains_info` WHERE `begin_date` = '2018-05-21'  [ RunTime:0.001052s ]
SQL: SELECT * FROM `train_tourist` WHERE `trainId` = 91  [ RunTime:0.000666s ]
SQL: SELECT * FROM `train_tourist` WHERE `trainId` = 98  [ RunTime:0.000929s ]
SQL: UPDATE `train_date01_seat` SET `date`='2018-05-27',`is_empty`=1,`sfz`=null WHERE `id` = 17 [ RunTime:0.051507s ]
SQL: SELECT * FROM `train_trains_info` WHERE `begin_date` = '2018-05-21'  [ RunTime:0.000808s ]
SQL: SELECT * FROM `train_tourist` WHERE `trainId` = 91  [ RunTime:0.000551s ]
SQL: SELECT * FROM `train_tourist` WHERE `trainId` = 98  [ RunTime:0.000404s ]
SQL: UPDATE `train_date01_seat` SET `date`='2018-05-27',`is_empty`=1,`sfz`=null WHERE `id` = 18 [ RunTime:0.046445s ]
SQL: SELECT * FROM `train_trains_info` WHERE `begin_date` = '2018-05-21'  [ RunTime:0.000593s ]
SQL: SELECT * FROM `train_tourist` WHERE `trainId` = 91  [ RunTime:0.000484s ]
SQL: SELECT * FROM `train_tourist` WHERE `trainId` = 98  [ RunTime:0.000393s ]
SQL: UPDATE `train_date01_seat` SET `date`='2018-05-27',`is_empty`=1,`sfz`=null WHERE `id` = 19 [ RunTime:0.203130s ]
SQL: SELECT * FROM `train_trains_info` WHERE `begin_date` = '2018-05-21'  [ RunTime:0.000532s ]
SQL: SELECT * FROM `train_tourist` WHERE `trainId` = 91  [ RunTime:0.000371s ]
SQL: SELECT * FROM `train_tourist` WHERE `trainId` = 98  [ RunTime:0.000278s ]
SQL: UPDATE `train_date01_seat` SET `date`='2018-05-27',`is_empty`=1,`sfz`=null WHERE `id` = 20 [ RunTime:0.064758s ]
SQL: SELECT * FROM `train_trains_info` WHERE `begin_date` = '2018-05-21'  [ RunTime:0.000521s ]
SQL: SELECT * FROM `train_tourist` WHERE `trainId` = 91  [ RunTime:0.000294s ]
SQL: SELECT * FROM `train_tourist` WHERE `trainId` = 98  [ RunTime:0.000272s ]
SQL: UPDATE `train_date01_seat` SET `date`='2018-05-27',`is_empty`=1,`sfz`=null WHERE `id` = 21 [ RunTime:0.043243s ]
SQL: SELECT * FROM `train_trains_info` WHERE `begin_date` = '2018-05-21'  [ RunTime:0.000671s ]
SQL: SELECT * FROM `train_tourist` WHERE `trainId` = 91  [ RunTime:0.000349s ]
SQL: SELECT * FROM `train_tourist` WHERE `trainId` = 98  [ RunTime:0.000346s ]
SQL: UPDATE `train_date01_seat` SET `date`='2018-05-27',`is_empty`=1,`sfz`=null WHERE `id` = 22 [ RunTime:0.074929s ]
SQL: SELECT * FROM `train_trains_info` WHERE `begin_date` = '2018-05-21'  [ RunTime:0.000728s ]
SQL: SELECT * FROM `train_tourist` WHERE `trainId` = 91  [ RunTime:0.000475s ]
SQL: SELECT * FROM `train_tourist` WHERE `trainId` = 98  [ RunTime:0.000445s ]
SQL: UPDATE `train_date01_seat` SET `date`='2018-05-27',`is_empty`=1,`sfz`=null WHERE `id` = 23 [ RunTime:0.042266s ]
SQL: SELECT * FROM `train_trains_info` WHERE `begin_date` = '2018-05-21'  [ RunTime:0.000635s ]
SQL: SELECT * FROM `train_tourist` WHERE `trainId` = 91  [ RunTime:0.000391s ]
SQL: SELECT * FROM `train_tourist` WHERE `trainId` = 98  [ RunTime:0.000375s ]
SQL: UPDATE `train_date01_seat` SET `date`='2018-05-27',`is_empty`=1,`sfz`=null WHERE `id` = 24 [ RunTime:0.080549s ]
SQL: SELECT * FROM `train_trains_info` WHERE `begin_date` = '2018-05-21'  [ RunTime:0.000776s ]
SQL: SELECT * FROM `train_tourist` WHERE `trainId` = 91  [ RunTime:0.000514s ]
SQL: SELECT * FROM `train_tourist` WHERE `trainId` = 98  [ RunTime:0.000465s ]
SQL: UPDATE `train_date01_seat` SET `date`='2018-05-27',`is_empty`=1,`sfz`=null WHERE `id` = 25 [ RunTime:0.202756s ]
SQL: SELECT * FROM `train_trains_info` WHERE `begin_date` = '2018-05-21'  [ RunTime:0.000591s ]
SQL: SELECT * FROM `train_tourist` WHERE `trainId` = 91  [ RunTime:0.000351s ]
SQL: SELECT * FROM `train_tourist` WHERE `trainId` = 98  [ RunTime:0.000306s ]
SQL: UPDATE `train_date01_seat` SET `date`='2018-05-27',`is_empty`=1,`sfz`=null WHERE `id` = 26 [ RunTime:0.043176s ]
SQL: SELECT * FROM `train_trains_info` WHERE `begin_date` = '2018-05-21'  [ RunTime:0.000483s ]
SQL: SELECT * FROM `train_tourist` WHERE `trainId` = 91  [ RunTime:0.000308s ]
SQL: SELECT * FROM `train_tourist` WHERE `trainId` = 98  [ RunTime:0.000360s ]
SQL: UPDATE `train_date01_seat` SET `date`='2018-05-27',`is_empty`=1,`sfz`=null WHERE `id` = 27 [ RunTime:0.041898s ]
SQL: SELECT * FROM `train_trains_info` WHERE `begin_date` = '2018-05-21'  [ RunTime:0.000816s ]
SQL: SELECT * FROM `train_tourist` WHERE `trainId` = 91  [ RunTime:0.000553s ]
SQL: SELECT * FROM `train_tourist` WHERE `trainId` = 98  [ RunTime:0.000501s ]
SQL: UPDATE `train_date01_seat` SET `date`='2018-05-27',`is_empty`=1,`sfz`=null WHERE `id` = 28 [ RunTime:0.064283s ]
SQL: SELECT * FROM `train_trains_info` WHERE `begin_date` = '2018-05-21'  [ RunTime:0.000721s ]
SQL: SELECT * FROM `train_tourist` WHERE `trainId` = 91  [ RunTime:0.000703s ]
SQL: SELECT * FROM `train_tourist` WHERE `trainId` = 98  [ RunTime:0.000505s ]
SQL: UPDATE `train_date01_seat` SET `date`='2018-05-27',`is_empty`=1,`sfz`=null WHERE `id` = 29 [ RunTime:0.062982s ]
SQL: SELECT * FROM `train_trains_info` WHERE `begin_date` = '2018-05-21'  [ RunTime:0.000550s ]
SQL: SELECT * FROM `train_tourist` WHERE `trainId` = 91  [ RunTime:0.000740s ]
SQL: SELECT * FROM `train_tourist` WHERE `trainId` = 98  [ RunTime:0.000516s ]
SQL: UPDATE `train_date01_seat` SET `date`='2018-05-27',`is_empty`=1,`sfz`=null WHERE `id` = 30 [ RunTime:0.053292s ]
SQL: SELECT * FROM `train_trains_info` WHERE `begin_date` = '2018-05-21'  [ RunTime:0.000509s ]
SQL: SELECT * FROM `train_tourist` WHERE `trainId` = 91  [ RunTime:0.000306s ]
SQL: SELECT * FROM `train_tourist` WHERE `trainId` = 98  [ RunTime:0.000262s ]
SQL: UPDATE `train_date01_seat` SET `date`='2018-05-27',`is_empty`=1,`sfz`=null WHERE `id` = 31 [ RunTime:0.219905s ]
SQL: SELECT * FROM `train_trains_info` WHERE `begin_date` = '2018-05-21'  [ RunTime:0.000776s ]
SQL: SELECT * FROM `train_tourist` WHERE `trainId` = 91  [ RunTime:0.000580s ]
SQL: SELECT * FROM `train_tourist` WHERE `trainId` = 98  [ RunTime:0.000432s ]
SQL: UPDATE `train_date01_seat` SET `date`='2018-05-27',`is_empty`=1,`sfz`=null WHERE `id` = 32 [ RunTime:0.108118s ]
SQL: SELECT * FROM `train_trains_info` WHERE `begin_date` = '2018-05-21'  [ RunTime:0.000511s ]
SQL: SELECT * FROM `train_tourist` WHERE `trainId` = 91  [ RunTime:0.000287s ]
SQL: SELECT * FROM `train_tourist` WHERE `trainId` = 98  [ RunTime:0.000259s ]
SQL: UPDATE `train_date01_seat` SET `date`='2018-05-27',`is_empty`=1,`sfz`=null WHERE `id` = 33 [ RunTime:0.086785s ]
SQL: SELECT * FROM `train_trains_info` WHERE `begin_date` = '2018-05-21'  [ RunTime:0.001095s ]
SQL: SELECT * FROM `train_tourist` WHERE `trainId` = 91  [ RunTime:0.000699s ]
SQL: SELECT * FROM `train_tourist` WHERE `trainId` = 98  [ RunTime:0.000648s ]
SQL: UPDATE `train_date01_seat` SET `date`='2018-05-27',`is_empty`=1,`sfz`=null WHERE `id` = 34 [ RunTime:0.052172s ]
SQL: SELECT * FROM `train_trains_info` WHERE `begin_date` = '2018-05-21'  [ RunTime:0.000969s ]
SQL: SELECT * FROM `train_tourist` WHERE `trainId` = 91  [ RunTime:0.000585s ]
SQL: SELECT * FROM `train_tourist` WHERE `trainId` = 98  [ RunTime:0.000572s ]
SQL: UPDATE `train_date01_seat` SET `date`='2018-05-27',`is_empty`=1,`sfz`=null WHERE `id` = 35 [ RunTime:0.051387s ]
SQL: SELECT * FROM `train_trains_info` WHERE `begin_date` = '2018-05-21'  [ RunTime:0.001304s ]
SQL: SELECT * FROM `train_tourist` WHERE `trainId` = 91  [ RunTime:0.000893s ]
SQL: SELECT * FROM `train_tourist` WHERE `trainId` = 98  [ RunTime:0.000923s ]
SQL: UPDATE `train_date01_seat` SET `date`='2018-05-27',`is_empty`=1,`sfz`=null WHERE `id` = 36 [ RunTime:0.051298s ]
SQL: SELECT * FROM `train_trains_info` WHERE `begin_date` = '2018-05-21'  [ RunTime:0.001382s ]
SQL: SELECT * FROM `train_tourist` WHERE `trainId` = 91  [ RunTime:0.000849s ]
SQL: SELECT * FROM `train_tourist` WHERE `trainId` = 98  [ RunTime:0.000925s ]
SQL: UPDATE `train_date01_seat` SET `date`='2018-05-27',`is_empty`=1,`sfz`=null WHERE `id` = 37 [ RunTime:0.094074s ]
SQL: SELECT * FROM `train_trains_info` WHERE `begin_date` = '2018-05-21'  [ RunTime:0.000737s ]
SQL: SELECT * FROM `train_tourist` WHERE `trainId` = 91  [ RunTime:0.000524s ]
SQL: SELECT * FROM `train_tourist` WHERE `trainId` = 98  [ RunTime:0.000444s ]
SQL: UPDATE `train_date01_seat` SET `date`='2018-05-27',`is_empty`=1,`sfz`=null WHERE `id` = 38 [ RunTime:0.091943s ]
SQL: SELECT * FROM `train_trains_info` WHERE `begin_date` = '2018-05-21'  [ RunTime:0.000616s ]
SQL: SELECT * FROM `train_tourist` WHERE `trainId` = 91  [ RunTime:0.000357s ]
SQL: SELECT * FROM `train_tourist` WHERE `trainId` = 98  [ RunTime:0.000347s ]
SQL: UPDATE `train_date01_seat` SET `date`='2018-05-27',`is_empty`=1,`sfz`=null WHERE `id` = 39 [ RunTime:0.103071s ]
SQL: SELECT * FROM `train_trains_info` WHERE `begin_date` = '2018-05-21'  [ RunTime:0.000740s ]
SQL: SELECT * FROM `train_tourist` WHERE `trainId` = 91  [ RunTime:0.000445s ]
SQL: SELECT * FROM `train_tourist` WHERE `trainId` = 98  [ RunTime:0.000504s ]
SQL: UPDATE `train_date01_seat` SET `date`='2018-05-27',`is_empty`=1,`sfz`=null WHERE `id` = 40 [ RunTime:0.064465s ]
SQL: SELECT * FROM `train_trains_info` WHERE `begin_date` = '2018-05-21'  [ RunTime:0.000677s ]
SQL: SELECT * FROM `train_tourist` WHERE `trainId` = 91  [ RunTime:0.000431s ]
SQL: SELECT * FROM `train_tourist` WHERE `trainId` = 98  [ RunTime:0.000427s ]
SQL: UPDATE `train_date01_seat` SET `date`='2018-05-27',`is_empty`=1,`sfz`=null WHERE `id` = 41 [ RunTime:0.052317s ]
SQL: SELECT * FROM `train_trains_info` WHERE `begin_date` = '2018-05-21'  [ RunTime:0.000789s ]
SQL: SELECT * FROM `train_tourist` WHERE `trainId` = 91  [ RunTime:0.000466s ]
SQL: SELECT * FROM `train_tourist` WHERE `trainId` = 98  [ RunTime:0.000448s ]
SQL: UPDATE `train_date01_seat` SET `date`='2018-05-27',`is_empty`=1,`sfz`=null WHERE `id` = 42 [ RunTime:0.268114s ]
SQL: SELECT * FROM `train_trains_info` WHERE `begin_date` = '2018-05-21'  [ RunTime:0.001111s ]
SQL: SELECT * FROM `train_tourist` WHERE `trainId` = 91  [ RunTime:0.000664s ]
SQL: SELECT * FROM `train_tourist` WHERE `trainId` = 98  [ RunTime:0.000665s ]
SQL: UPDATE `train_date01_seat` SET `date`='2018-05-27',`is_empty`=1,`sfz`=null WHERE `id` = 43 [ RunTime:0.114020s ]
SQL: SELECT * FROM `train_trains_info` WHERE `begin_date` = '2018-05-21'  [ RunTime:0.000634s ]
SQL: SELECT * FROM `train_tourist` WHERE `trainId` = 91  [ RunTime:0.000458s ]
SQL: SELECT * FROM `train_tourist` WHERE `trainId` = 98  [ RunTime:0.000317s ]
SQL: UPDATE `train_date01_seat` SET `date`='2018-05-27',`is_empty`=1,`sfz`=null WHERE `id` = 44 [ RunTime:0.053861s ]
SQL: SELECT * FROM `train_trains_info` WHERE `begin_date` = '2018-05-21'  [ RunTime:0.000720s ]
SQL: SELECT * FROM `train_tourist` WHERE `trainId` = 91  [ RunTime:0.000481s ]
SQL: SELECT * FROM `train_tourist` WHERE `trainId` = 98  [ RunTime:0.000505s ]
SQL: UPDATE `train_date01_seat` SET `date`='2018-05-27',`is_empty`=1,`sfz`=null WHERE `id` = 45 [ RunTime:0.123413s ]
SQL: SELECT * FROM `train_trains_info` WHERE `begin_date` = '2018-05-21'  [ RunTime:0.001047s ]
SQL: SELECT * FROM `train_tourist` WHERE `trainId` = 91  [ RunTime:0.000709s ]
SQL: SELECT * FROM `train_tourist` WHERE `trainId` = 98  [ RunTime:0.000653s ]
SQL: UPDATE `train_date01_seat` SET `date`='2018-05-27',`is_empty`=1,`sfz`=null WHERE `id` = 46 [ RunTime:0.169115s ]
SQL: SELECT * FROM `train_trains_info` WHERE `begin_date` = '2018-05-21'  [ RunTime:0.000861s ]
SQL: SELECT * FROM `train_tourist` WHERE `trainId` = 91  [ RunTime:0.000623s ]
SQL: SELECT * FROM `train_tourist` WHERE `trainId` = 98  [ RunTime:0.000596s ]
SQL: SHOW COLUMNS FROM `train_date02_seat` [ RunTime:0.003706s ]
SQL: SELECT * FROM `train_date02_seat`  [ RunTime:0.000922s ]
SQL: SHOW COLUMNS FROM `train_date03_seat` [ RunTime:0.003362s ]
SQL: SELECT * FROM `train_date03_seat`  [ RunTime:0.000695s ]
SQL: SHOW COLUMNS FROM `train_date04_seat` [ RunTime:0.002802s ]
SQL: SELECT * FROM `train_date04_seat`  [ RunTime:0.000569s ]
SQL: SHOW COLUMNS FROM `train_date05_seat` [ RunTime:0.000912s ]
SQL: SELECT * FROM `train_date05_seat`  [ RunTime:0.000544s ]
SQL: SHOW COLUMNS FROM `train_date06_seat` [ RunTime:0.002869s ]
SQL: SELECT * FROM `train_date06_seat`  [ RunTime:0.000596s ]
SQL: SHOW COLUMNS FROM `train_date07_seat` [ RunTime:0.002058s ]
SQL: SELECT * FROM `train_date07_seat`  [ RunTime:0.000486s ]
INFO: [ view_parse ] --START--
INFO: [ template_filter ] --START--
INFO: Run Behavior\ContentReplaceBehavior [ RunTime:0.000227s ]
INFO: [ template_filter ] --END-- [ RunTime:0.000316s ]
INFO: Run Behavior\ParseTemplateBehavior [ RunTime:0.017092s ]
INFO: [ view_parse ] --END-- [ RunTime:0.017183s ]
INFO: [ view_filter ] --START--
INFO: Run Behavior\WriteHtmlCacheBehavior [ RunTime:0.000727s ]
INFO: [ view_filter ] --END-- [ RunTime:0.000794s ]
INFO: [ app_end ] --START--
INFO: Run Behavior\ShowPageTraceBehavior [ RunTime:0.001154s ]
INFO: [ app_end ] --END-- [ RunTime:0.001242s ]

[ 2018-05-22T10:54:04+08:00 ] 127.0.0.1 /Public/Home/js/jquery-1.11.3.min.js
INFO: [ app_init ] --START--
INFO: Run Behavior\BuildLiteBehavior [ RunTime:0.000021s ]
INFO: [ app_init ] --END-- [ RunTime:0.000122s ]
INFO: [ app_begin ] --START--
INFO: Run Behavior\ReadHtmlCacheBehavior [ RunTime:0.000791s ]
INFO: [ app_begin ] --END-- [ RunTime:0.000887s ]
ERR: 无法加载控制器:Public

[ 2018-05-22T10:54:04+08:00 ] 127.0.0.1 /Public/Home/js/jquery-1.11.3.min.js
INFO: [ app_init ] --START--
INFO: Run Behavior\BuildLiteBehavior [ RunTime:0.000023s ]
INFO: [ app_init ] --END-- [ RunTime:0.000131s ]
INFO: [ app_begin ] --START--
INFO: Run Behavior\ReadHtmlCacheBehavior [ RunTime:0.001252s ]
INFO: [ app_begin ] --END-- [ RunTime:0.001383s ]
ERR: 无法加载控制器:Public

[ 2018-05-22T11:10:01+08:00 ] 127.0.0.1 /Index/index
INFO: [ app_init ] --START--
INFO: Run Behavior\BuildLiteBehavior [ RunTime:0.000015s ]
INFO: [ app_init ] --END-- [ RunTime:0.000084s ]
INFO: [ app_begin ] --START--
INFO: Run Behavior\ReadHtmlCacheBehavior [ RunTime:0.000928s ]
INFO: [ app_begin ] --END-- [ RunTime:0.000988s ]
NOTIC: [8192] mysql_connect(): The mysql extension is deprecated and will be removed in the future: use mysqli or PDO instead D:\XAMPP\htdocs\vhost\yikai.train.com\ThinkPHP\Library\Think\Db\Driver\Mysql.class.php 第 52 行.
SQL: SHOW COLUMNS FROM `train_date01_seat` [ RunTime:0.000842s ]
SQL: SELECT * FROM `train_date01_seat`  [ RunTime:0.000576s ]
SQL: UPDATE `train_date01_seat` SET `date`='2018-05-28',`is_empty`=1,`sfz`=null WHERE `id` = 1 [ RunTime:0.483477s ]
SQL: SHOW COLUMNS FROM `train_trains_info` [ RunTime:0.004793s ]
SQL: SELECT * FROM `train_trains_info` WHERE `begin_date` = '2018-05-21'  [ RunTime:0.001554s ]
SQL: SHOW COLUMNS FROM `train_tourist` [ RunTime:0.022526s ]
SQL: SELECT * FROM `train_tourist` WHERE `trainId` = 91  [ RunTime:0.010724s ]
SQL: SELECT * FROM `train_tourist` WHERE `trainId` = 98  [ RunTime:0.000688s ]
SQL: UPDATE `train_date01_seat` SET `date`='2018-05-28',`is_empty`=1,`sfz`=null WHERE `id` = 2 [ RunTime:0.056627s ]
SQL: SELECT * FROM `train_trains_info` WHERE `begin_date` = '2018-05-21'  [ RunTime:0.001798s ]
SQL: SELECT * FROM `train_tourist` WHERE `trainId` = 91  [ RunTime:0.000977s ]
SQL: SELECT * FROM `train_tourist` WHERE `trainId` = 98  [ RunTime:0.000898s ]
SQL: UPDATE `train_date01_seat` SET `date`='2018-05-28',`is_empty`=1,`sfz`=null WHERE `id` = 3 [ RunTime:0.117012s ]
SQL: SELECT * FROM `train_trains_info` WHERE `begin_date` = '2018-05-21'  [ RunTime:0.001446s ]
SQL: SELECT * FROM `train_tourist` WHERE `trainId` = 91  [ RunTime:0.000726s ]
SQL: SELECT * FROM `train_tourist` WHERE `trainId` = 98  [ RunTime:0.000701s ]
SQL: UPDATE `train_date01_seat` SET `date`='2018-05-28',`is_empty`=1,`sfz`=null WHERE `id` = 4 [ RunTime:0.161586s ]
SQL: SELECT * FROM `train_trains_info` WHERE `begin_date` = '2018-05-21'  [ RunTime:0.001147s ]
SQL: SELECT * FROM `train_tourist` WHERE `trainId` = 91  [ RunTime:0.000744s ]
SQL: SELECT * FROM `train_tourist` WHERE `trainId` = 98  [ RunTime:0.000789s ]
SQL: UPDATE `train_date01_seat` SET `date`='2018-05-28',`is_empty`=1,`sfz`=null WHERE `id` = 5 [ RunTime:0.068488s ]
SQL: SELECT * FROM `train_trains_info` WHERE `begin_date` = '2018-05-21'  [ RunTime:0.000461s ]
SQL: SELECT * FROM `train_tourist` WHERE `trainId` = 91  [ RunTime:0.000308s ]
SQL: SELECT * FROM `train_tourist` WHERE `trainId` = 98  [ RunTime:0.000310s ]
SQL: UPDATE `train_date01_seat` SET `date`='2018-05-28',`is_empty`=1,`sfz`=null WHERE `id` = 6 [ RunTime:0.046934s ]
SQL: SELECT * FROM `train_trains_info` WHERE `begin_date` = '2018-05-21'  [ RunTime:0.000458s ]
SQL: SELECT * FROM `train_tourist` WHERE `trainId` = 91  [ RunTime:0.000331s ]
SQL: SELECT * FROM `train_tourist` WHERE `trainId` = 98  [ RunTime:0.000563s ]
SQL: UPDATE `train_date01_seat` SET `date`='2018-05-28',`is_empty`=1,`sfz`=null WHERE `id` = 7 [ RunTime:0.054018s ]
SQL: SELECT * FROM `train_trains_info` WHERE `begin_date` = '2018-05-21'  [ RunTime:0.000502s ]
SQL: SELECT * FROM `train_tourist` WHERE `trainId` = 91  [ RunTime:0.000300s ]
SQL: SELECT * FROM `train_tourist` WHERE `trainId` = 98  [ RunTime:0.000280s ]
SQL: UPDATE `train_date01_seat` SET `date`='2018-05-28',`is_empty`=1,`sfz`=null WHERE `id` = 8 [ RunTime:0.053231s ]
SQL: SELECT * FROM `train_trains_info` WHERE `begin_date` = '2018-05-21'  [ RunTime:0.000503s ]
SQL: SELECT * FROM `train_tourist` WHERE `trainId` = 91  [ RunTime:0.000314s ]
SQL: SELECT * FROM `train_tourist` WHERE `trainId` = 98  [ RunTime:0.000359s ]
SQL: UPDATE `train_date01_seat` SET `date`='2018-05-28',`is_empty`=1,`sfz`=null WHERE `id` = 9 [ RunTime:0.054580s ]
SQL: SELECT * FROM `train_trains_info` WHERE `begin_date` = '2018-05-21'  [ RunTime:0.001108s ]
SQL: SELECT * FROM `train_tourist` WHERE `trainId` = 91  [ RunTime:0.000755s ]
SQL: SELECT * FROM `train_tourist` WHERE `trainId` = 98  [ RunTime:0.000648s ]
SQL: UPDATE `train_date01_seat` SET `date`='2018-05-28',`is_empty`=1,`sfz`=null WHERE `id` = 10 [ RunTime:0.050449s ]
SQL: SELECT * FROM `train_trains_info` WHERE `begin_date` = '2018-05-21'  [ RunTime:0.018831s ]
SQL: SELECT * FROM `train_tourist` WHERE `trainId` = 91  [ RunTime:0.000696s ]
SQL: SELECT * FROM `train_tourist` WHERE `trainId` = 98  [ RunTime:0.000577s ]
SQL: UPDATE `train_date01_seat` SET `date`='2018-05-28',`is_empty`=1,`sfz`=null WHERE `id` = 11 [ RunTime:0.056980s ]
SQL: SELECT * FROM `train_trains_info` WHERE `begin_date` = '2018-05-21'  [ RunTime:0.001194s ]
SQL: SELECT * FROM `train_tourist` WHERE `trainId` = 91  [ RunTime:0.000787s ]
SQL: SELECT * FROM `train_tourist` WHERE `trainId` = 98  [ RunTime:0.000713s ]
SQL: UPDATE `train_date01_seat` SET `date`='2018-05-28',`is_empty`=1,`sfz`=null WHERE `id` = 12 [ RunTime:0.050014s ]
SQL: SELECT * FROM `train_trains_info` WHERE `begin_date` = '2018-05-21'  [ RunTime:0.001044s ]
SQL: SELECT * FROM `train_tourist` WHERE `trainId` = 91  [ RunTime:0.000732s ]
SQL: SELECT * FROM `train_tourist` WHERE `trainId` = 98  [ RunTime:0.000678s ]
SQL: UPDATE `train_date01_seat` SET `date`='2018-05-28',`is_empty`=1,`sfz`=null WHERE `id` = 13 [ RunTime:0.052210s ]
SQL: SELECT * FROM `train_trains_info` WHERE `begin_date` = '2018-05-21'  [ RunTime:0.001063s ]
SQL: SELECT * FROM `train_tourist` WHERE `trainId` = 91  [ RunTime:0.001664s ]
SQL: SELECT * FROM `train_tourist` WHERE `trainId` = 98  [ RunTime:0.001059s ]
SQL: UPDATE `train_date01_seat` SET `date`='2018-05-28',`is_empty`=1,`sfz`=null WHERE `id` = 14 [ RunTime:0.049472s ]
SQL: SELECT * FROM `train_trains_info` WHERE `begin_date` = '2018-05-21'  [ RunTime:0.001071s ]
SQL: SELECT * FROM `train_tourist` WHERE `trainId` = 91  [ RunTime:0.000678s ]
SQL: SELECT * FROM `train_tourist` WHERE `trainId` = 98  [ RunTime:0.000650s ]
SQL: UPDATE `train_date01_seat` SET `date`='2018-05-28',`is_empty`=1,`sfz`=null WHERE `id` = 15 [ RunTime:0.052093s ]
SQL: SELECT * FROM `train_trains_info` WHERE `begin_date` = '2018-05-21'  [ RunTime:0.001043s ]
SQL: SELECT * FROM `train_tourist` WHERE `trainId` = 91  [ RunTime:0.000640s ]
SQL: SELECT * FROM `train_tourist` WHERE `trainId` = 98  [ RunTime:0.000609s ]
SQL: UPDATE `train_date01_seat` SET `date`='2018-05-28',`is_empty`=1,`sfz`=null WHERE `id` = 16 [ RunTime:0.051145s ]
SQL: SELECT * FROM `train_trains_info` WHERE `begin_date` = '2018-05-21'  [ RunTime:0.001074s ]
SQL: SELECT * FROM `train_tourist` WHERE `trainId` = 91  [ RunTime:0.001401s ]
SQL: SELECT * FROM `train_tourist` WHERE `trainId` = 98  [ RunTime:0.001207s ]
SQL: UPDATE `train_date01_seat` SET `date`='2018-05-28',`is_empty`=1,`sfz`=null WHERE `id` = 17 [ RunTime:0.050293s ]
SQL: SELECT * FROM `train_trains_info` WHERE `begin_date` = '2018-05-21'  [ RunTime:0.001164s ]
SQL: SELECT * FROM `train_tourist` WHERE `trainId` = 91  [ RunTime:0.000713s ]
SQL: SELECT * FROM `train_tourist` WHERE `trainId` = 98  [ RunTime:0.000740s ]
SQL: UPDATE `train_date01_seat` SET `date`='2018-05-28',`is_empty`=1,`sfz`=null WHERE `id` = 18 [ RunTime:0.050259s ]
SQL: SELECT * FROM `train_trains_info` WHERE `begin_date` = '2018-05-21'  [ RunTime:0.001009s ]
SQL: SELECT * FROM `train_tourist` WHERE `trainId` = 91  [ RunTime:0.000674s ]
SQL: SELECT * FROM `train_tourist` WHERE `trainId` = 98  [ RunTime:0.000650s ]
SQL: UPDATE `train_date01_seat` SET `date`='2018-05-28',`is_empty`=1,`sfz`=null WHERE `id` = 19 [ RunTime:0.052477s ]
SQL: SELECT * FROM `train_trains_info` WHERE `begin_date` = '2018-05-21'  [ RunTime:0.001055s ]
SQL: SELECT * FROM `train_tourist` WHERE `trainId` = 91  [ RunTime:0.000693s ]
SQL: SELECT * FROM `train_tourist` WHERE `trainId` = 98  [ RunTime:0.000705s ]
SQL: UPDATE `train_date01_seat` SET `date`='2018-05-28',`is_empty`=1,`sfz`=null WHERE `id` = 20 [ RunTime:0.361985s ]
SQL: SELECT * FROM `train_trains_info` WHERE `begin_date` = '2018-05-21'  [ RunTime:0.001604s ]
SQL: SELECT * FROM `train_tourist` WHERE `trainId` = 91  [ RunTime:0.000816s ]
SQL: SELECT * FROM `train_tourist` WHERE `trainId` = 98  [ RunTime:0.000686s ]
SQL: UPDATE `train_date01_seat` SET `date`='2018-05-28',`is_empty`=1,`sfz`=null WHERE `id` = 21 [ RunTime:0.083288s ]
SQL: SELECT * FROM `train_trains_info` WHERE `begin_date` = '2018-05-21'  [ RunTime:0.002082s ]
SQL: SELECT * FROM `train_tourist` WHERE `trainId` = 91  [ RunTime:0.001107s ]
SQL: SELECT * FROM `train_tourist` WHERE `trainId` = 98  [ RunTime:0.000708s ]
SQL: UPDATE `train_date01_seat` SET `date`='2018-05-28',`is_empty`=1,`sfz`=null WHERE `id` = 22 [ RunTime:0.105963s ]
SQL: SELECT * FROM `train_trains_info` WHERE `begin_date` = '2018-05-21'  [ RunTime:0.001062s ]
SQL: SELECT * FROM `train_tourist` WHERE `trainId` = 91  [ RunTime:0.000711s ]
SQL: SELECT * FROM `train_tourist` WHERE `trainId` = 98  [ RunTime:0.000720s ]
SQL: UPDATE `train_date01_seat` SET `date`='2018-05-28',`is_empty`=1,`sfz`=null WHERE `id` = 23 [ RunTime:0.050626s ]
SQL: SELECT * FROM `train_trains_info` WHERE `begin_date` = '2018-05-21'  [ RunTime:0.001026s ]
SQL: SELECT * FROM `train_tourist` WHERE `trainId` = 91  [ RunTime:0.000767s ]
SQL: SELECT * FROM `train_tourist` WHERE `trainId` = 98  [ RunTime:0.000734s ]
SQL: UPDATE `train_date01_seat` SET `date`='2018-05-28',`is_empty`=1,`sfz`=null WHERE `id` = 24 [ RunTime:0.051955s ]
SQL: SELECT * FROM `train_trains_info` WHERE `begin_date` = '2018-05-21'  [ RunTime:0.001024s ]
SQL: SELECT * FROM `train_tourist` WHERE `trainId` = 91  [ RunTime:0.000683s ]
SQL: SELECT * FROM `train_tourist` WHERE `trainId` = 98  [ RunTime:0.000655s ]
SQL: UPDATE `train_date01_seat` SET `date`='2018-05-28',`is_empty`=1,`sfz`=null WHERE `id` = 25 [ RunTime:0.051209s ]
SQL: SELECT * FROM `train_trains_info` WHERE `begin_date` = '2018-05-21'  [ RunTime:0.001025s ]
SQL: SELECT * FROM `train_tourist` WHERE `trainId` = 91  [ RunTime:0.000766s ]
SQL: SELECT * FROM `train_tourist` WHERE `trainId` = 98  [ RunTime:0.001457s ]
SQL: UPDATE `train_date01_seat` SET `date`='2018-05-28',`is_empty`=1,`sfz`=null WHERE `id` = 26 [ RunTime:0.051215s ]
SQL: SELECT * FROM `train_trains_info` WHERE `begin_date` = '2018-05-21'  [ RunTime:0.001325s ]
SQL: SELECT * FROM `train_tourist` WHERE `trainId` = 91  [ RunTime:0.000812s ]
SQL: SELECT * FROM `train_tourist` WHERE `trainId` = 98  [ RunTime:0.001561s ]
SQL: UPDATE `train_date01_seat` SET `date`='2018-05-28',`is_empty`=1,`sfz`=null WHERE `id` = 27 [ RunTime:0.049207s ]
SQL: SELECT * FROM `train_trains_info` WHERE `begin_date` = '2018-05-21'  [ RunTime:0.001086s ]
SQL: SELECT * FROM `train_tourist` WHERE `trainId` = 91  [ RunTime:0.000641s ]
SQL: SELECT * FROM `train_tourist` WHERE `trainId` = 98  [ RunTime:0.000783s ]
SQL: UPDATE `train_date01_seat` SET `date`='2018-05-28',`is_empty`=1,`sfz`=null WHERE `id` = 28 [ RunTime:0.051815s ]
SQL: SELECT * FROM `train_trains_info` WHERE `begin_date` = '2018-05-21'  [ RunTime:0.001707s ]
SQL: SELECT * FROM `train_tourist` WHERE `trainId` = 91  [ RunTime:0.000790s ]
SQL: SELECT * FROM `train_tourist` WHERE `trainId` = 98  [ RunTime:0.000682s ]
SQL: UPDATE `train_date01_seat` SET `date`='2018-05-28',`is_empty`=1,`sfz`=null WHERE `id` = 29 [ RunTime:0.049913s ]
SQL: SELECT * FROM `train_trains_info` WHERE `begin_date` = '2018-05-21'  [ RunTime:0.000843s ]
SQL: SELECT * FROM `train_tourist` WHERE `trainId` = 91  [ RunTime:0.000520s ]
SQL: SELECT * FROM `train_tourist` WHERE `trainId` = 98  [ RunTime:0.000455s ]
SQL: UPDATE `train_date01_seat` SET `date`='2018-05-28',`is_empty`=1,`sfz`=null WHERE `id` = 30 [ RunTime:0.241727s ]
SQL: SELECT * FROM `train_trains_info` WHERE `begin_date` = '2018-05-21'  [ RunTime:0.001737s ]
SQL: SELECT * FROM `train_tourist` WHERE `trainId` = 91  [ RunTime:0.000741s ]
SQL: SELECT * FROM `train_tourist` WHERE `trainId` = 98  [ RunTime:0.000689s ]
SQL: UPDATE `train_date01_seat` SET `date`='2018-05-28',`is_empty`=1,`sfz`=null WHERE `id` = 31 [ RunTime:0.061944s ]
SQL: SELECT * FROM `train_trains_info` WHERE `begin_date` = '2018-05-21'  [ RunTime:0.001322s ]
SQL: SELECT * FROM `train_tourist` WHERE `trainId` = 91  [ RunTime:0.000869s ]
SQL: SELECT * FROM `train_tourist` WHERE `trainId` = 98  [ RunTime:0.000688s ]
SQL: UPDATE `train_date01_seat` SET `date`='2018-05-28',`is_empty`=1,`sfz`=null WHERE `id` = 32 [ RunTime:0.051847s ]
SQL: SELECT * FROM `train_trains_info` WHERE `begin_date` = '2018-05-21'  [ RunTime:0.001073s ]
SQL: SELECT * FROM `train_tourist` WHERE `trainId` = 91  [ RunTime:0.000687s ]
SQL: SELECT * FROM `train_tourist` WHERE `trainId` = 98  [ RunTime:0.000665s ]
SQL: UPDATE `train_date01_seat` SET `date`='2018-05-28',`is_empty`=1,`sfz`=null WHERE `id` = 33 [ RunTime:0.128478s ]
SQL: SELECT * FROM `train_trains_info` WHERE `begin_date` = '2018-05-21'  [ RunTime:0.001425s ]
SQL: SELECT * FROM `train_tourist` WHERE `trainId` = 91  [ RunTime:0.000740s ]
SQL: SELECT * FROM `train_tourist` WHERE `trainId` = 98  [ RunTime:0.000701s ]
SQL: UPDATE `train_date01_seat` SET `date`='2018-05-28',`is_empty`=1,`sfz`=null WHERE `id` = 34 [ RunTime:0.106999s ]
SQL: SELECT * FROM `train_trains_info` WHERE `begin_date` = '2018-05-21'  [ RunTime:0.001077s ]
SQL: SELECT * FROM `train_tourist` WHERE `trainId` = 91  [ RunTime:0.000654s ]
SQL: SELECT * FROM `train_tourist` WHERE `trainId` = 98  [ RunTime:0.000717s ]
SQL: UPDATE `train_date01_seat` SET `date`='2018-05-28',`is_empty`=1,`sfz`=null WHERE `id` = 35 [ RunTime:0.050669s ]
SQL: SELECT * FROM `train_trains_info` WHERE `begin_date` = '2018-05-21'  [ RunTime:0.001015s ]
SQL: SELECT * FROM `train_tourist` WHERE `trainId` = 91  [ RunTime:0.000666s ]
SQL: SELECT * FROM `train_tourist` WHERE `trainId` = 98  [ RunTime:0.000651s ]
SQL: UPDATE `train_date01_seat` SET `date`='2018-05-28',`is_empty`=1,`sfz`=null WHERE `id` = 36 [ RunTime:0.052402s ]
SQL: SELECT * FROM `train_trains_info` WHERE `begin_date` = '2018-05-21'  [ RunTime:0.001393s ]
SQL: SELECT * FROM `train_tourist` WHERE `trainId` = 91  [ RunTime:0.000950s ]
SQL: SELECT * FROM `train_tourist` WHERE `trainId` = 98  [ RunTime:0.001025s ]
SQL: UPDATE `train_date01_seat` SET `date`='2018-05-28',`is_empty`=1,`sfz`=null WHERE `id` = 37 [ RunTime:0.049909s ]
SQL: SELECT * FROM `train_trains_info` WHERE `begin_date` = '2018-05-21'  [ RunTime:0.001453s ]
SQL: SELECT * FROM `train_tourist` WHERE `trainId` = 91  [ RunTime:0.000772s ]
SQL: SELECT * FROM `train_tourist` WHERE `trainId` = 98  [ RunTime:0.000734s ]
SQL: UPDATE `train_date01_seat` SET `date`='2018-05-28',`is_empty`=1,`sfz`=null WHERE `id` = 38 [ RunTime:0.134516s ]
SQL: SELECT * FROM `train_trains_info` WHERE `begin_date` = '2018-05-21'  [ RunTime:0.001278s ]
SQL: SELECT * FROM `train_tourist` WHERE `trainId` = 91  [ RunTime:0.000724s ]
SQL: SELECT * FROM `train_tourist` WHERE `trainId` = 98  [ RunTime:0.000647s ]
SQL: UPDATE `train_date01_seat` SET `date`='2018-05-28',`is_empty`=1,`sfz`=null WHERE `id` = 39 [ RunTime:0.189914s ]
SQL: SELECT * FROM `train_trains_info` WHERE `begin_date` = '2018-05-21'  [ RunTime:0.001055s ]
SQL: SELECT * FROM `train_tourist` WHERE `trainId` = 91  [ RunTime:0.000620s ]
SQL: SELECT * FROM `train_tourist` WHERE `trainId` = 98  [ RunTime:0.000587s ]
SQL: UPDATE `train_date01_seat` SET `date`='2018-05-28',`is_empty`=1,`sfz`=null WHERE `id` = 40 [ RunTime:0.222027s ]
SQL: SELECT * FROM `train_trains_info` WHERE `begin_date` = '2018-05-21'  [ RunTime:0.001037s ]
SQL: SELECT * FROM `train_tourist` WHERE `trainId` = 91  [ RunTime:0.000783s ]
SQL: SELECT * FROM `train_tourist` WHERE `trainId` = 98  [ RunTime:0.000656s ]
SQL: UPDATE `train_date01_seat` SET `date`='2018-05-28',`is_empty`=1,`sfz`=null WHERE `id` = 41 [ RunTime:0.059056s ]
SQL: SELECT * FROM `train_trains_info` WHERE `begin_date` = '2018-05-21'  [ RunTime:0.000985s ]
SQL: SELECT * FROM `train_tourist` WHERE `trainId` = 91  [ RunTime:0.000583s ]
SQL: SELECT * FROM `train_tourist` WHERE `trainId` = 98  [ RunTime:0.000571s ]
SQL: UPDATE `train_date01_seat` SET `date`='2018-05-28',`is_empty`=1,`sfz`=null WHERE `id` = 42 [ RunTime:0.051168s ]
SQL: SELECT * FROM `train_trains_info` WHERE `begin_date` = '2018-05-21'  [ RunTime:0.000656s ]
SQL: SELECT * FROM `train_tourist` WHERE `trainId` = 91  [ RunTime:0.000626s ]
SQL: SELECT * FROM `train_tourist` WHERE `trainId` = 98  [ RunTime:0.000600s ]
SQL: UPDATE `train_date01_seat` SET `date`='2018-05-28',`is_empty`=1,`sfz`=null WHERE `id` = 43 [ RunTime:0.064519s ]
SQL: SELECT * FROM `train_trains_info` WHERE `begin_date` = '2018-05-21'  [ RunTime:0.001024s ]
SQL: SELECT * FROM `train_tourist` WHERE `trainId` = 91  [ RunTime:0.000679s ]
SQL: SELECT * FROM `train_tourist` WHERE `trainId` = 98  [ RunTime:0.000655s ]
SQL: UPDATE `train_date01_seat` SET `date`='2018-05-28',`is_empty`=1,`sfz`=null WHERE `id` = 44 [ RunTime:0.051122s ]
SQL: SELECT * FROM `train_trains_info` WHERE `begin_date` = '2018-05-21'  [ RunTime:0.001101s ]
SQL: SELECT * FROM `train_tourist` WHERE `trainId` = 91  [ RunTime:0.000828s ]
SQL: SELECT * FROM `train_tourist` WHERE `trainId` = 98  [ RunTime:0.001017s ]
SQL: UPDATE `train_date01_seat` SET `date`='2018-05-28',`is_empty`=1,`sfz`=null WHERE `id` = 45 [ RunTime:0.051623s ]
SQL: SELECT * FROM `train_trains_info` WHERE `begin_date` = '2018-05-21'  [ RunTime:0.001386s ]
SQL: SELECT * FROM `train_tourist` WHERE `trainId` = 91  [ RunTime:0.000688s ]
SQL: SELECT * FROM `train_tourist` WHERE `trainId` = 98  [ RunTime:0.000678s ]
SQL: UPDATE `train_date01_seat` SET `date`='2018-05-28',`is_empty`=1,`sfz`=null WHERE `id` = 46 [ RunTime:0.050249s ]
SQL: SELECT * FROM `train_trains_info` WHERE `begin_date` = '2018-05-21'  [ RunTime:0.001057s ]
SQL: SELECT * FROM `train_tourist` WHERE `trainId` = 91  [ RunTime:0.000706s ]
SQL: SELECT * FROM `train_tourist` WHERE `trainId` = 98  [ RunTime:0.001456s ]
SQL: SHOW COLUMNS FROM `train_date02_seat` [ RunTime:0.005817s ]
SQL: SELECT * FROM `train_date02_seat`  [ RunTime:0.001249s ]
SQL: SHOW COLUMNS FROM `train_date03_seat` [ RunTime:0.004798s ]
SQL: SELECT * FROM `train_date03_seat`  [ RunTime:0.000931s ]
SQL: SHOW COLUMNS FROM `train_date04_seat` [ RunTime:0.006028s ]
SQL: SELECT * FROM `train_date04_seat`  [ RunTime:0.000892s ]
SQL: SHOW COLUMNS FROM `train_date05_seat` [ RunTime:0.001343s ]
SQL: SELECT * FROM `train_date05_seat`  [ RunTime:0.000783s ]
SQL: SHOW COLUMNS FROM `train_date06_seat` [ RunTime:0.004431s ]
SQL: SELECT * FROM `train_date06_seat`  [ RunTime:0.000877s ]
SQL: SHOW COLUMNS FROM `train_date07_seat` [ RunTime:0.006817s ]
SQL: SELECT * FROM `train_date07_seat`  [ RunTime:0.002087s ]
INFO: [ view_parse ] --START--
INFO: [ template_filter ] --START--
INFO: Run Behavior\ContentReplaceBehavior [ RunTime:0.000249s ]
INFO: [ template_filter ] --END-- [ RunTime:0.000365s ]
INFO: Run Behavior\ParseTemplateBehavior [ RunTime:0.031044s ]
INFO: [ view_parse ] --END-- [ RunTime:0.031200s ]
INFO: [ view_filter ] --START--
INFO: Run Behavior\WriteHtmlCacheBehavior [ RunTime:0.001287s ]
INFO: [ view_filter ] --END-- [ RunTime:0.001404s ]
INFO: [ app_end ] --START--
INFO: Run Behavior\ShowPageTraceBehavior [ RunTime:0.001619s ]
INFO: [ app_end ] --END-- [ RunTime:0.001748s ]

[ 2018-05-22T11:10:02+08:00 ] 127.0.0.1 /Public/Home/js/jquery-1.11.3.min.js
INFO: [ app_init ] --START--
INFO: Run Behavior\BuildLiteBehavior [ RunTime:0.000013s ]
INFO: [ app_init ] --END-- [ RunTime:0.000072s ]
INFO: [ app_begin ] --START--
INFO: Run Behavior\ReadHtmlCacheBehavior [ RunTime:0.000797s ]
INFO: [ app_begin ] --END-- [ RunTime:0.000869s ]
ERR: 无法加载控制器:Public

[ 2018-05-22T11:10:02+08:00 ] 127.0.0.1 /Public/Home/js/jquery-1.11.3.min.js
INFO: [ app_init ] --START--
INFO: Run Behavior\BuildLiteBehavior [ RunTime:0.000014s ]
INFO: [ app_init ] --END-- [ RunTime:0.000079s ]
INFO: [ app_begin ] --START--
INFO: Run Behavior\ReadHtmlCacheBehavior [ RunTime:0.000701s ]
INFO: [ app_begin ] --END-- [ RunTime:0.000757s ]
ERR: 无法加载控制器:Public

[ 2018-05-22T11:12:58+08:00 ] 127.0.0.1 /Index/index
INFO: [ app_init ] --START--
INFO: Run Behavior\BuildLiteBehavior [ RunTime:0.000013s ]
INFO: [ app_init ] --END-- [ RunTime:0.000071s ]
INFO: [ app_begin ] --START--
INFO: Run Behavior\ReadHtmlCacheBehavior [ RunTime:0.000780s ]
INFO: [ app_begin ] --END-- [ RunTime:0.000847s ]
NOTIC: [8192] mysql_connect(): The mysql extension is deprecated and will be removed in the future: use mysqli or PDO instead D:\XAMPP\htdocs\vhost\yikai.train.com\ThinkPHP\Library\Think\Db\Driver\Mysql.class.php 第 52 行.
SQL: SHOW COLUMNS FROM `train_date01_seat` [ RunTime:0.000653s ]
SQL: SELECT * FROM `train_date01_seat`  [ RunTime:0.000401s ]
SQL: SHOW COLUMNS FROM `train_date02_seat` [ RunTime:0.000511s ]
SQL: SELECT * FROM `train_date02_seat`  [ RunTime:0.000403s ]
SQL: SHOW COLUMNS FROM `train_date03_seat` [ RunTime:0.002188s ]
SQL: SELECT * FROM `train_date03_seat`  [ RunTime:0.000527s ]
SQL: SHOW COLUMNS FROM `train_date04_seat` [ RunTime:0.000651s ]
SQL: SELECT * FROM `train_date04_seat`  [ RunTime:0.000326s ]
SQL: SHOW COLUMNS FROM `train_date05_seat` [ RunTime:0.001846s ]
SQL: SELECT * FROM `train_date05_seat`  [ RunTime:0.000352s ]
SQL: SHOW COLUMNS FROM `train_date06_seat` [ RunTime:0.001717s ]
SQL: SELECT * FROM `train_date06_seat`  [ RunTime:0.000347s ]
SQL: SHOW COLUMNS FROM `train_date07_seat` [ RunTime:0.000553s ]
SQL: SELECT * FROM `train_date07_seat`  [ RunTime:0.000320s ]
INFO: [ view_parse ] --START--
INFO: [ template_filter ] --START--
INFO: Run Behavior\ContentReplaceBehavior [ RunTime:0.000105s ]
INFO: [ template_filter ] --END-- [ RunTime:0.000162s ]
INFO: Run Behavior\ParseTemplateBehavior [ RunTime:0.012989s ]
INFO: [ view_parse ] --END-- [ RunTime:0.013046s ]
INFO: [ view_filter ] --START--
INFO: Run Behavior\WriteHtmlCacheBehavior [ RunTime:0.000550s ]
INFO: [ view_filter ] --END-- [ RunTime:0.000588s ]
INFO: [ app_end ] --START--
INFO: Run Behavior\ShowPageTraceBehavior [ RunTime:0.000851s ]
INFO: [ app_end ] --END-- [ RunTime:0.000904s ]

[ 2018-05-22T11:12:58+08:00 ] 127.0.0.1 /Public/Home/js/jquery-1.11.3.min.js
INFO: [ app_init ] --START--
INFO: Run Behavior\BuildLiteBehavior [ RunTime:0.000016s ]
INFO: [ app_init ] --END-- [ RunTime:0.000082s ]
INFO: [ app_begin ] --START--
INFO: Run Behavior\ReadHtmlCacheBehavior [ RunTime:0.000676s ]
INFO: [ app_begin ] --END-- [ RunTime:0.000734s ]
ERR: 无法加载控制器:Public

[ 2018-05-22T11:12:58+08:00 ] 127.0.0.1 /Public/Home/js/jquery-1.11.3.min.js
INFO: [ app_init ] --START--
INFO: Run Behavior\BuildLiteBehavior [ RunTime:0.000019s ]
INFO: [ app_init ] --END-- [ RunTime:0.000112s ]
INFO: [ app_begin ] --START--
INFO: Run Behavior\ReadHtmlCacheBehavior [ RunTime:0.000665s ]
INFO: [ app_begin ] --END-- [ RunTime:0.000726s ]
ERR: 无法加载控制器:Public

[ 2018-05-22T11:13:10+08:00 ] 127.0.0.1 /Index/index
INFO: [ app_init ] --START--
INFO: Run Behavior\BuildLiteBehavior [ RunTime:0.000012s ]
INFO: [ app_init ] --END-- [ RunTime:0.000064s ]
INFO: [ app_begin ] --START--
INFO: Run Behavior\ReadHtmlCacheBehavior [ RunTime:0.000644s ]
INFO: [ app_begin ] --END-- [ RunTime:0.000693s ]
NOTIC: [8192] mysql_connect(): The mysql extension is deprecated and will be removed in the future: use mysqli or PDO instead D:\XAMPP\htdocs\vhost\yikai.train.com\ThinkPHP\Library\Think\Db\Driver\Mysql.class.php 第 52 行.
SQL: SHOW COLUMNS FROM `train_date01_seat` [ RunTime:0.000646s ]
SQL: SELECT * FROM `train_date01_seat`  [ RunTime:0.000397s ]
SQL: SHOW COLUMNS FROM `train_date02_seat` [ RunTime:0.000524s ]
SQL: SELECT * FROM `train_date02_seat`  [ RunTime:0.000500s ]
SQL: SHOW COLUMNS FROM `train_date03_seat` [ RunTime:0.000969s ]
SQL: SELECT * FROM `train_date03_seat`  [ RunTime:0.000370s ]
SQL: SHOW COLUMNS FROM `train_date04_seat` [ RunTime:0.000525s ]
SQL: SELECT * FROM `train_date04_seat`  [ RunTime:0.000319s ]
SQL: SHOW COLUMNS FROM `train_date05_seat` [ RunTime:0.000515s ]
SQL: SELECT * FROM `train_date05_seat`  [ RunTime:0.000317s ]
SQL: SHOW COLUMNS FROM `train_date06_seat` [ RunTime:0.000490s ]
SQL: SELECT * FROM `train_date06_seat`  [ RunTime:0.000303s ]
SQL: SHOW COLUMNS FROM `train_date07_seat` [ RunTime:0.000512s ]
SQL: SELECT * FROM `train_date07_seat`  [ RunTime:0.000307s ]
INFO: [ view_parse ] --START--
INFO: [ template_filter ] --START--
INFO: Run Behavior\ContentReplaceBehavior [ RunTime:0.000102s ]
INFO: [ template_filter ] --END-- [ RunTime:0.000155s ]
INFO: Run Behavior\ParseTemplateBehavior [ RunTime:0.012685s ]
INFO: [ view_parse ] --END-- [ RunTime:0.012750s ]
INFO: [ view_filter ] --START--
INFO: Run Behavior\WriteHtmlCacheBehavior [ RunTime:0.000510s ]
INFO: [ view_filter ] --END-- [ RunTime:0.000552s ]
INFO: [ app_end ] --START--
INFO: Run Behavior\ShowPageTraceBehavior [ RunTime:0.000774s ]
INFO: [ app_end ] --END-- [ RunTime:0.000828s ]

[ 2018-05-22T11:13:10+08:00 ] 127.0.0.1 /Public/Home/js/jquery-1.11.3.min.js
INFO: [ app_init ] --START--
INFO: Run Behavior\BuildLiteBehavior [ RunTime:0.000014s ]
INFO: [ app_init ] --END-- [ RunTime:0.000073s ]
INFO: [ app_begin ] --START--
INFO: Run Behavior\ReadHtmlCacheBehavior [ RunTime:0.000672s ]
INFO: [ app_begin ] --END-- [ RunTime:0.000728s ]
ERR: 无法加载控制器:Public

[ 2018-05-22T11:13:10+08:00 ] 127.0.0.1 /Public/Home/js/jquery-1.11.3.min.js
INFO: [ app_init ] --START--
INFO: Run Behavior\BuildLiteBehavior [ RunTime:0.000012s ]
INFO: [ app_init ] --END-- [ RunTime:0.000070s ]
INFO: [ app_begin ] --START--
INFO: Run Behavior\ReadHtmlCacheBehavior [ RunTime:0.000656s ]
INFO: [ app_begin ] --END-- [ RunTime:0.000730s ]
ERR: 无法加载控制器:Public

