[ 2018-05-20T11:14:41+08:00 ] 127.0.0.1 /Index/index
INFO: [ app_init ] --START--
INFO: Run Behavior\BuildLiteBehavior [ RunTime:0.000014s ]
INFO: [ app_init ] --END-- [ RunTime:0.000080s ]
INFO: [ app_begin ] --START--
INFO: Run Behavior\ReadHtmlCacheBehavior [ RunTime:0.000765s ]
INFO: [ app_begin ] --END-- [ RunTime:0.000824s ]
NOTIC: [8192] mysql_connect(): The mysql extension is deprecated and will be removed in the future: use mysqli or PDO instead D:\XAMPP\htdocs\vhost\yikai.train.com\ThinkPHP\Library\Think\Db\Driver\Mysql.class.php 第 52 行.
SQL: SHOW COLUMNS FROM `train_date01_seat` [ RunTime:0.001381s ]
SQL: SELECT * FROM `train_date01_seat`  [ RunTime:0.000529s ]
SQL: UPDATE `train_date01_seat` SET `date`='2018-05-20' WHERE `id` = 1 [ RunTime:0.104453s ]
SQL: UPDATE `train_date01_seat` SET `date`='2018-05-20' WHERE `id` = 2 [ RunTime:0.054557s ]
SQL: UPDATE `train_date01_seat` SET `date`='2018-05-20' WHERE `id` = 3 [ RunTime:0.055554s ]
SQL: UPDATE `train_date01_seat` SET `date`='2018-05-20' WHERE `id` = 4 [ RunTime:0.054129s ]
SQL: UPDATE `train_date01_seat` SET `date`='2018-05-20' WHERE `id` = 5 [ RunTime:0.045334s ]
SQL: UPDATE `train_date01_seat` SET `date`='2018-05-20' WHERE `id` = 6 [ RunTime:0.053628s ]
SQL: UPDATE `train_date01_seat` SET `date`='2018-05-20' WHERE `id` = 7 [ RunTime:0.066815s ]
SQL: UPDATE `train_date01_seat` SET `date`='2018-05-20' WHERE `id` = 8 [ RunTime:0.054542s ]
SQL: UPDATE `train_date01_seat` SET `date`='2018-05-20' WHERE `id` = 9 [ RunTime:0.044706s ]
SQL: UPDATE `train_date01_seat` SET `date`='2018-05-20' WHERE `id` = 10 [ RunTime:0.054833s ]
SQL: UPDATE `train_date01_seat` SET `date`='2018-05-20' WHERE `id` = 11 [ RunTime:0.055170s ]
SQL: UPDATE `train_date01_seat` SET `date`='2018-05-20' WHERE `id` = 12 [ RunTime:0.054424s ]
SQL: UPDATE `train_date01_seat` SET `date`='2018-05-20' WHERE `id` = 13 [ RunTime:0.055728s ]
SQL: UPDATE `train_date01_seat` SET `date`='2018-05-20' WHERE `id` = 14 [ RunTime:0.054513s ]
SQL: UPDATE `train_date01_seat` SET `date`='2018-05-20' WHERE `id` = 15 [ RunTime:0.110616s ]
SQL: UPDATE `train_date01_seat` SET `date`='2018-05-20' WHERE `id` = 16 [ RunTime:0.044606s ]
SQL: UPDATE `train_date01_seat` SET `date`='2018-05-20' WHERE `id` = 17 [ RunTime:0.065953s ]
SQL: UPDATE `train_date01_seat` SET `date`='2018-05-20' WHERE `id` = 18 [ RunTime:0.044410s ]
SQL: UPDATE `train_date01_seat` SET `date`='2018-05-20' WHERE `id` = 19 [ RunTime:0.054505s ]
SQL: UPDATE `train_date01_seat` SET `date`='2018-05-20' WHERE `id` = 20 [ RunTime:0.044541s ]
SQL: UPDATE `train_date01_seat` SET `date`='2018-05-20' WHERE `id` = 21 [ RunTime:0.043515s ]
SQL: UPDATE `train_date01_seat` SET `date`='2018-05-20' WHERE `id` = 22 [ RunTime:0.044857s ]
SQL: UPDATE `train_date01_seat` SET `date`='2018-05-20' WHERE `id` = 23 [ RunTime:0.132253s ]
SQL: UPDATE `train_date01_seat` SET `date`='2018-05-20' WHERE `id` = 24 [ RunTime:0.073875s ]
SQL: UPDATE `train_date01_seat` SET `date`='2018-05-20' WHERE `id` = 25 [ RunTime:0.046918s ]
SQL: UPDATE `train_date01_seat` SET `date`='2018-05-20' WHERE `id` = 26 [ RunTime:0.044545s ]
SQL: UPDATE `train_date01_seat` SET `date`='2018-05-20' WHERE `id` = 27 [ RunTime:0.054433s ]
SQL: UPDATE `train_date01_seat` SET `date`='2018-05-20' WHERE `id` = 28 [ RunTime:0.044693s ]
SQL: UPDATE `train_date01_seat` SET `date`='2018-05-20' WHERE `id` = 29 [ RunTime:0.054749s ]
SQL: UPDATE `train_date01_seat` SET `date`='2018-05-20' WHERE `id` = 30 [ RunTime:0.055124s ]
SQL: UPDATE `train_date01_seat` SET `date`='2018-05-20' WHERE `id` = 31 [ RunTime:0.054634s ]
SQL: UPDATE `train_date01_seat` SET `date`='2018-05-20' WHERE `id` = 32 [ RunTime:0.182424s ]
SQL: UPDATE `train_date01_seat` SET `date`='2018-05-20' WHERE `id` = 33 [ RunTime:0.072528s ]
SQL: UPDATE `train_date01_seat` SET `date`='2018-05-20' WHERE `id` = 34 [ RunTime:0.054572s ]
SQL: UPDATE `train_date01_seat` SET `date`='2018-05-20' WHERE `id` = 35 [ RunTime:0.044317s ]
SQL: UPDATE `train_date01_seat` SET `date`='2018-05-20' WHERE `id` = 36 [ RunTime:0.043873s ]
SQL: UPDATE `train_date01_seat` SET `date`='2018-05-20' WHERE `id` = 37 [ RunTime:0.044521s ]
SQL: UPDATE `train_date01_seat` SET `date`='2018-05-20' WHERE `id` = 38 [ RunTime:0.043436s ]
SQL: UPDATE `train_date01_seat` SET `date`='2018-05-20' WHERE `id` = 39 [ RunTime:0.044813s ]
SQL: UPDATE `train_date01_seat` SET `date`='2018-05-20' WHERE `id` = 40 [ RunTime:0.043646s ]
SQL: UPDATE `train_date01_seat` SET `date`='2018-05-20' WHERE `id` = 41 [ RunTime:0.044791s ]
SQL: UPDATE `train_date01_seat` SET `date`='2018-05-20' WHERE `id` = 42 [ RunTime:0.043863s ]
SQL: UPDATE `train_date01_seat` SET `date`='2018-05-20' WHERE `id` = 43 [ RunTime:0.044608s ]
SQL: UPDATE `train_date01_seat` SET `date`='2018-05-20' WHERE `id` = 44 [ RunTime:0.043755s ]
SQL: UPDATE `train_date01_seat` SET `date`='2018-05-20' WHERE `id` = 45 [ RunTime:0.044535s ]
SQL: UPDATE `train_date01_seat` SET `date`='2018-05-20' WHERE `id` = 46 [ RunTime:0.088104s ]
SQL: SHOW COLUMNS FROM `train_date02_seat` [ RunTime:0.003126s ]
SQL: SELECT * FROM `train_date02_seat`  [ RunTime:0.000544s ]
SQL: UPDATE `train_date02_seat` SET `date`='2018-05-21' WHERE `id` = 1 [ RunTime:0.103425s ]
SQL: UPDATE `train_date02_seat` SET `date`='2018-05-21' WHERE `id` = 2 [ RunTime:0.448158s ]
SQL: UPDATE `train_date02_seat` SET `date`='2018-05-21' WHERE `id` = 3 [ RunTime:0.183827s ]
SQL: UPDATE `train_date02_seat` SET `date`='2018-05-21' WHERE `id` = 4 [ RunTime:0.059780s ]
SQL: UPDATE `train_date02_seat` SET `date`='2018-05-21' WHERE `id` = 5 [ RunTime:0.054719s ]
SQL: UPDATE `train_date02_seat` SET `date`='2018-05-21' WHERE `id` = 6 [ RunTime:0.044415s ]
SQL: UPDATE `train_date02_seat` SET `date`='2018-05-21' WHERE `id` = 7 [ RunTime:0.054619s ]
SQL: UPDATE `train_date02_seat` SET `date`='2018-05-21' WHERE `id` = 8 [ RunTime:0.044561s ]
SQL: UPDATE `train_date02_seat` SET `date`='2018-05-21' WHERE `id` = 9 [ RunTime:0.054528s ]
SQL: UPDATE `train_date02_seat` SET `date`='2018-05-21' WHERE `id` = 10 [ RunTime:0.056129s ]
SQL: UPDATE `train_date02_seat` SET `date`='2018-05-21' WHERE `id` = 22 [ RunTime:0.098707s ]
SQL: UPDATE `train_date02_seat` SET `date`='2018-05-21' WHERE `id` = 23 [ RunTime:0.066174s ]
SQL: UPDATE `train_date02_seat` SET `date`='2018-05-21' WHERE `id` = 24 [ RunTime:0.084475s ]
SQL: UPDATE `train_date02_seat` SET `date`='2018-05-21' WHERE `id` = 25 [ RunTime:0.103591s ]
SQL: UPDATE `train_date02_seat` SET `date`='2018-05-21' WHERE `id` = 26 [ RunTime:0.121121s ]
SQL: UPDATE `train_date02_seat` SET `date`='2018-05-21' WHERE `id` = 27 [ RunTime:0.100674s ]
SQL: UPDATE `train_date02_seat` SET `date`='2018-05-21' WHERE `id` = 28 [ RunTime:0.227994s ]
SQL: UPDATE `train_date02_seat` SET `date`='2018-05-21' WHERE `id` = 29 [ RunTime:0.048148s ]
SQL: UPDATE `train_date02_seat` SET `date`='2018-05-21' WHERE `id` = 30 [ RunTime:0.054537s ]
SQL: UPDATE `train_date02_seat` SET `date`='2018-05-21' WHERE `id` = 31 [ RunTime:0.044671s ]
SQL: UPDATE `train_date02_seat` SET `date`='2018-05-21' WHERE `id` = 32 [ RunTime:0.054600s ]
SQL: UPDATE `train_date02_seat` SET `date`='2018-05-21' WHERE `id` = 33 [ RunTime:0.107871s ]
SQL: UPDATE `train_date02_seat` SET `date`='2018-05-21' WHERE `id` = 34 [ RunTime:0.177052s ]
SQL: UPDATE `train_date02_seat` SET `date`='2018-05-21' WHERE `id` = 35 [ RunTime:0.046118s ]
SQL: UPDATE `train_date02_seat` SET `date`='2018-05-21' WHERE `id` = 36 [ RunTime:0.067143s ]
SQL: UPDATE `train_date02_seat` SET `date`='2018-05-21' WHERE `id` = 37 [ RunTime:0.054725s ]
SQL: UPDATE `train_date02_seat` SET `date`='2018-05-21' WHERE `id` = 38 [ RunTime:0.089345s ]
SQL: UPDATE `train_date02_seat` SET `date`='2018-05-21' WHERE `id` = 39 [ RunTime:0.099171s ]
SQL: UPDATE `train_date02_seat` SET `date`='2018-05-21' WHERE `id` = 40 [ RunTime:0.089349s ]
SQL: UPDATE `train_date02_seat` SET `date`='2018-05-21' WHERE `id` = 41 [ RunTime:0.088043s ]
SQL: UPDATE `train_date02_seat` SET `date`='2018-05-21' WHERE `id` = 42 [ RunTime:0.066812s ]
SQL: UPDATE `train_date02_seat` SET `date`='2018-05-21' WHERE `id` = 43 [ RunTime:0.065947s ]
SQL: UPDATE `train_date02_seat` SET `date`='2018-05-21' WHERE `id` = 44 [ RunTime:0.078073s ]
SQL: UPDATE `train_date02_seat` SET `date`='2018-05-21' WHERE `id` = 45 [ RunTime:0.099416s ]
SQL: UPDATE `train_date02_seat` SET `date`='2018-05-21' WHERE `id` = 46 [ RunTime:0.066288s ]
SQL: UPDATE `train_date02_seat` SET `date`='2018-05-21' WHERE `id` = 47 [ RunTime:0.076836s ]
SQL: UPDATE `train_date02_seat` SET `date`='2018-05-21' WHERE `id` = 48 [ RunTime:0.112801s ]
SQL: UPDATE `train_date02_seat` SET `date`='2018-05-21' WHERE `id` = 49 [ RunTime:0.052607s ]
SQL: UPDATE `train_date02_seat` SET `date`='2018-05-21' WHERE `id` = 50 [ RunTime:0.044752s ]
SQL: UPDATE `train_date02_seat` SET `date`='2018-05-21' WHERE `id` = 51 [ RunTime:0.043574s ]
SQL: UPDATE `train_date02_seat` SET `date`='2018-05-21' WHERE `id` = 52 [ RunTime:0.044865s ]
SQL: UPDATE `train_date02_seat` SET `date`='2018-05-21' WHERE `id` = 53 [ RunTime:0.043656s ]
SQL: UPDATE `train_date02_seat` SET `date`='2018-05-21' WHERE `id` = 54 [ RunTime:0.066544s ]
SQL: UPDATE `train_date02_seat` SET `date`='2018-05-21' WHERE `id` = 55 [ RunTime:0.043653s ]
SQL: UPDATE `train_date02_seat` SET `date`='2018-05-21' WHERE `id` = 56 [ RunTime:0.044999s ]
SQL: UPDATE `train_date02_seat` SET `date`='2018-05-21' WHERE `id` = 57 [ RunTime:0.043443s ]
SQL: SHOW COLUMNS FROM `train_date03_seat` [ RunTime:0.008844s ]
SQL: SELECT * FROM `train_date03_seat`  [ RunTime:0.007515s ]
SQL: UPDATE `train_date03_seat` SET `date`='2018-05-22' WHERE `id` = 1 [ RunTime:0.049430s ]
SQL: UPDATE `train_date03_seat` SET `date`='2018-05-22' WHERE `id` = 2 [ RunTime:0.121224s ]
SQL: UPDATE `train_date03_seat` SET `date`='2018-05-22' WHERE `id` = 3 [ RunTime:0.110725s ]
SQL: UPDATE `train_date03_seat` SET `date`='2018-05-22' WHERE `id` = 4 [ RunTime:0.110695s ]
SQL: UPDATE `train_date03_seat` SET `date`='2018-05-22' WHERE `id` = 5 [ RunTime:0.110864s ]
SQL: UPDATE `train_date03_seat` SET `date`='2018-05-22' WHERE `id` = 6 [ RunTime:0.065750s ]
SQL: UPDATE `train_date03_seat` SET `date`='2018-05-22' WHERE `id` = 7 [ RunTime:0.096784s ]
SQL: UPDATE `train_date03_seat` SET `date`='2018-05-22' WHERE `id` = 8 [ RunTime:0.114911s ]
SQL: UPDATE `train_date03_seat` SET `date`='2018-05-22' WHERE `id` = 9 [ RunTime:0.076670s ]
SQL: UPDATE `train_date03_seat` SET `date`='2018-05-22' WHERE `id` = 10 [ RunTime:0.054222s ]
SQL: UPDATE `train_date03_seat` SET `date`='2018-05-22' WHERE `id` = 11 [ RunTime:0.055518s ]
SQL: UPDATE `train_date03_seat` SET `date`='2018-05-22' WHERE `id` = 12 [ RunTime:0.043639s ]
SQL: UPDATE `train_date03_seat` SET `date`='2018-05-22' WHERE `id` = 13 [ RunTime:0.044163s ]
SQL: UPDATE `train_date03_seat` SET `date`='2018-05-22' WHERE `id` = 14 [ RunTime:0.043381s ]
SQL: UPDATE `train_date03_seat` SET `date`='2018-05-22' WHERE `id` = 15 [ RunTime:0.044803s ]
SQL: UPDATE `train_date03_seat` SET `date`='2018-05-22' WHERE `id` = 16 [ RunTime:0.132736s ]
SQL: UPDATE `train_date03_seat` SET `date`='2018-05-22' WHERE `id` = 17 [ RunTime:0.055677s ]
SQL: UPDATE `train_date03_seat` SET `date`='2018-05-22' WHERE `id` = 18 [ RunTime:0.053704s ]
SQL: UPDATE `train_date03_seat` SET `date`='2018-05-22' WHERE `id` = 19 [ RunTime:0.067182s ]
SQL: UPDATE `train_date03_seat` SET `date`='2018-05-22' WHERE `id` = 20 [ RunTime:0.073944s ]
SQL: UPDATE `train_date03_seat` SET `date`='2018-05-22' WHERE `id` = 21 [ RunTime:0.092231s ]
SQL: UPDATE `train_date03_seat` SET `date`='2018-05-22' WHERE `id` = 22 [ RunTime:0.088179s ]
SQL: UPDATE `train_date03_seat` SET `date`='2018-05-22' WHERE `id` = 23 [ RunTime:0.111397s ]
SQL: UPDATE `train_date03_seat` SET `date`='2018-05-22' WHERE `id` = 24 [ RunTime:0.232546s ]
SQL: UPDATE `train_date03_seat` SET `date`='2018-05-22' WHERE `id` = 25 [ RunTime:0.089598s ]
SQL: UPDATE `train_date03_seat` SET `date`='2018-05-22' WHERE `id` = 26 [ RunTime:0.158954s ]
SQL: UPDATE `train_date03_seat` SET `date`='2018-05-22' WHERE `id` = 27 [ RunTime:0.446829s ]
SQL: UPDATE `train_date03_seat` SET `date`='2018-05-22' WHERE `id` = 28 [ RunTime:0.115092s ]
SQL: UPDATE `train_date03_seat` SET `date`='2018-05-22' WHERE `id` = 29 [ RunTime:0.088320s ]
SQL: UPDATE `train_date03_seat` SET `date`='2018-05-22' WHERE `id` = 30 [ RunTime:0.054491s ]
SQL: UPDATE `train_date03_seat` SET `date`='2018-05-22' WHERE `id` = 31 [ RunTime:0.058684s ]
SQL: UPDATE `train_date03_seat` SET `date`='2018-05-22' WHERE `id` = 32 [ RunTime:0.062859s ]
SQL: UPDATE `train_date03_seat` SET `date`='2018-05-22' WHERE `id` = 33 [ RunTime:0.106781s ]
SQL: SHOW COLUMNS FROM `train_date04_seat` [ RunTime:0.073590s ]
SQL: SELECT * FROM `train_date04_seat`  [ RunTime:0.000853s ]
SQL: UPDATE `train_date04_seat` SET `date`='2018-05-23' WHERE `id` = 1 [ RunTime:0.105311s ]
SQL: UPDATE `train_date04_seat` SET `date`='2018-05-23' WHERE `id` = 2 [ RunTime:0.130858s ]
SQL: UPDATE `train_date04_seat` SET `date`='2018-05-23' WHERE `id` = 3 [ RunTime:0.111297s ]
SQL: UPDATE `train_date04_seat` SET `date`='2018-05-23' WHERE `id` = 4 [ RunTime:0.066386s ]
SQL: UPDATE `train_date04_seat` SET `date`='2018-05-23' WHERE `id` = 5 [ RunTime:0.043311s ]
SQL: UPDATE `train_date04_seat` SET `date`='2018-05-23' WHERE `id` = 6 [ RunTime:0.055559s ]
SQL: UPDATE `train_date04_seat` SET `date`='2018-05-23' WHERE `id` = 7 [ RunTime:0.043467s ]
SQL: UPDATE `train_date04_seat` SET `date`='2018-05-23' WHERE `id` = 8 [ RunTime:0.100080s ]
SQL: UPDATE `train_date04_seat` SET `date`='2018-05-23' WHERE `id` = 9 [ RunTime:0.053963s ]
SQL: UPDATE `train_date04_seat` SET `date`='2018-05-23' WHERE `id` = 10 [ RunTime:0.044623s ]
SQL: UPDATE `train_date04_seat` SET `date`='2018-05-23' WHERE `id` = 11 [ RunTime:0.043360s ]
SQL: UPDATE `train_date04_seat` SET `date`='2018-05-23' WHERE `id` = 12 [ RunTime:0.132734s ]
SQL: UPDATE `train_date04_seat` SET `date`='2018-05-23' WHERE `id` = 13 [ RunTime:0.066260s ]
SQL: UPDATE `train_date04_seat` SET `date`='2018-05-23' WHERE `id` = 14 [ RunTime:0.099731s ]
SQL: UPDATE `train_date04_seat` SET `date`='2018-05-23' WHERE `id` = 15 [ RunTime:0.053501s ]
SQL: UPDATE `train_date04_seat` SET `date`='2018-05-23' WHERE `id` = 16 [ RunTime:0.044289s ]
SQL: UPDATE `train_date04_seat` SET `date`='2018-05-23' WHERE `id` = 17 [ RunTime:0.043487s ]
SQL: UPDATE `train_date04_seat` SET `date`='2018-05-23' WHERE `id` = 18 [ RunTime:0.044951s ]
SQL: UPDATE `train_date04_seat` SET `date`='2018-05-23' WHERE `id` = 19 [ RunTime:0.043369s ]
SQL: UPDATE `train_date04_seat` SET `date`='2018-05-23' WHERE `id` = 20 [ RunTime:0.044751s ]
SQL: UPDATE `train_date04_seat` SET `date`='2018-05-23' WHERE `id` = 21 [ RunTime:0.054451s ]
SQL: UPDATE `train_date04_seat` SET `date`='2018-05-23' WHERE `id` = 22 [ RunTime:0.044871s ]
SQL: UPDATE `train_date04_seat` SET `date`='2018-05-23' WHERE `id` = 23 [ RunTime:0.043892s ]
SQL: UPDATE `train_date04_seat` SET `date`='2018-05-23' WHERE `id` = 24 [ RunTime:0.044428s ]
SQL: UPDATE `train_date04_seat` SET `date`='2018-05-23' WHERE `id` = 25 [ RunTime:0.043983s ]
SQL: SHOW COLUMNS FROM `train_date05_seat` [ RunTime:0.002099s ]
SQL: SELECT * FROM `train_date05_seat`  [ RunTime:0.010530s ]
SQL: UPDATE `train_date05_seat` SET `date`='2018-05-24' WHERE `id` = 1 [ RunTime:0.053814s ]
SQL: UPDATE `train_date05_seat` SET `date`='2018-05-24' WHERE `id` = 2 [ RunTime:0.043257s ]
SQL: UPDATE `train_date05_seat` SET `date`='2018-05-24' WHERE `id` = 3 [ RunTime:0.044787s ]
SQL: UPDATE `train_date05_seat` SET `date`='2018-05-24' WHERE `id` = 4 [ RunTime:0.043299s ]
SQL: UPDATE `train_date05_seat` SET `date`='2018-05-24' WHERE `id` = 5 [ RunTime:0.099635s ]
SQL: UPDATE `train_date05_seat` SET `date`='2018-05-24' WHERE `id` = 6 [ RunTime:0.133253s ]
SQL: UPDATE `train_date05_seat` SET `date`='2018-05-24' WHERE `id` = 7 [ RunTime:0.044752s ]
SQL: UPDATE `train_date05_seat` SET `date`='2018-05-24' WHERE `id` = 8 [ RunTime:0.054401s ]
SQL: UPDATE `train_date05_seat` SET `date`='2018-05-24' WHERE `id` = 9 [ RunTime:0.133470s ]
SQL: UPDATE `train_date05_seat` SET `date`='2018-05-24' WHERE `id` = 10 [ RunTime:0.132663s ]
SQL: UPDATE `train_date05_seat` SET `date`='2018-05-24' WHERE `id` = 11 [ RunTime:0.137966s ]
SQL: UPDATE `train_date05_seat` SET `date`='2018-05-24' WHERE `id` = 12 [ RunTime:0.122012s ]
SQL: UPDATE `train_date05_seat` SET `date`='2018-05-24' WHERE `id` = 13 [ RunTime:0.071847s ]
SQL: UPDATE `train_date05_seat` SET `date`='2018-05-24' WHERE `id` = 14 [ RunTime:0.054260s ]
SQL: UPDATE `train_date05_seat` SET `date`='2018-05-24' WHERE `id` = 15 [ RunTime:0.110521s ]
SQL: UPDATE `train_date05_seat` SET `date`='2018-05-24' WHERE `id` = 16 [ RunTime:0.066176s ]
SQL: UPDATE `train_date05_seat` SET `date`='2018-05-24' WHERE `id` = 17 [ RunTime:0.044588s ]
SQL: UPDATE `train_date05_seat` SET `date`='2018-05-24' WHERE `id` = 18 [ RunTime:0.043344s ]
SQL: UPDATE `train_date05_seat` SET `date`='2018-05-24' WHERE `id` = 19 [ RunTime:0.044579s ]
SQL: UPDATE `train_date05_seat` SET `date`='2018-05-24' WHERE `id` = 20 [ RunTime:0.054451s ]
SQL: UPDATE `train_date05_seat` SET `date`='2018-05-24' WHERE `id` = 21 [ RunTime:0.044623s ]
SQL: UPDATE `train_date05_seat` SET `date`='2018-05-24' WHERE `id` = 22 [ RunTime:0.054410s ]
SQL: UPDATE `train_date05_seat` SET `date`='2018-05-24' WHERE `id` = 23 [ RunTime:0.044721s ]
SQL: UPDATE `train_date05_seat` SET `date`='2018-05-24' WHERE `id` = 24 [ RunTime:0.054347s ]
SQL: UPDATE `train_date05_seat` SET `date`='2018-05-24' WHERE `id` = 25 [ RunTime:0.044569s ]
SQL: UPDATE `train_date05_seat` SET `date`='2018-05-24' WHERE `id` = 26 [ RunTime:0.043429s ]
SQL: SHOW COLUMNS FROM `train_date06_seat` [ RunTime:0.001680s ]
SQL: SELECT * FROM `train_date06_seat`  [ RunTime:0.000847s ]
SQL: UPDATE `train_date06_seat` SET `date`='2018-05-25' WHERE `id` = 1 [ RunTime:0.052378s ]
SQL: UPDATE `train_date06_seat` SET `date`='2018-05-25' WHERE `id` = 2 [ RunTime:0.110297s ]
SQL: UPDATE `train_date06_seat` SET `date`='2018-05-25' WHERE `id` = 3 [ RunTime:0.141207s ]
SQL: UPDATE `train_date06_seat` SET `date`='2018-05-25' WHERE `id` = 4 [ RunTime:0.113271s ]
SQL: UPDATE `train_date06_seat` SET `date`='2018-05-25' WHERE `id` = 5 [ RunTime:0.146884s ]
SQL: UPDATE `train_date06_seat` SET `date`='2018-05-25' WHERE `id` = 6 [ RunTime:0.063413s ]
SQL: UPDATE `train_date06_seat` SET `date`='2018-05-25' WHERE `id` = 7 [ RunTime:0.088892s ]
SQL: UPDATE `train_date06_seat` SET `date`='2018-05-25' WHERE `id` = 8 [ RunTime:0.065799s ]
SQL: UPDATE `train_date06_seat` SET `date`='2018-05-25' WHERE `id` = 9 [ RunTime:0.044727s ]
SQL: UPDATE `train_date06_seat` SET `date`='2018-05-25' WHERE `id` = 10 [ RunTime:0.043564s ]
SQL: UPDATE `train_date06_seat` SET `date`='2018-05-25' WHERE `id` = 11 [ RunTime:0.045142s ]
SQL: UPDATE `train_date06_seat` SET `date`='2018-05-25' WHERE `id` = 12 [ RunTime:0.043220s ]
SQL: UPDATE `train_date06_seat` SET `date`='2018-05-25' WHERE `id` = 13 [ RunTime:0.044754s ]
SQL: UPDATE `train_date06_seat` SET `date`='2018-05-25' WHERE `id` = 14 [ RunTime:0.043677s ]
SQL: UPDATE `train_date06_seat` SET `date`='2018-05-25' WHERE `id` = 15 [ RunTime:0.044736s ]
SQL: UPDATE `train_date06_seat` SET `date`='2018-05-25' WHERE `id` = 16 [ RunTime:0.043617s ]
SQL: UPDATE `train_date06_seat` SET `date`='2018-05-25' WHERE `id` = 17 [ RunTime:0.044850s ]
SQL: UPDATE `train_date06_seat` SET `date`='2018-05-25' WHERE `id` = 18 [ RunTime:0.043600s ]
SQL: UPDATE `train_date06_seat` SET `date`='2018-05-25' WHERE `id` = 19 [ RunTime:0.044784s ]
SQL: UPDATE `train_date06_seat` SET `date`='2018-05-25' WHERE `id` = 20 [ RunTime:0.043656s ]
SQL: UPDATE `train_date06_seat` SET `date`='2018-05-25' WHERE `id` = 21 [ RunTime:0.044957s ]
SQL: UPDATE `train_date06_seat` SET `date`='2018-05-25' WHERE `id` = 22 [ RunTime:0.123700s ]
SQL: UPDATE `train_date06_seat` SET `date`='2018-05-25' WHERE `id` = 23 [ RunTime:0.064334s ]
SQL: UPDATE `train_date06_seat` SET `date`='2018-05-25' WHERE `id` = 24 [ RunTime:0.153559s ]
SQL: UPDATE `train_date06_seat` SET `date`='2018-05-25' WHERE `id` = 25 [ RunTime:0.089667s ]
SQL: UPDATE `train_date06_seat` SET `date`='2018-05-25' WHERE `id` = 26 [ RunTime:0.073854s ]
SQL: SHOW COLUMNS FROM `train_date07_seat` [ RunTime:0.004473s ]
SQL: SELECT * FROM `train_date07_seat`  [ RunTime:0.000903s ]
SQL: UPDATE `train_date07_seat` SET `date`='2018-05-26' WHERE `id` = 1 [ RunTime:0.052247s ]
SQL: UPDATE `train_date07_seat` SET `date`='2018-05-26' WHERE `id` = 2 [ RunTime:0.054469s ]
SQL: UPDATE `train_date07_seat` SET `date`='2018-05-26' WHERE `id` = 3 [ RunTime:0.044622s ]
SQL: UPDATE `train_date07_seat` SET `date`='2018-05-26' WHERE `id` = 4 [ RunTime:0.043288s ]
SQL: UPDATE `train_date07_seat` SET `date`='2018-05-26' WHERE `id` = 5 [ RunTime:0.044625s ]
SQL: UPDATE `train_date07_seat` SET `date`='2018-05-26' WHERE `id` = 6 [ RunTime:0.043444s ]
SQL: UPDATE `train_date07_seat` SET `date`='2018-05-26' WHERE `id` = 7 [ RunTime:0.044599s ]
SQL: UPDATE `train_date07_seat` SET `date`='2018-05-26' WHERE `id` = 8 [ RunTime:0.043993s ]
SQL: UPDATE `train_date07_seat` SET `date`='2018-05-26' WHERE `id` = 9 [ RunTime:0.154926s ]
SQL: UPDATE `train_date07_seat` SET `date`='2018-05-26' WHERE `id` = 10 [ RunTime:0.088472s ]
SQL: UPDATE `train_date07_seat` SET `date`='2018-05-26' WHERE `id` = 11 [ RunTime:0.066395s ]
SQL: UPDATE `train_date07_seat` SET `date`='2018-05-26' WHERE `id` = 12 [ RunTime:0.054392s ]
SQL: UPDATE `train_date07_seat` SET `date`='2018-05-26' WHERE `id` = 13 [ RunTime:0.044967s ]
SQL: UPDATE `train_date07_seat` SET `date`='2018-05-26' WHERE `id` = 14 [ RunTime:0.054013s ]
SQL: UPDATE `train_date07_seat` SET `date`='2018-05-26' WHERE `id` = 15 [ RunTime:0.099150s ]
SQL: UPDATE `train_date07_seat` SET `date`='2018-05-26' WHERE `id` = 16 [ RunTime:0.074798s ]
SQL: UPDATE `train_date07_seat` SET `date`='2018-05-26' WHERE `id` = 17 [ RunTime:0.091434s ]
SQL: UPDATE `train_date07_seat` SET `date`='2018-05-26' WHERE `id` = 18 [ RunTime:0.097083s ]
SQL: UPDATE `train_date07_seat` SET `date`='2018-05-26' WHERE `id` = 19 [ RunTime:0.080641s ]
SQL: UPDATE `train_date07_seat` SET `date`='2018-05-26' WHERE `id` = 20 [ RunTime:0.066640s ]
SQL: UPDATE `train_date07_seat` SET `date`='2018-05-26' WHERE `id` = 21 [ RunTime:0.065208s ]
SQL: UPDATE `train_date07_seat` SET `date`='2018-05-26' WHERE `id` = 22 [ RunTime:0.066902s ]
SQL: UPDATE `train_date07_seat` SET `date`='2018-05-26' WHERE `id` = 23 [ RunTime:0.113564s ]
SQL: UPDATE `train_date07_seat` SET `date`='2018-05-26' WHERE `id` = 24 [ RunTime:0.063403s ]
SQL: UPDATE `train_date07_seat` SET `date`='2018-05-26' WHERE `id` = 25 [ RunTime:0.043290s ]
INFO: [ view_parse ] --START--
INFO: [ template_filter ] --START--
INFO: Run Behavior\ContentReplaceBehavior [ RunTime:0.000239s ]
INFO: [ template_filter ] --END-- [ RunTime:0.000371s ]
INFO: Run Behavior\ParseTemplateBehavior [ RunTime:0.027337s ]
INFO: [ view_parse ] --END-- [ RunTime:0.027445s ]
INFO: [ view_filter ] --START--
INFO: Run Behavior\WriteHtmlCacheBehavior [ RunTime:0.000762s ]
INFO: [ view_filter ] --END-- [ RunTime:0.000823s ]
INFO: [ app_end ] --START--
INFO: Run Behavior\ShowPageTraceBehavior [ RunTime:0.001217s ]
INFO: [ app_end ] --END-- [ RunTime:0.001303s ]

[ 2018-05-20T11:14:41+08:00 ] 127.0.0.1 /Public/Home/js/jquery-1.11.3.min.js
INFO: [ app_init ] --START--
INFO: Run Behavior\BuildLiteBehavior [ RunTime:0.000021s ]
INFO: [ app_init ] --END-- [ RunTime:0.000130s ]
INFO: [ app_begin ] --START--
INFO: Run Behavior\ReadHtmlCacheBehavior [ RunTime:0.000719s ]
INFO: [ app_begin ] --END-- [ RunTime:0.000788s ]
ERR: 无法加载控制器:Public

[ 2018-05-20T11:14:41+08:00 ] 127.0.0.1 /Public/Home/js/jquery-1.11.3.min.js
INFO: [ app_init ] --START--
INFO: Run Behavior\BuildLiteBehavior [ RunTime:0.000012s ]
INFO: [ app_init ] --END-- [ RunTime:0.000068s ]
INFO: [ app_begin ] --START--
INFO: Run Behavior\ReadHtmlCacheBehavior [ RunTime:0.000595s ]
INFO: [ app_begin ] --END-- [ RunTime:0.000643s ]
ERR: 无法加载控制器:Public

